2023-02-16 07:05:02 [INFO] __main__: Product:
~~~Telegram-bot for quick reminders~~~
VERSION: 1.1.3
LAST_UPDATE: 2023-02-16 07:05:02
The product is not commercial
Developed by Yastrah
GitHub: https://github.com/Yastrah
2023-02-16 07:05:02 [INFO] aiogram: Bot: Euclid Assistant [@EuclidAssistantBot]
2023-02-16 07:05:02 [WARNING] aiogram: Updates were skipped successfully.
2023-02-16 07:05:02 [INFO] __main__: Bot commands have been set.
2023-02-16 07:05:02 [INFO] __main__: Start schedule process.
2023-02-16 07:05:02 [INFO] aiogram.dispatcher.dispatcher: Start polling.
2023-02-16 10:30:30 [DEBUG] bot.handlers.messages: Created reminder:
	 chat_id: 1990672413, reminder_id: 3, time: 16/02/2023 11:30, text: ןנמוךעםא הועוכםמסע
2023-02-16 11:30:19 [INFO] bot.send_reminders: Reminder sent successfully to user 1990672413.
	Text: ןנמוךעםא הועוכםמסע
2023-02-16 12:10:19 [DEBUG] bot.handlers.admin: Admin 1990672413 got users in database.
2023-02-16 12:10:29 [DEBUG] bot.handlers.messages: Reminder handling: can not find requirement arguments.
2023-02-16 12:10:44 [DEBUG] bot.handlers.messages: Created reminder:
	 chat_id: 740736853, reminder_id: 1, time: 17/02/2023 25:00, text: 1
2023-02-16 12:10:44 [DEBUG] bot.handlers.messages: Created reminder:
	 chat_id: 619575575, reminder_id: 1, time: 17/02/2023 12:15, text: ןנמוךע כוךסאםהנא (‗נמסכאגא) טלמרוםךמ
2023-02-16 12:11:18 [DEBUG] bot.handlers.messages: Created reminder:
	 chat_id: 740736853, reminder_id: 2, time: 17/02/2023 12:00, text: 1
2023-02-16 12:11:39 [DEBUG] bot.logic.date_converter: Warning: day is out of range for month
2023-02-16 12:11:39 [DEBUG] bot.handlers.messages: Wrong date input, chat_id: 740736853
2023-02-16 12:11:44 [ERROR] bot.handlers.errors: Found exception with user 740736853!!!
	Exception: '91' is not in list
2023-02-16 12:11:47 [DEBUG] bot.handlers.messages: Reminder handling: can not find requirement arguments.
2023-02-16 12:11:51 [DEBUG] bot.handlers.messages: Reminder handling: can not find requirement arguments.
2023-02-16 12:11:51 [DEBUG] bot.handlers.messages: Trying to create reminder on the past date, chat_id: 740736853
2023-02-16 12:12:09 [DEBUG] bot.handlers.messages: Reminder handling: can not find requirement arguments.
2023-02-16 12:12:11 [DEBUG] bot.logic.date_converter: Warning: day is out of range for month
2023-02-16 12:12:11 [DEBUG] bot.handlers.messages: Wrong date input, chat_id: 740736853
2023-02-16 12:12:12 [DEBUG] bot.handlers.admin: Admin 1990672413 got users in database.
2023-02-16 12:12:19 [ERROR] bot.handlers.errors: Found exception with user 1661547305!!!
	Exception: '2' is not in list
2023-02-16 12:12:19 [DEBUG] bot.handlers.messages: Created reminder:
	 chat_id: 740736853, reminder_id: 3, time: 20/02/2023 18:00, text: 8282939493948488484747475757575757ו8ו
2023-02-16 12:12:28 [DEBUG] bot.handlers.messages: Created reminder:
	 chat_id: 740736853, reminder_id: 4, time: 20/02/2023 19:00, text: 9999393929393838383837838474
2023-02-16 12:12:33 [DEBUG] bot.handlers.messages: Trying to create reminder on the past date, chat_id: 1661547305
2023-02-16 12:12:38 [DEBUG] bot.handlers.messages: Trying to create reminder on the past date, chat_id: 1661547305
2023-02-16 12:12:42 [DEBUG] bot.handlers.messages: Created reminder:
	 chat_id: 740736853, reminder_id: 5, time: 20/02/2023 1:00, text: ו
2023-02-16 12:12:42 [DEBUG] bot.handlers.messages: Trying to create reminder on the past date, chat_id: 1661547305
2023-02-16 12:12:44 [WARNING] bot.logic.search_engine: Reminder handling error!
2023-02-16 12:12:44 [DEBUG] bot.handlers.messages: Reminder handling: can not find requirement arguments.
2023-02-16 12:12:50 [DEBUG] bot.handlers.messages: Trying to create reminder on the past date, chat_id: 1661547305
2023-02-16 12:13:00 [DEBUG] bot.handlers.messages: Trying to create reminder on the past date, chat_id: 1661547305
2023-02-16 12:13:13 [DEBUG] bot.handlers.messages: Created reminder:
	 chat_id: 1661547305, reminder_id: 1, time: 26/02/2023 02:00, text: 2023
2023-02-16 12:14:24 [ERROR] bot.handlers.errors: Found exception with user 1661547305!!!
	Exception: list index out of range
2023-02-16 12:14:29 [DEBUG] bot.handlers.messages: Trying to create reminder on the past date, chat_id: 740736853
2023-02-16 12:14:33 [WARNING] bot.logic.search_engine: Reminder handling error!
2023-02-16 12:14:33 [DEBUG] bot.handlers.messages: Reminder handling: can not find requirement arguments.
2023-02-16 12:14:39 [WARNING] bot.logic.search_engine: Reminder handling error!
2023-02-16 12:14:39 [DEBUG] bot.handlers.messages: Reminder handling: can not find requirement arguments.
2023-02-16 12:14:41 [DEBUG] bot.handlers.messages: Created reminder:
	 chat_id: 740736853, reminder_id: 6, time: 20/02/2023 13:00, text: ;" SELECT *
2023-02-16 12:14:43 [WARNING] bot.logic.search_engine: Reminder handling error!
2023-02-16 12:14:43 [DEBUG] bot.handlers.messages: Reminder handling: can not find requirement arguments.
2023-02-16 12:14:49 [DEBUG] bot.handlers.messages: Reminder handling: can not find requirement arguments.
2023-02-16 12:15:01 [DEBUG] bot.handlers.messages: Created reminder:
	 chat_id: 740736853, reminder_id: 7, time: 20/02/2023 13:00, text: "; SELECT *
2023-02-16 12:15:17 [WARNING] bot.logic.search_engine: Reminder handling error!
2023-02-16 12:15:17 [DEBUG] bot.handlers.messages: Reminder handling: can not find requirement arguments.
2023-02-16 12:15:24 [DEBUG] bot.handlers.messages: Reminder handling: can not find requirement arguments.
2023-02-16 12:15:28 [DEBUG] bot.handlers.messages: Reminder handling: can not find requirement arguments.
2023-02-16 12:15:43 [DEBUG] bot.handlers.messages: Reminder handling: can not find requirement arguments.
2023-02-16 12:16:01 [DEBUG] bot.logic.date_converter: Warning: day is out of range for month
2023-02-16 12:16:01 [DEBUG] bot.handlers.messages: Wrong date input, chat_id: 619575575
2023-02-16 12:16:58 [ERROR] bot.handlers.errors: Found exception with user 740736853!!!
	Exception: Message is too long
2023-02-16 12:16:58 [ERROR] bot.handlers.errors: Found exception with user 740736853!!!
	Exception: Message is too long
2023-02-16 12:16:58 [ERROR] bot.handlers.errors: Found exception with user 740736853!!!
	Exception: Message is too long
2023-02-16 12:16:58 [ERROR] bot.handlers.errors: Found exception with user 740736853!!!
	Exception: Message is too long
2023-02-16 12:16:58 [ERROR] bot.handlers.errors: Found exception with user 740736853!!!
	Exception: Message is too long
2023-02-16 12:16:58 [ERROR] bot.handlers.errors: Found exception with user 740736853!!!
	Exception: Message is too long
2023-02-16 12:16:58 [ERROR] bot.handlers.errors: Found exception with user 740736853!!!
	Exception: Message is too long
2023-02-16 12:16:59 [ERROR] bot.handlers.errors: Found exception with user 740736853!!!
	Exception: Message is too long
2023-02-16 12:16:59 [ERROR] bot.handlers.errors: Found exception with user 740736853!!!
	Exception: Message is too long
2023-02-16 12:17:19 [ERROR] bot.handlers.errors: Found exception with user 740736853!!!
	Exception: Message is too long
2023-02-16 12:19:49 [DEBUG] bot.handlers.admin: Admin 1990672413 sent global message 'ג ףנמה, ץגאעטע במעא הףהמקטע!!!'.
2023-02-16 12:22:42 [DEBUG] bot.handlers.messages: Reminder handling: can not find requirement arguments.
2023-02-16 12:24:43 [DEBUG] bot.handlers.messages: Reminder handling: can not find requirement arguments.
2023-02-16 12:24:46 [DEBUG] bot.handlers.messages: Reminder handling: can not find requirement arguments.
2023-02-16 12:24:49 [DEBUG] bot.handlers.delete_reminder: Deleted chat id 740736853 reminder with id: 1
2023-02-16 12:28:09 [DEBUG] bot.handlers.messages: Reminder handling: can not find requirement arguments.
2023-02-16 12:29:31 [DEBUG] bot.handlers.messages: Trying to create reminder without any text, chat_id: 740736853
2023-02-16 12:29:40 [DEBUG] bot.handlers.messages: Created reminder:
	 chat_id: 740736853, reminder_id: 1, time: 17/02/2023 10:00, text: 9 ג 1
2023-02-16 12:30:45 [DEBUG] bot.handlers.messages: Reminder handling: can not find requirement arguments.
2023-02-16 12:31:08 [DEBUG] bot.handlers.messages: Created reminder:
	 chat_id: 740736853, reminder_id: 8, time: 17/02/2023 7:00, text: '; SELECT *
2023-02-16 12:31:18 [DEBUG] bot.handlers.messages: Created reminder:
	 chat_id: 740736853, reminder_id: 9, time: 17/02/2023 7:00, text: "; SELECT *
2023-02-16 12:31:55 [DEBUG] bot.handlers.messages: Reminder handling: can not find requirement arguments.
2023-02-16 12:32:57 [DEBUG] bot.handlers.messages: Created reminder:
	 chat_id: 740736853, reminder_id: 10, time: 18/02/2023 19:00, text: /list
2023-02-16 12:33:56 [DEBUG] bot.handlers.messages: Trying to create reminder on the past date, chat_id: 740736853
2023-02-16 12:34:09 [DEBUG] bot.handlers.messages: Trying to create reminder without any text, chat_id: 740736853
2023-02-16 12:34:15 [DEBUG] bot.handlers.messages: Created reminder:
	 chat_id: 740736853, reminder_id: 11, time: 16/02/2023 19:00, text: 6
2023-02-16 12:40:19 [DEBUG] bot.handlers.messages: Created reminder:
	 chat_id: 740736853, reminder_id: 12, time: 17/02/2023 9:00, text: blah'); SELECT *; --
2023-02-16 12:41:08 [DEBUG] bot.handlers.messages: Created reminder:
	 chat_id: 740736853, reminder_id: 13, time: 17/02/2023 9:00, text: b'); drop table data; --
2023-02-16 12:41:42 [DEBUG] bot.handlers.messages: Reminder handling: can not find requirement arguments.
2023-02-16 12:45:54 [ERROR] bot.handlers.errors: Found exception with user 740736853!!!
	Exception: Message is too long
2023-02-16 12:45:55 [ERROR] bot.handlers.errors: Found exception with user 740736853!!!
	Exception: Message is too long
2023-02-16 12:45:55 [ERROR] bot.handlers.errors: Found exception with user 740736853!!!
	Exception: Message is too long
2023-02-16 12:45:55 [ERROR] bot.handlers.errors: Found exception with user 740736853!!!
	Exception: Message is too long
2023-02-16 12:45:55 [ERROR] bot.handlers.errors: Found exception with user 740736853!!!
	Exception: Message is too long
2023-02-16 12:45:55 [ERROR] bot.handlers.errors: Found exception with user 740736853!!!
	Exception: Message is too long
2023-02-16 12:45:55 [ERROR] bot.handlers.errors: Found exception with user 740736853!!!
	Exception: Message is too long
2023-02-16 12:45:55 [ERROR] bot.handlers.errors: Found exception with user 740736853!!!
	Exception: Message is too long
2023-02-16 12:45:55 [ERROR] bot.handlers.errors: Found exception with user 740736853!!!
	Exception: Message is too long
2023-02-16 12:45:55 [ERROR] bot.handlers.errors: Found exception with user 740736853!!!
	Exception: Message is too long
2023-02-16 12:45:55 [ERROR] bot.handlers.errors: Found exception with user 740736853!!!
	Exception: Message is too long
2023-02-16 12:45:55 [ERROR] bot.handlers.errors: Found exception with user 740736853!!!
	Exception: Message is too long
2023-02-16 12:45:55 [ERROR] bot.handlers.errors: Found exception with user 740736853!!!
	Exception: Message is too long
2023-02-16 13:37:57 [DEBUG] bot.handlers.delete_reminder: Deleted chat id 740736853 reminder with id: 1
2023-02-16 13:38:06 [DEBUG] bot.handlers.delete_reminder: Deleted chat id 740736853 reminder with id: 2
2023-02-16 14:40:25 [WARNING] __main__: Shutdown dispatcher!!!
2023-02-16 14:40:25 [INFO] aiogram.dispatcher.dispatcher: Stop polling...
2023-02-16 14:40:25 [WARNING] aiogram: Goodbye!
2023-02-16 14:46:19 [INFO] __main__: Product:
~~~Telegram-bot for quick reminders~~~
VERSION: 1.1.3
LAST_UPDATE: 2023-02-16 14:46:19
The product is not commercial
Developed by Yastrah
GitHub: https://github.com/Yastrah
2023-02-16 14:46:19 [INFO] aiogram: Bot: Euclid Assistant [@EuclidAssistantBot]
2023-02-16 14:46:19 [WARNING] aiogram: Updates were skipped successfully.
2023-02-16 14:46:19 [INFO] __main__: Bot commands have been set.
2023-02-16 14:46:19 [INFO] __main__: Start schedule process.
2023-02-16 14:46:19 [INFO] aiogram.dispatcher.dispatcher: Start polling.
2023-02-16 14:47:24 [DEBUG] bot.handlers.messages: Created reminder:
	 chat_id: 1990672413, reminder_id: 3, time: 16/02/2023 15:30, text: אטפגןדםפגןנגדרןאןנדרףןנדףךןדףךנןדדףןדנףךןדףצךןנףךדןנףךדןנףךדנןדךףדןנדףצנןדנףךןנףךןדףךךךךךךננננננננננננננננננננננננננננננננננננננננננננננננננננננננננננננננננננננננננננננננננננננננננננננננננננננננננננננננננננננננננננננננננננננננננננננננננננננננננננננננננננננננננננננננננננננננננננננננננננננננננננננננננננננננננננננננננננננננננננננננננננננננננננננננננננננאטפגןדםפגןנגדרןאןנדרףןנדףךןדףךנןדדףןדנףךןדףצךןנףךדןנףךדןנףךדנןדךףדןנדףצנןדנףךןנףךןדףךךךךךךננננננננננננננננננננננננננננננננננננננננננננננננננננננננננננננננננננננננננננננננננננננננננננננננננננננננננננננננננננננננננננננננננננננננננננננננננננננננננננננננננננננננננננננננננננננננננננננננננננננננננננננננננננננננננננננננננננננננננננננננננננננננננננננננננננננאטפגןדםפגןנגדרןאןנדרףןנדףךןדףךנןדדףןדנףךןדףצךןנףךדןנףךדןנףךדנןדךףדןנדףצנןדנףךןנףךןדףךךךךךךננננננננננננננננננננננננננננננננננננננננננננננננננננננננננננננננננננננננננננננננננננננננננננננננננננננננננננננננננננננננננננננננננננננננננננננננננננננננננננננננננננננננננננננננננננננננננננננננננננננננננננננננננננננננננננננננננננננננננננננננננננננננננננננננננננננאטפגןדםפגןנגדרןאןנדרףןנדףךןדףךנןדדףןדנףךןדףצךןנףךדןנףךדןנףךדנןדךףדןנדףצנןדנףךןנףךןדףךךךךךךננננננננננננננננננננננננננננננננננננננננננננננננננננננננננננננננננננננננננננננננננננננננננננננננננננננננננננננננננננננננננננננננננננננננננננננננננננננננננננננננננננננננננננננננננננננננננננננננננננננננננננננננננננננננננננננננננננננננננננננננננננננננננננננננננננננאטפגןדםפגןנגדרןאןנדרףןנדףךןדףךנןדדףןדנףךןדףצךןנףךדןנףךדןנףךדנןדךףדןנדףצנןדנףךןנףךןדףךךךךךךננננננננננננננננננננננננננננננננננננננננננננננננננננננננננננננננננננננננננננננננננננננננננננננננננננננננננננננננננננננננננננננננננננננננננננננננננננננננננננננננננננננננננננננננננננננננננננננננננננננננננננננננננננננננננננננננננננננננננננננננננננננננננננננננננננננ
2023-02-16 14:47:52 [DEBUG] bot.handlers.messages: Created reminder:
	 chat_id: 1990672413, reminder_id: 4, time: 16/02/2023 15:30, text: אטפגןדםפגןנגדרןאןנדרףןנדףךןדףךנןדדףןדנףךןדףצךןנףךדןנףךדןנףךדנןדךףדןנדףצנןדנףךןנףךןדףךךךךךךננננננננננננננננננננננננננננננננננננננננננננננננננננננננננננננננננננננננננננננננננננננננננננננננננננננננננננננננננננננננננננננננננננננננננננננננננננננננננננננננננננננננננננננננננננננננננננננננננננננננננננננננננננננננננננננננננננננננננננננננננננננננננננננננננננננאטפגןדםפגןנגדרןאןנדרףןנדףךןדףךנןדדףןדנףךןדףצךןנףךדןנףךדןנףךדנןדךףדןנדףצנןדנףךןנףךןדףךךךךךךננננננננננננננננננננננננננננננננננננננננננננננננננננננננננננננננננננננננננננננננננננננננננננננננננננננננננננננננננננננננננננננננננננננננננננננננננננננננננננננננננננננננננננננננננננננננננננננננננננננננננננננננננננננננננננננננננננננננננננננננננננננננננננננננננננננאטפגןדםפגןנגדרןאןנדרףןנדףךןדףךנןדדףןדנףךןדףצךןנףךדןנףךדןנףךדנןדךףדןנדףצנןדנףךןנףךןדףךךךךךךננננננננננננננננננננננננננננננננננננננננננננננננננננננננננננננננננננננננננננננננננננננננננננננננננננננננננננננננננננננננננננננננננננננננננננננננננננננננננננננננננננננננננננננננננננננננננננננננננננננננננננננננננננננננננננננננננננננננננננננננננננננננננננננננננננננאטפגןדםפגןנגדרןאןנדרףןנדףךןדףךנןדדףןדנףךןדףצךןנףךדןנףךדןנףךדנןדךףדןנדףצנןדנףךןנףךןדףךךךךךךננננננננננננננננננננננננננננננננננננננננננננננננננננננננננננננננננננננננננננננננננננננננננננננננננננננננננננננננננננננננננננננננננננננננננננננננננננננננננננננננננננננננננננננננננננננננננננננננננננננננננננננננננננננננננננננננננננננננננננננננננננננננננננננננננננננאטפגןדםפגןנגדרןאןנדרףןנדףךןדףךנןדדףןדנףךןדףצךןנףךדןנףךדןנףךדנןדךףדןנדףצנןדנףךןנףךןדףךךךךךךננננננננננננננננננננננננננננננננננננננננננננננננננננננננננננננננננננננננננננננננננננננננננננננננננננננננננננננננננננננננננננננננננננננננננננננננננננננננננננננננננננננננננננננננננננננננננננננננננננננננננננננננננננננננננננננננננננננננננננננננננננננננננננננננננננננסודמהם ג 15.30 אטפגןדםפגןנגדרןאןנדרףןנדףךןדףךנןדדףןדנףךןדףצךןנףךדןנףךדןנףךדנןדךףדןנדףצנןדנףךןנףךןדףךךךךךךננננננננננננננננננננננננננננננננננננננננננננננננננננננננננננננננננננננננננננננננננננננננננננננננננננננננננננננננננננננננננננננננננננננננננננננננננננננננננננננננננננננננננננננננננננננננננננננננננננננננננננננננננננננננננננננננננננננננננננננננננננננננננננננננננננננאטפגןדםפגןנגדרןאןנדרףןנדףךןדףךנןדדףןדנףךןדףצךןנףךדןנףךדןנףךדנןדךףדןנדףצנןדנףךןנףךןדףךךךךךךננננננננננננננננננננננננננננננננננננננננננננננננננננננננננננננננננננננננננננננננננננננננננננננננננננננננננננננננננננננננננננננננננננננננננננננננננננננננננננננננננננננננננננננננננננננננננננננננננננננננננננננננננננננננננננננננננננננננננננננננננננננננננננננננננננננאטפגןדםפגןנגדרןאןנדרףןנדףךןדףךנןדדףןדנףךןדףצךןנףךדןנףךדןנףךדנןדךףדןנדףצנןדנףךןנףךןדףךךךךךךננננננננננננננננננננננננננננננננננננננננננננננננננננננננננננננננננננננננננננננננננננננננננננננננננננננננננננננננננננננננננננננננננננננננננננננננננננננננננננננננננננננננננננננננננננננננננננננננננננננננננננננננננננננננננננננננננננננננננננננננננננננננננננננננננננננאטפגןדםפגןנגדרןאןנדרףןנדףךןדףךנןדדףןדנףךןדףצךןנףךדןנףךדןנףךדנןדךףדןנדףצנןדנףךןנףךןדףךךךךךךננננננננננננננננננננננננננננננננננננננננננננננננננננננננננננננננננננננננננננננננננננננננננננננננננננננננננננננננננננננננננננננננננננננננננננננננננננננננננננננננננננננננננננננננננננננננננננננננננננננננננננננננננננננננננננננננננננננננננננננננננננננננננננננננננננננאטפגןדםפגןנגדרןאןנדרףןנדףךןדףךנןדדףןדנףךןדףצךןנףךדןנףךדןנףךדנןדךףדןנדףצנןדנףךןנףךןדףךךךךךךננננננננננננננננננננננננננננננננננננננננננננננננננננננננננננננננננננננננננננננננננננננננננננננננננננננננננננננננננננננננננננננננננננננננננננננננננננננננננננננננננננננננננננננננננננננננננננננננננננננננננננננננננננננננננננננננננננננננננננננננננננננננננננננננננננננסודמהם ג 15.30
2023-02-16 14:47:52 [DEBUG] bot.handlers.messages: Reminder handling: can not find requirement arguments.
2023-02-16 14:47:53 [DEBUG] bot.handlers.messages: Reminder handling: can not find requirement arguments.
2023-02-16 14:47:53 [DEBUG] bot.handlers.messages: Reminder handling: can not find requirement arguments.
2023-02-16 14:47:53 [DEBUG] bot.handlers.messages: Reminder handling: can not find requirement arguments.
2023-02-16 14:47:53 [DEBUG] bot.handlers.messages: Reminder handling: can not find requirement arguments.
2023-02-16 14:47:53 [DEBUG] bot.handlers.messages: Reminder handling: can not find requirement arguments.
2023-02-16 14:47:54 [DEBUG] bot.handlers.messages: Reminder handling: can not find requirement arguments.
2023-02-16 14:47:54 [DEBUG] bot.handlers.messages: Reminder handling: can not find requirement arguments.
2023-02-16 14:47:54 [DEBUG] bot.handlers.messages: Reminder handling: can not find requirement arguments.
2023-02-16 14:47:54 [DEBUG] bot.handlers.messages: Reminder handling: can not find requirement arguments.
2023-02-16 14:47:55 [DEBUG] bot.handlers.messages: Reminder handling: can not find requirement arguments.
2023-02-16 14:47:55 [DEBUG] bot.handlers.messages: Reminder handling: can not find requirement arguments.
2023-02-16 14:47:55 [DEBUG] bot.handlers.messages: Reminder handling: can not find requirement arguments.
2023-02-16 14:48:42 [DEBUG] bot.handlers.messages: Created reminder:
	 chat_id: 1990672413, reminder_id: 5, time: 16/02/2023 15:30, text: אטפגןדםפגןנגדרןאןנדרףןנדףךןדףךנןדדףןדנףךןדףצךןנףךדןנףךדןנףךדנןדךףדןנדףצנןדנףךןנףךןדףךךךךךךננננננננננננננננננננננננננננננננננננננננננננננננננננננננננננננננננננננננננננננננננננננננננננננננננננננננננננננננננננננננננננננננננננננננננננננננננננננננננננננננננננננננננננננננננננננננננננננננננננננננננננננננננננננננננננננננננננננננננננננננננננננננננננננננננננננאטפגןדםפגןנגדרןאןנדרףןנדףךןדףךנןדדףןדנףךןדףצךןנףךדןנףךדןנףךדנןדךףדןנדףצנןדנףךןנףךןדףךךךךךךננננננננננננננננננננננננננננננננננננננננננננננננננננננננננננננננננננננננננננננננננננננננננננננננננננננננננננננננננננננננננננננננננננננננננננננננננננננננננננננננננננננננננננננננננננננננננננננננננננננננננננננננננננננננננננננננננננננננננננננננננננננננננננננננננננננאטפגןדםפגןנגדרןאןנדרףןנדףךןדףךנןדדףןדנףךןדףצךןנףךדןנףךדןנףךדנןדךףדןנדףצנןדנףךןנףךןדףךךךךךךננננננננננננננננננננננננננננננננננננננננננננננננננננננננננננננננננננננננננננננננננננננננננננננננננננננננננננננננננננננננננננננננננננננננננננננננננננננננננננננננננננננננננננננננננננננננננננננננננננננננננננננננננננננננננננננננננננננננננננננננננננננננננננננננננננננאטפגןדםפגןנגדרןאןנדרףןנדףךןדףךנןדדףןדנףךןדףצךןנףךדןנףךדןנףךדנןדךףדןנדףצנןדנףךןנףךןדףךךךךךךננננננננננננננננננננננננננננננננננננננננננננננננננננננננננננננננננננננננננננננננננננננננננננננננננננננננננננננננננננננננננננננננננננננננננננננננננננננננננננננננננננננננננננננננננננננננננננננננננננננננננננננננננננננננננננננננננננננננננננננננננננננננננננננננננננננאטפגןדםפגןנגדרןאןנדרףןנדףךןדףךנןדדףןדנףךןדףצךןנףךדןנףךדןנףךדנןדךףדןנדףצנןדנףךןנףךןדףךךךךךךננננננננננננננננננננננננננננננננננננננננננננננננננננננננננננננננננננננננננננננננננננננננננננננננננננננננננננננננננננננננננננננננננננננננננננננננננננננננננננננננננננננננננננננננננננננננננננננננננננננננננננננננננננננננננננננננננננננננננננננננננננננננננננננננננננננ
2023-02-16 14:48:49 [DEBUG] bot.handlers.messages: Reminder handling: can not find requirement arguments.
2023-02-16 14:49:16 [DEBUG] bot.handlers.messages: Created reminder:
	 chat_id: 1990672413, reminder_id: 6, time: 16/02/2023 15:30, text: אטפגןדםפגןנגדרןאןנדרףןנדףךןדףךנןדדףןדנףךןדףצךןנףךדןנףךדןנףךדנןדךףדןנדףצנןדנףךןנףךןדףךךךךךךננננננננננננננננננננננננננננננננננננננננננננננננננננננננננננננננננננננננננננננננננננננננננננננננננננננננננננננננננננננננננננננננננננננננננננננננננננננננננננננננננננננננננננננננננננננננננננננננננננננננננננננננננננננננננננננננננננננננננננננננננננננננננננננננננננננאטפגןדםפגןנגדרןאןנדרףןנדףךןדףךנןדדףןדנףךןדףצךןנףךדןנףךדןנףךדנןדךףדןנדףצנןדנףךןנףךןדףךךךךךךננננננננננננננננננננננננננננננננננננננננננננננננננננננננננננננננננננננננננננננננננננננננננננננננננננננננננננננננננננננננננננננננננננננננננננננננננננננננננננננננננננננננננננננננננננננננננננננננננננננננננננננננננננננננננננננננננננננננננננננננננננננננננננננננננננננאטפגןדםפגןנגדרןאןנדרףןנדףךןדףךנןדדףןדנףךןדףצךןנףךדןנףךדןנףךדנןדךףדןנדףצנןדנףךןנףךןדףךךךךךךננננננננננננננננננננננננננננננננננננננננננננננננננננננננננננננננננננננננננננננננננננננננננננננננננננננננננננננננננננננננננננננננננננננננננננננננננננננננננננננננננננננננננננננננננננננננננננננננננננננננננננננננננננננננננננננננננננננננננננננננננננננננננננננננננננננאטפגןדםפגןנגדרןאןנדרףןנדףךןדףךנןדדףןדנףךןדףצךןנףךדןנףךדןנףךדנןדךףדןנדףצנןדנףךןנףךןדףךךךךךךננננננננננננננננננננננננננננננננננננננננננננננננננננננננננננננננננננננננננננננננננננננננננננננננננננננננננננננננננננננננננננננננננננננננננננננננננננננננננננננננננננננננננננננננננננננננננננננננננננננננננננננננננננננננננננננננננננננננננננננננננננננננננננננננננננננאטפגןדםפגןנגדרןאןנדרףןנדףךןדףךנןדדףןדנףךןדףצךןנףךדןנףךדןנףךדנןדךףדןנדףצנןדנףךןנףךןדףךךךךךךננננננננננננננננננננננננננננננננננננננננננננננננננננננננננננננננננננננננננננננננננננננננננננננננננננננננננננננננננננננננננננננננננננננננננננננננננננננננננננננננננננננננננננננננננננננננננננננננננננננננננננננננננננננננננננננננננננננננננננננננננננננננננננננננננננננסודמהם ג 15.30 אטפגןדםפגןנגדרןאןנדרףןנדףךןדףךנןדדףןדנףךןדףצךןנףךדןנףךדןנףךדנןדךףדןנדףצנןדנףךןנףךןדףךךךךךךננננננננננננננננננננננננננננננננננננננננננננננננננננננננננננננננננננננננננננננננננננננננננננננננננננננננננננננננננננננננננננננננננננננננננננננננננננננננננננננננננננננננננננננננננננננננננננננננננננננננננננננננננננננננננננננננננננננננננננננננננננננננננננננננננננננאטפגןדםפגןנגדרןאןנדרףןנדףךןדףךנןדדףןדנףךןדףצךןנףךדןנףךדןנףךדנןדךףדןנדףצנןדנףךןנףךןדףךךךךךךננננננננננננננננננננננננננננננננננננננננננננננננננננננננננננננננננננננננננננננננננננננננננננננננננננננננננננננננננננננננננננננננננננננננננננננננננננננננננננננננננננננננננננננננננננננננננננננננננננננננננננננננננננננננננננננננננננננננננננננננננננננננננננננננננננננאטפגןדםפגןנגדרןאןנדרףןנדףךןדףךנןדדףןדנףךןדףצךןנףךדןנףךדןנףךדנןדךףדןנדףצנןדנףךןנףךןדףךךךךךךננננננננננננננננננננננננננננננננננננננננננננננננננננננננננננננננננננננננננננננננננננננננננננננננננננננננננננננננננננננננננננננננננננננננננננננננננננננננננננננננננננננננננננננננננננננננננננננננננננננננננננננננננננננננננננננננננננננננננננננננננננננננננננננננננננננאטפגןדםפגןנגדרןאןנדרףןנדףךןדףךנןדדףןדנףךןדףצךןנףךדןנףךדןנףךדנןדךףדןנדףצנןדנףךןנףךןדףךךךךךךננננננננננננננננננננננננננננננננננננננננננננננננננננננננננננננננננננננננננננננננננננננננננננננננננננננננננננננננננננננננננננננננננננננננננננננננננננננננננננננננננננננננננננננננננננננננננננננננננננננננננננננננננננננננננננננננננננננננננננננננננננננננננננננננננננננאטפגןדםפגןנגדרןאןנדרףןנדףךןדףךנןדדףןדנףךןדףצךןנףךדןנףךדןנףךדנןדךףדןנדףצנןדנףךןנףךןדףךךךךךךננננננננננננננננננננננננננננננננננננננננננננננננננננננננננננננננננננננננננננננננננננננננננננננננננננננננננננננננננננננננננננננננננננננננננננננננננננננננננננננננננננננננננננננננננננננננננננננננננננננננננננננננננננננננננננננננננננננננננננננננננננננננננננננננננננננסודמהם ג 15.30
2023-02-16 14:49:16 [DEBUG] bot.handlers.messages: Reminder handling: can not find requirement arguments.
2023-02-16 14:50:44 [WARNING] __main__: Shutdown dispatcher!!!
2023-02-16 14:50:44 [INFO] aiogram.dispatcher.dispatcher: Stop polling...
2023-02-16 14:50:44 [WARNING] aiogram: Goodbye!
2023-02-16 14:50:46 [INFO] __main__: Product:
~~~Telegram-bot for quick reminders~~~
VERSION: 1.1.3
LAST_UPDATE: 2023-02-16 14:50:46
The product is not commercial
Developed by Yastrah
GitHub: https://github.com/Yastrah
2023-02-16 14:50:46 [INFO] aiogram: Bot: Euclid Assistant [@EuclidAssistantBot]
2023-02-16 14:50:46 [WARNING] aiogram: Updates were skipped successfully.
2023-02-16 14:50:46 [INFO] __main__: Bot commands have been set.
2023-02-16 14:50:46 [INFO] __main__: Start schedule process.
2023-02-16 14:50:46 [INFO] aiogram.dispatcher.dispatcher: Start polling.
2023-02-16 14:50:54 [DEBUG] bot.handlers.messages: Reminder handling: can not find requirement arguments.
2023-02-16 14:52:21 [WARNING] __main__: Shutdown dispatcher!!!
2023-02-16 14:52:21 [INFO] aiogram.dispatcher.dispatcher: Stop polling...
2023-02-16 14:52:21 [WARNING] aiogram: Goodbye!
2023-02-16 14:52:35 [INFO] __main__: Product:
~~~Telegram-bot for quick reminders~~~
VERSION: 1.1.3
LAST_UPDATE: 2023-02-16 14:52:35
The product is not commercial
Developed by Yastrah
GitHub: https://github.com/Yastrah
2023-02-16 14:52:35 [INFO] aiogram: Bot: Euclid Assistant [@EuclidAssistantBot]
2023-02-16 14:52:35 [WARNING] aiogram: Updates were skipped successfully.
2023-02-16 14:52:35 [INFO] __main__: Bot commands have been set.
2023-02-16 14:52:35 [INFO] __main__: Start schedule process.
2023-02-16 14:52:35 [INFO] aiogram.dispatcher.dispatcher: Start polling.
2023-02-16 14:52:43 [WARNING] bot.handlers.admin: Database was reset!
2023-02-16 14:52:43 [DEBUG] bot.handlers.admin: Admin 1990672413 reset database.
2023-02-16 14:52:48 [WARNING] __main__: Shutdown dispatcher!!!
2023-02-16 14:52:48 [INFO] aiogram.dispatcher.dispatcher: Stop polling...
2023-02-16 14:52:48 [WARNING] aiogram: Goodbye!
2023-02-16 14:54:27 [INFO] __main__: Product:
~~~Telegram-bot for quick reminders~~~
VERSION: 1.1.3
LAST_UPDATE: 2023-02-16 14:54:27
The product is not commercial
Developed by Yastrah
GitHub: https://github.com/Yastrah
2023-02-16 14:54:27 [INFO] aiogram: Bot: Euclid Assistant [@EuclidAssistantBot]
2023-02-16 14:54:28 [WARNING] aiogram: Updates were skipped successfully.
2023-02-16 14:54:28 [INFO] __main__: Bot commands have been set.
2023-02-16 14:54:28 [INFO] __main__: Start schedule process.
2023-02-16 14:54:28 [INFO] aiogram.dispatcher.dispatcher: Start polling.
2023-02-16 14:54:45 [WARNING] bot.logic.search_engine: 16 םאןמלםטע; 16
2023-02-16 14:54:45 [DEBUG] bot.handlers.messages: Created reminder:
	 chat_id: 1990672413, reminder_id: 1, time: 16/02/2023 16:00, text: םאןמלםטע
2023-02-16 14:56:29 [WARNING] __main__: Shutdown dispatcher!!!
2023-02-16 14:56:29 [INFO] aiogram.dispatcher.dispatcher: Stop polling...
2023-02-16 14:56:29 [WARNING] aiogram: Goodbye!
2023-02-16 14:56:31 [INFO] __main__: Product:
~~~Telegram-bot for quick reminders~~~
VERSION: 1.1.3
LAST_UPDATE: 2023-02-16 14:56:31
The product is not commercial
Developed by Yastrah
GitHub: https://github.com/Yastrah
2023-02-16 14:56:31 [INFO] aiogram: Bot: Euclid Assistant [@EuclidAssistantBot]
2023-02-16 14:56:31 [WARNING] aiogram: Updates were skipped successfully.
2023-02-16 14:56:31 [INFO] __main__: Bot commands have been set.
2023-02-16 14:56:31 [INFO] __main__: Start schedule process.
2023-02-16 14:56:31 [INFO] aiogram.dispatcher.dispatcher: Start polling.
2023-02-16 14:56:35 [WARNING] bot.logic.search_engine: 16 םאןמלםטע; 16; 0
2023-02-16 14:56:35 [DEBUG] bot.handlers.messages: Created reminder:
	 chat_id: 1990672413, reminder_id: 2, time: 16/02/2023 16:00, text: םאןמלםטע
2023-02-16 14:56:51 [WARNING] __main__: Shutdown dispatcher!!!
2023-02-16 14:56:51 [INFO] aiogram.dispatcher.dispatcher: Stop polling...
2023-02-16 14:56:51 [WARNING] aiogram: Goodbye!
2023-02-16 14:56:52 [INFO] __main__: Product:
~~~Telegram-bot for quick reminders~~~
VERSION: 1.1.3
LAST_UPDATE: 2023-02-16 14:56:52
The product is not commercial
Developed by Yastrah
GitHub: https://github.com/Yastrah
2023-02-16 14:56:53 [INFO] aiogram: Bot: Euclid Assistant [@EuclidAssistantBot]
2023-02-16 14:56:53 [WARNING] aiogram: Updates were skipped successfully.
2023-02-16 14:56:53 [INFO] __main__: Bot commands have been set.
2023-02-16 14:56:53 [INFO] __main__: Start schedule process.
2023-02-16 14:56:53 [INFO] aiogram.dispatcher.dispatcher: Start polling.
2023-02-16 14:57:00 [WARNING] bot.logic.search_engine: 16 םאןמלםטע; 16; 0
2023-02-16 14:57:00 [DEBUG] bot.handlers.messages: Created reminder:
	 chat_id: 1990672413, reminder_id: 3, time: 16/02/2023 16:00, text: םאןמלםטע
2023-02-16 14:58:51 [WARNING] __main__: Shutdown dispatcher!!!
2023-02-16 14:58:51 [INFO] aiogram.dispatcher.dispatcher: Stop polling...
2023-02-16 14:58:51 [WARNING] aiogram: Goodbye!
2023-02-16 14:58:53 [INFO] __main__: Product:
~~~Telegram-bot for quick reminders~~~
VERSION: 1.1.3
LAST_UPDATE: 2023-02-16 14:58:53
The product is not commercial
Developed by Yastrah
GitHub: https://github.com/Yastrah
2023-02-16 14:58:53 [INFO] aiogram: Bot: Euclid Assistant [@EuclidAssistantBot]
2023-02-16 14:58:53 [WARNING] aiogram: Updates were skipped successfully.
2023-02-16 14:58:53 [INFO] __main__: Bot commands have been set.
2023-02-16 14:58:53 [INFO] __main__: Start schedule process.
2023-02-16 14:58:53 [INFO] aiogram.dispatcher.dispatcher: Start polling.
2023-02-16 14:58:58 [WARNING] bot.logic.search_engine: 16 םאןמלםטע; 16; 16 םאןמלםטע
2023-02-16 14:58:58 [DEBUG] bot.handlers.messages: Created reminder:
	 chat_id: 1990672413, reminder_id: 4, time: 16/02/2023 16:00, text: םאןמלםטע
2023-02-16 14:59:18 [WARNING] __main__: Shutdown dispatcher!!!
2023-02-16 14:59:18 [INFO] aiogram.dispatcher.dispatcher: Stop polling...
2023-02-16 14:59:18 [WARNING] aiogram: Goodbye!
2023-02-16 14:59:21 [INFO] __main__: Product:
~~~Telegram-bot for quick reminders~~~
VERSION: 1.1.3
LAST_UPDATE: 2023-02-16 14:59:21
The product is not commercial
Developed by Yastrah
GitHub: https://github.com/Yastrah
2023-02-16 14:59:21 [INFO] aiogram: Bot: Euclid Assistant [@EuclidAssistantBot]
2023-02-16 14:59:21 [WARNING] aiogram: Updates were skipped successfully.
2023-02-16 14:59:21 [INFO] __main__: Bot commands have been set.
2023-02-16 14:59:21 [INFO] __main__: Start schedule process.
2023-02-16 14:59:21 [INFO] aiogram.dispatcher.dispatcher: Start polling.
2023-02-16 14:59:25 [WARNING] bot.logic.search_engine: 16 םאןמלםטע; 16;  םאןמלםטע
2023-02-16 14:59:25 [DEBUG] bot.handlers.messages: Created reminder:
	 chat_id: 1990672413, reminder_id: 5, time: 16/02/2023 16:00, text: םאןמלםטע
2023-02-16 14:59:39 [WARNING] __main__: Shutdown dispatcher!!!
2023-02-16 14:59:39 [INFO] aiogram.dispatcher.dispatcher: Stop polling...
2023-02-16 14:59:39 [WARNING] aiogram: Goodbye!
2023-02-16 14:59:40 [INFO] __main__: Product:
~~~Telegram-bot for quick reminders~~~
VERSION: 1.1.3
LAST_UPDATE: 2023-02-16 14:59:40
The product is not commercial
Developed by Yastrah
GitHub: https://github.com/Yastrah
2023-02-16 14:59:41 [INFO] aiogram: Bot: Euclid Assistant [@EuclidAssistantBot]
2023-02-16 14:59:41 [WARNING] aiogram: Updates were skipped successfully.
2023-02-16 14:59:41 [INFO] __main__: Bot commands have been set.
2023-02-16 14:59:41 [INFO] __main__: Start schedule process.
2023-02-16 14:59:41 [INFO] aiogram.dispatcher.dispatcher: Start polling.
2023-02-16 14:59:44 [WARNING] bot.logic.search_engine: 16 םאןמלםטע; 16; םאןמלםטע
2023-02-16 14:59:44 [DEBUG] bot.handlers.messages: Created reminder:
	 chat_id: 1990672413, reminder_id: 6, time: 16/02/2023 16:00, text: םאןמלםטע
2023-02-16 15:00:09 [WARNING] __main__: Shutdown dispatcher!!!
2023-02-16 15:00:09 [INFO] aiogram.dispatcher.dispatcher: Stop polling...
2023-02-16 15:00:09 [WARNING] aiogram: Goodbye!
2023-02-16 15:00:11 [INFO] __main__: Product:
~~~Telegram-bot for quick reminders~~~
VERSION: 1.1.3
LAST_UPDATE: 2023-02-16 15:00:11
The product is not commercial
Developed by Yastrah
GitHub: https://github.com/Yastrah
2023-02-16 15:00:11 [INFO] aiogram: Bot: Euclid Assistant [@EuclidAssistantBot]
2023-02-16 15:00:11 [WARNING] aiogram: Updates were skipped successfully.
2023-02-16 15:00:11 [INFO] __main__: Bot commands have been set.
2023-02-16 15:00:11 [INFO] __main__: Start schedule process.
2023-02-16 15:00:11 [INFO] aiogram.dispatcher.dispatcher: Start polling.
2023-02-16 15:00:27 [DEBUG] bot.handlers.messages: Created reminder:
	 chat_id: 1990672413, reminder_id: 7, time: 17/02/2023 15:00, text: ןגאןאג ןאגןרשןרןףצןגאןנ צךנ צצף ן
2023-02-16 15:01:15 [WARNING] __main__: Shutdown dispatcher!!!
2023-02-16 15:01:15 [INFO] aiogram.dispatcher.dispatcher: Stop polling...
2023-02-16 15:01:15 [WARNING] aiogram: Goodbye!
2023-02-16 15:01:53 [INFO] __main__: Product:
~~~Telegram-bot for quick reminders~~~
VERSION: 1.1.3
LAST_UPDATE: 2023-02-16 15:01:53
The product is not commercial
Developed by Yastrah
GitHub: https://github.com/Yastrah
2023-02-16 15:01:53 [INFO] aiogram: Bot: Euclid Assistant [@EuclidAssistantBot]
2023-02-16 15:01:53 [WARNING] aiogram: Updates were skipped successfully.
2023-02-16 15:01:53 [INFO] __main__: Bot commands have been set.
2023-02-16 15:01:53 [INFO] __main__: Start schedule process.
2023-02-16 15:01:53 [INFO] aiogram.dispatcher.dispatcher: Start polling.
2023-02-16 15:01:56 [WARNING] bot.logic.search_engine: 17:00:00
2023-02-16 15:01:56 [DEBUG] bot.handlers.messages: Created reminder:
	 chat_id: 1990672413, reminder_id: 8, time: 16/02/2023 17:00, text: gdsfg
2023-02-16 15:17:33 [WARNING] __main__: Shutdown dispatcher!!!
2023-02-16 15:17:33 [INFO] aiogram.dispatcher.dispatcher: Stop polling...
2023-02-16 15:17:33 [WARNING] aiogram: Goodbye!
2023-02-16 15:21:58 [INFO] __main__: Product:
~~~Telegram-bot for quick reminders~~~
VERSION: 1.1.3
LAST_UPDATE: 2023-02-16 15:21:58
The product is not commercial
Developed by Yastrah
GitHub: https://github.com/Yastrah
2023-02-16 15:21:58 [INFO] aiogram: Bot: Euclid Assistant [@EuclidAssistantBot]
2023-02-16 15:21:58 [WARNING] aiogram: Updates were skipped successfully.
2023-02-16 15:21:58 [INFO] __main__: Bot commands have been set.
2023-02-16 15:21:58 [INFO] __main__: Start schedule process.
2023-02-16 15:21:58 [INFO] aiogram.dispatcher.dispatcher: Start polling.
2023-02-16 15:22:15 [ERROR] bot.handlers.errors: Found exception with user 1990672413!
	Exception: can only concatenate list (not "str") to list
2023-02-16 15:22:55 [WARNING] __main__: Shutdown dispatcher!!!
2023-02-16 15:22:55 [INFO] aiogram.dispatcher.dispatcher: Stop polling...
2023-02-16 15:22:55 [WARNING] aiogram: Goodbye!
2023-02-16 15:22:58 [INFO] __main__: Product:
~~~Telegram-bot for quick reminders~~~
VERSION: 1.1.3
LAST_UPDATE: 2023-02-16 15:22:58
The product is not commercial
Developed by Yastrah
GitHub: https://github.com/Yastrah
2023-02-16 15:22:58 [INFO] aiogram: Bot: Euclid Assistant [@EuclidAssistantBot]
2023-02-16 15:22:58 [WARNING] aiogram: Updates were skipped successfully.
2023-02-16 15:22:58 [INFO] __main__: Bot commands have been set.
2023-02-16 15:22:58 [INFO] __main__: Start schedule process.
2023-02-16 15:22:58 [INFO] aiogram.dispatcher.dispatcher: Start polling.
2023-02-16 15:23:07 [ERROR] asyncio: Task exception was never retrieved
future: <Task finished name='Task-11' coro=<Dispatcher._process_polling_updates() done, defined at C:\GitHub\Telegram-bot-Euclid\venv\lib\site-packages\aiogram\dispatcher\dispatcher.py:407> exception=TypeError('can only concatenate list (not "str") to list')>
Traceback (most recent call last):
  File "C:\GitHub\Telegram-bot-Euclid\venv\lib\site-packages\aiogram\dispatcher\dispatcher.py", line 415, in _process_polling_updates
    for responses in itertools.chain.from_iterable(await self.process_updates(updates, fast)):
  File "C:\GitHub\Telegram-bot-Euclid\venv\lib\site-packages\aiogram\dispatcher\dispatcher.py", line 235, in process_updates
    return await asyncio.gather(*tasks)
  File "C:\GitHub\Telegram-bot-Euclid\venv\lib\site-packages\aiogram\dispatcher\handler.py", line 116, in notify
    response = await handler_obj.handler(*args, **partial_data)
  File "C:\GitHub\Telegram-bot-Euclid\venv\lib\site-packages\aiogram\dispatcher\dispatcher.py", line 256, in process_update
    return await self.message_handlers.notify(update.message)
  File "C:\GitHub\Telegram-bot-Euclid\venv\lib\site-packages\aiogram\dispatcher\handler.py", line 116, in notify
    response = await handler_obj.handler(*args, **partial_data)
  File "C:\GitHub\Telegram-bot-Euclid\bot\handlers\messages.py", line 44, in create_reminder
    time, text = search_engine.search_time(text)
  File "C:\GitHub\Telegram-bot-Euclid\bot\logic\search_engine.py", line 95, in search_time
    time = time + ':00'
TypeError: can only concatenate list (not "str") to list
2023-02-16 15:23:34 [WARNING] __main__: Shutdown dispatcher!!!
2023-02-16 15:23:34 [INFO] aiogram.dispatcher.dispatcher: Stop polling...
2023-02-16 15:23:34 [WARNING] aiogram: Goodbye!
2023-02-16 15:23:36 [INFO] __main__: Product:
~~~Telegram-bot for quick reminders~~~
VERSION: 1.1.3
LAST_UPDATE: 2023-02-16 15:23:36
The product is not commercial
Developed by Yastrah
GitHub: https://github.com/Yastrah
2023-02-16 15:23:36 [INFO] aiogram: Bot: Euclid Assistant [@EuclidAssistantBot]
2023-02-16 15:23:36 [WARNING] aiogram: Updates were skipped successfully.
2023-02-16 15:23:36 [INFO] __main__: Bot commands have been set.
2023-02-16 15:23:36 [INFO] __main__: Start schedule process.
2023-02-16 15:23:36 [INFO] aiogram.dispatcher.dispatcher: Start polling.
2023-02-16 15:23:40 [WARNING] bot.logic.search_engine: 12:00
2023-02-16 15:23:40 [DEBUG] bot.logic.date_converter: Warning: day is out of range for month
2023-02-16 15:23:40 [DEBUG] bot.handlers.messages: Wrong date input, chat_id: 1990672413
2023-02-16 15:23:52 [WARNING] bot.logic.search_engine: 12:00
2023-02-16 15:23:52 [DEBUG] bot.logic.date_converter: Warning: day is out of range for month
2023-02-16 15:23:52 [DEBUG] bot.handlers.messages: Wrong date input, chat_id: 1990672413
2023-02-16 15:23:57 [WARNING] bot.logic.search_engine: 12:00
2023-02-16 15:23:57 [ERROR] asyncio: Task exception was never retrieved
future: <Task finished name='Task-19' coro=<Dispatcher._process_polling_updates() done, defined at C:\GitHub\Telegram-bot-Euclid\venv\lib\site-packages\aiogram\dispatcher\dispatcher.py:407> exception=ValueError('not enough values to unpack (expected 3, got 2)')>
Traceback (most recent call last):
  File "C:\GitHub\Telegram-bot-Euclid\venv\lib\site-packages\aiogram\dispatcher\dispatcher.py", line 415, in _process_polling_updates
    for responses in itertools.chain.from_iterable(await self.process_updates(updates, fast)):
  File "C:\GitHub\Telegram-bot-Euclid\venv\lib\site-packages\aiogram\dispatcher\dispatcher.py", line 235, in process_updates
    return await asyncio.gather(*tasks)
  File "C:\GitHub\Telegram-bot-Euclid\venv\lib\site-packages\aiogram\dispatcher\handler.py", line 116, in notify
    response = await handler_obj.handler(*args, **partial_data)
  File "C:\GitHub\Telegram-bot-Euclid\venv\lib\site-packages\aiogram\dispatcher\dispatcher.py", line 256, in process_update
    return await self.message_handlers.notify(update.message)
  File "C:\GitHub\Telegram-bot-Euclid\venv\lib\site-packages\aiogram\dispatcher\handler.py", line 116, in notify
    response = await handler_obj.handler(*args, **partial_data)
  File "C:\GitHub\Telegram-bot-Euclid\bot\handlers\messages.py", line 58, in create_reminder
    if date_converter.date_to_value(" ".join([date, time])) <= date_converter.date_to_value(now_date):
  File "C:\GitHub\Telegram-bot-Euclid\bot\logic\date_converter.py", line 19, in date_to_value
    hour, minute, second = time.split(':')
ValueError: not enough values to unpack (expected 3, got 2)
2023-02-16 15:24:31 [WARNING] __main__: Shutdown dispatcher!!!
2023-02-16 15:24:31 [INFO] aiogram.dispatcher.dispatcher: Stop polling...
2023-02-16 15:24:31 [WARNING] aiogram: Goodbye!
2023-02-16 15:24:33 [INFO] __main__: Product:
~~~Telegram-bot for quick reminders~~~
VERSION: 1.1.3
LAST_UPDATE: 2023-02-16 15:24:33
The product is not commercial
Developed by Yastrah
GitHub: https://github.com/Yastrah
2023-02-16 15:24:34 [INFO] aiogram: Bot: Euclid Assistant [@EuclidAssistantBot]
2023-02-16 15:24:34 [WARNING] aiogram: Updates were skipped successfully.
2023-02-16 15:24:34 [INFO] __main__: Bot commands have been set.
2023-02-16 15:24:34 [INFO] __main__: Start schedule process.
2023-02-16 15:24:34 [INFO] aiogram.dispatcher.dispatcher: Start polling.
2023-02-16 15:24:38 [WARNING] bot.logic.search_engine: 12:00
2023-02-16 15:24:38 [ERROR] asyncio: Task exception was never retrieved
future: <Task finished name='Task-10' coro=<Dispatcher._process_polling_updates() done, defined at C:\GitHub\Telegram-bot-Euclid\venv\lib\site-packages\aiogram\dispatcher\dispatcher.py:407> exception=ValueError('too many values to unpack (expected 2)')>
Traceback (most recent call last):
  File "C:\GitHub\Telegram-bot-Euclid\venv\lib\site-packages\aiogram\dispatcher\dispatcher.py", line 415, in _process_polling_updates
    for responses in itertools.chain.from_iterable(await self.process_updates(updates, fast)):
  File "C:\GitHub\Telegram-bot-Euclid\venv\lib\site-packages\aiogram\dispatcher\dispatcher.py", line 235, in process_updates
    return await asyncio.gather(*tasks)
  File "C:\GitHub\Telegram-bot-Euclid\venv\lib\site-packages\aiogram\dispatcher\handler.py", line 116, in notify
    response = await handler_obj.handler(*args, **partial_data)
  File "C:\GitHub\Telegram-bot-Euclid\venv\lib\site-packages\aiogram\dispatcher\dispatcher.py", line 256, in process_update
    return await self.message_handlers.notify(update.message)
  File "C:\GitHub\Telegram-bot-Euclid\venv\lib\site-packages\aiogram\dispatcher\handler.py", line 116, in notify
    response = await handler_obj.handler(*args, **partial_data)
  File "C:\GitHub\Telegram-bot-Euclid\bot\handlers\messages.py", line 58, in create_reminder
    if date_converter.date_to_value(" ".join([date, time])) <= date_converter.date_to_value(now_date):
  File "C:\GitHub\Telegram-bot-Euclid\bot\logic\date_converter.py", line 19, in date_to_value
    hour, minute = time.split(':')
ValueError: too many values to unpack (expected 2)
2023-02-16 15:25:12 [WARNING] __main__: Shutdown dispatcher!!!
2023-02-16 15:25:12 [INFO] aiogram.dispatcher.dispatcher: Stop polling...
2023-02-16 15:25:12 [WARNING] aiogram: Goodbye!
2023-02-16 15:25:14 [INFO] __main__: Product:
~~~Telegram-bot for quick reminders~~~
VERSION: 1.1.3
LAST_UPDATE: 2023-02-16 15:25:14
The product is not commercial
Developed by Yastrah
GitHub: https://github.com/Yastrah
2023-02-16 15:25:14 [INFO] aiogram: Bot: Euclid Assistant [@EuclidAssistantBot]
2023-02-16 15:25:14 [WARNING] aiogram: Updates were skipped successfully.
2023-02-16 15:25:14 [INFO] __main__: Bot commands have been set.
2023-02-16 15:25:14 [INFO] __main__: Start schedule process.
2023-02-16 15:25:14 [INFO] aiogram.dispatcher.dispatcher: Start polling.
2023-02-16 15:25:16 [WARNING] bot.logic.search_engine: 12:00
2023-02-16 15:25:16 [DEBUG] bot.handlers.messages: Trying to create reminder without any text, chat_id: 1990672413
2023-02-16 15:25:28 [WARNING] bot.logic.search_engine: 12:00
2023-02-16 15:25:28 [DEBUG] bot.handlers.messages: Created reminder:
	 chat_id: 1990672413, reminder_id: 9, time: 28/02/2023 12:00, text: hgrteh
2023-02-16 15:25:36 [WARNING] bot.logic.search_engine: 25:00
2023-02-16 15:25:36 [DEBUG] bot.handlers.messages: Created reminder:
	 chat_id: 1990672413, reminder_id: 10, time: 28/02/2023 25:00, text: hgrteh
2023-02-16 15:26:24 [WARNING] __main__: Shutdown dispatcher!!!
2023-02-16 15:26:24 [INFO] aiogram.dispatcher.dispatcher: Stop polling...
2023-02-16 15:26:24 [WARNING] aiogram: Goodbye!
2023-02-16 15:26:26 [INFO] __main__: Product:
~~~Telegram-bot for quick reminders~~~
VERSION: 1.1.3
LAST_UPDATE: 2023-02-16 15:26:26
The product is not commercial
Developed by Yastrah
GitHub: https://github.com/Yastrah
2023-02-16 15:26:26 [INFO] aiogram: Bot: Euclid Assistant [@EuclidAssistantBot]
2023-02-16 15:26:26 [WARNING] aiogram: Updates were skipped successfully.
2023-02-16 15:26:27 [INFO] __main__: Bot commands have been set.
2023-02-16 15:26:27 [INFO] __main__: Start schedule process.
2023-02-16 15:26:27 [INFO] aiogram.dispatcher.dispatcher: Start polling.
2023-02-16 15:26:30 [WARNING] bot.logic.search_engine: 25:00;2
2023-02-16 15:26:30 [WARNING] bot.logic.search_engine: 25:00
2023-02-16 15:26:30 [DEBUG] bot.handlers.messages: Created reminder:
	 chat_id: 1990672413, reminder_id: 11, time: 28/02/2023 25:00, text: hgrteh
2023-02-16 15:27:33 [WARNING] __main__: Shutdown dispatcher!!!
2023-02-16 15:27:33 [INFO] aiogram.dispatcher.dispatcher: Stop polling...
2023-02-16 15:27:33 [WARNING] aiogram: Goodbye!
2023-02-16 15:27:34 [INFO] __main__: Product:
~~~Telegram-bot for quick reminders~~~
VERSION: 1.1.3
LAST_UPDATE: 2023-02-16 15:27:34
The product is not commercial
Developed by Yastrah
GitHub: https://github.com/Yastrah
2023-02-16 15:27:34 [INFO] aiogram: Bot: Euclid Assistant [@EuclidAssistantBot]
2023-02-16 15:27:34 [WARNING] aiogram: Updates were skipped successfully.
2023-02-16 15:27:34 [INFO] __main__: Bot commands have been set.
2023-02-16 15:27:34 [INFO] __main__: Start schedule process.
2023-02-16 15:27:34 [INFO] aiogram.dispatcher.dispatcher: Start polling.
2023-02-16 15:27:41 [WARNING] bot.logic.search_engine: ['25']
2023-02-16 15:27:41 [WARNING] bot.logic.search_engine: 25:00;2
2023-02-16 15:27:41 [DEBUG] bot.handlers.messages: Created reminder:
	 chat_id: 1990672413, reminder_id: 12, time: 28/02/2023 25:00, text: hgrteh
2023-02-16 15:28:53 [WARNING] __main__: Shutdown dispatcher!!!
2023-02-16 15:28:53 [INFO] aiogram.dispatcher.dispatcher: Stop polling...
2023-02-16 15:28:53 [WARNING] aiogram: Goodbye!
2023-02-16 15:29:16 [INFO] __main__: Product:
~~~Telegram-bot for quick reminders~~~
VERSION: 1.1.3
LAST_UPDATE: 2023-02-16 15:29:16
The product is not commercial
Developed by Yastrah
GitHub: https://github.com/Yastrah
2023-02-16 15:29:16 [INFO] aiogram: Bot: Euclid Assistant [@EuclidAssistantBot]
2023-02-16 15:29:16 [WARNING] aiogram: Updates were skipped successfully.
2023-02-16 15:29:16 [INFO] __main__: Bot commands have been set.
2023-02-16 15:29:16 [INFO] __main__: Start schedule process.
2023-02-16 15:29:16 [INFO] aiogram.dispatcher.dispatcher: Start polling.
2023-02-16 15:29:26 [WARNING] bot.logic.search_engine: 25:00;25;0
2023-02-16 15:29:26 [DEBUG] bot.handlers.messages: Reminder handling: can not find time in message: 28 ג 25 hgrteh
2023-02-16 15:29:44 [WARNING] __main__: Shutdown dispatcher!!!
2023-02-16 15:29:44 [INFO] aiogram.dispatcher.dispatcher: Stop polling...
2023-02-16 15:29:44 [WARNING] aiogram: Goodbye!
2023-02-16 15:29:54 [INFO] __main__: Product:
~~~Telegram-bot for quick reminders~~~
VERSION: 1.1.3
LAST_UPDATE: 2023-02-16 15:29:54
The product is not commercial
Developed by Yastrah
GitHub: https://github.com/Yastrah
2023-02-16 15:29:54 [INFO] aiogram: Bot: Euclid Assistant [@EuclidAssistantBot]
2023-02-16 15:29:54 [WARNING] aiogram: Updates were skipped successfully.
2023-02-16 15:29:55 [INFO] __main__: Bot commands have been set.
2023-02-16 15:29:55 [INFO] __main__: Start schedule process.
2023-02-16 15:29:55 [INFO] aiogram.dispatcher.dispatcher: Start polling.
2023-02-16 15:30:02 [WARNING] bot.handlers.admin: Database was reset!
2023-02-16 15:30:03 [DEBUG] bot.handlers.admin: Admin 1990672413 reset database.
2023-02-16 15:30:09 [WARNING] __main__: Shutdown dispatcher!!!
2023-02-16 15:30:09 [INFO] aiogram.dispatcher.dispatcher: Stop polling...
2023-02-16 15:30:09 [WARNING] aiogram: Goodbye!
2023-02-16 15:33:22 [INFO] __main__: Product:
~~~Telegram-bot for quick reminders~~~
VERSION: 1.1.3
LAST_UPDATE: 2023-02-16 15:33:22
The product is not commercial
Developed by Yastrah
GitHub: https://github.com/Yastrah
2023-02-16 15:33:22 [INFO] aiogram: Bot: Euclid Assistant [@EuclidAssistantBot]
2023-02-16 15:33:22 [WARNING] aiogram: Updates were skipped successfully.
2023-02-16 15:33:22 [INFO] __main__: Bot commands have been set.
2023-02-16 15:33:22 [INFO] __main__: Start schedule process.
2023-02-16 15:33:22 [INFO] aiogram.dispatcher.dispatcher: Start polling.
2023-02-16 15:33:36 [DEBUG] bot.handlers.messages: Created reminder:
	 chat_id: 1990672413, reminder_id: 1, time: 25/03/2023 17:00, text: עוךסע
2023-02-16 15:33:47 [DEBUG] bot.handlers.messages: Created reminder:
	 chat_id: 1990672413, reminder_id: 2, time: 25/03/2023 17:00, text: עוךסע
2023-02-16 15:33:54 [DEBUG] bot.handlers.messages: Created reminder:
	 chat_id: 1990672413, reminder_id: 3, time: 25/03/2024 17:00, text: עוךסע
2023-02-16 15:34:03 [WARNING] bot.logic.search_engine: Reminder handling error!
2023-02-16 15:34:03 [DEBUG] bot.handlers.messages: Created reminder:
	 chat_id: 1990672413, reminder_id: 4, time: 25/03/2024 17:00, text: עוךסע
2023-02-16 15:38:42 [WARNING] __main__: Shutdown dispatcher!!!
2023-02-16 15:38:42 [INFO] aiogram.dispatcher.dispatcher: Stop polling...
2023-02-16 15:38:42 [WARNING] aiogram: Goodbye!
2023-02-16 15:38:43 [INFO] __main__: Product:
~~~Telegram-bot for quick reminders~~~
VERSION: 1.1.3
LAST_UPDATE: 2023-02-16 15:38:43
The product is not commercial
Developed by Yastrah
GitHub: https://github.com/Yastrah
2023-02-16 15:38:43 [INFO] aiogram: Bot: Euclid Assistant [@EuclidAssistantBot]
2023-02-16 15:38:44 [WARNING] aiogram: Updates were skipped successfully.
2023-02-16 15:38:44 [INFO] __main__: Bot commands have been set.
2023-02-16 15:38:44 [INFO] __main__: Start schedule process.
2023-02-16 15:38:44 [INFO] aiogram.dispatcher.dispatcher: Start polling.
2023-02-16 15:38:57 [WARNING] __main__: Shutdown dispatcher!!!
2023-02-16 15:38:57 [INFO] aiogram.dispatcher.dispatcher: Stop polling...
2023-02-16 15:38:57 [WARNING] aiogram: Goodbye!
2023-02-16 15:38:59 [INFO] __main__: Product:
~~~Telegram-bot for quick reminders~~~
VERSION: 1.1.3
LAST_UPDATE: 2023-02-16 15:38:59
The product is not commercial
Developed by Yastrah
GitHub: https://github.com/Yastrah
2023-02-16 15:38:59 [INFO] aiogram: Bot: Euclid Assistant [@EuclidAssistantBot]
2023-02-16 15:38:59 [WARNING] aiogram: Updates were skipped successfully.
2023-02-16 15:38:59 [INFO] __main__: Bot commands have been set.
2023-02-16 15:38:59 [INFO] __main__: Start schedule process.
2023-02-16 15:38:59 [INFO] aiogram.dispatcher.dispatcher: Start polling.
2023-02-16 15:39:30 [WARNING] __main__: Shutdown dispatcher!!!
2023-02-16 15:39:30 [INFO] aiogram.dispatcher.dispatcher: Stop polling...
2023-02-16 15:39:30 [WARNING] aiogram: Goodbye!
