2023-04-02 13:43:31 [INFO] __main__: Product:
~~~Telegram-bot for quick reminders~~~
VERSION: 1.3.9
LAST_UPDATE: 2023-04-02 13:43:31
The product is not commercial
Developed by Yastrah
GitHub: https://github.com/Yastrah
2023-04-02 13:43:31 [INFO] aiogram: Bot: Notify [@NotifyMeHelperBot]
2023-04-02 13:43:31 [WARNING] aiogram: Updates were skipped successfully.
2023-04-02 13:43:31 [INFO] __main__: Bot commands have been set.
2023-04-02 13:43:31 [DEBUG] bot.db.protection: Checking old reminders completed successfully. Found 2 old reminders.
2023-04-02 13:43:31 [INFO] __main__: Start schedule process.
2023-04-02 13:43:31 [INFO] aiogram.dispatcher.dispatcher: Start polling.
2023-04-02 13:43:59 [DEBUG] bot.handlers.settings: User 1990672413 set time_zone +04:00.
2023-04-02 13:44:03 [DEBUG] bot.handlers.settings: User 1990672413 set time_zone +03:00.
2023-04-02 13:44:16 [DEBUG] bot.handlers.messages: Created reminder for message: Через 1 мин проверка
	 chat_id: 1990672413, reminder_id: 3, time: 02/04/2023 10:45, uts: +03:00,
	text: проверка
2023-04-02 13:45:12 [INFO] bot.send_reminders: Reminder sent successfully to user 1990672413.
	Text: проверка
2023-04-02 13:45:32 [WARNING] __main__: Shutdown dispatcher...
2023-04-02 13:45:32 [INFO] aiogram.dispatcher.dispatcher: Stop polling...
2023-04-02 13:45:32 [WARNING] aiogram: Goodbye!
2023-04-02 14:31:52 [INFO] __main__: Product:
~~~Telegram-bot for quick reminders~~~
VERSION: 1.3.9
LAST_UPDATE: 2023-04-02 14:31:52
The product is not commercial
Developed by Yastrah
GitHub: https://github.com/Yastrah
2023-04-02 14:31:52 [INFO] aiogram: Bot: Notify [@NotifyMeHelperBot]
2023-04-02 14:31:52 [WARNING] aiogram: Updates were skipped successfully.
2023-04-02 14:31:52 [INFO] __main__: Bot commands have been set.
2023-04-02 14:31:52 [DEBUG] bot.db.protection: Checking old reminders completed successfully. Found 1 old reminders.
2023-04-02 14:31:52 [INFO] __main__: Start schedule process.
2023-04-02 14:31:52 [INFO] aiogram.dispatcher.dispatcher: Start polling.
2023-04-02 14:32:03 [DEBUG] bot.handlers.messages: Created reminder for message: Через 1 мин проверка
	 chat_id: 1990672413, reminder_id: 1, time: 02/04/2023 11:33, uts: +03:00,
	text: проверка
2023-04-02 14:33:04 [INFO] bot.send_reminders: Reminder sent successfully to user 1990672413.
	Text: проверка
2023-04-02 14:33:26 [WARNING] __main__: Shutdown dispatcher...
2023-04-02 14:33:26 [INFO] aiogram.dispatcher.dispatcher: Stop polling...
2023-04-02 14:33:26 [WARNING] aiogram: Goodbye!
