2023-04-12 00:06:18 [INFO] __main__: Product:
~~~Telegram-bot for quick reminders~~~
VERSION: 1.3.9
LAST_UPDATE: 2023-04-12 00:06:18
The product is not commercial
Developed by Yastrah
GitHub: https://github.com/Yastrah
2023-04-12 00:06:18 [INFO] aiogram: Bot: Notify [@NotifyMeHelperBot]
2023-04-12 00:06:18 [WARNING] aiogram: Updates were skipped successfully.
2023-04-12 00:06:18 [INFO] __main__: Bot commands have been set.
2023-04-12 00:06:18 [DEBUG] bot.db.protection: Checking old reminders completed successfully. Found 4 old reminders.
2023-04-12 00:06:19 [INFO] __main__: Start schedule process.
2023-04-12 00:06:19 [INFO] aiogram.dispatcher.dispatcher: Start polling.
2023-04-12 00:06:33 [WARNING] __main__: Shutdown dispatcher...
2023-04-12 00:06:33 [INFO] aiogram.dispatcher.dispatcher: Stop polling...
2023-04-12 00:06:33 [WARNING] aiogram: Goodbye!
2023-04-12 00:08:41 [INFO] __main__: Product:
~~~Telegram-bot for quick reminders~~~
VERSION: 1.3.9
LAST_UPDATE: 2023-04-12 00:08:41
The product is not commercial
Developed by Yastrah
GitHub: https://github.com/Yastrah
2023-04-12 00:08:41 [INFO] aiogram: Bot: Notify [@NotifyMeHelperBot]
2023-04-12 00:08:41 [WARNING] aiogram: Updates were skipped successfully.
2023-04-12 00:08:41 [INFO] __main__: Bot commands have been set.
2023-04-12 00:08:41 [ERROR] bot.db.protection: Unable to read and check database!
2023-04-12 00:08:41 [INFO] __main__: Start schedule process.
2023-04-12 00:08:41 [INFO] aiogram.dispatcher.dispatcher: Start polling.
2023-04-12 00:08:47 [WARNING] __main__: Shutdown dispatcher...
2023-04-12 00:10:31 [INFO] __main__: Product:
~~~Telegram-bot for quick reminders~~~
VERSION: 1.3.9
LAST_UPDATE: 2023-04-12 00:10:31
The product is not commercial
Developed by Yastrah
GitHub: https://github.com/Yastrah
2023-04-12 00:10:31 [INFO] aiogram: Bot: Notify [@NotifyMeHelperBot]
2023-04-12 00:10:31 [WARNING] aiogram: Updates were skipped successfully.
2023-04-12 00:10:32 [INFO] __main__: Bot commands have been set.
2023-04-12 00:10:32 [ERROR] bot.db.protection: Unable to read and check database!
2023-04-12 00:10:32 [INFO] __main__: Start schedule process.
2023-04-12 00:10:32 [INFO] aiogram.dispatcher.dispatcher: Start polling.
2023-04-12 00:10:45 [WARNING] __main__: Shutdown dispatcher...
2023-04-12 00:10:57 [INFO] __main__: Product:
~~~Telegram-bot for quick reminders~~~
VERSION: 1.3.9
LAST_UPDATE: 2023-04-12 00:10:57
The product is not commercial
Developed by Yastrah
GitHub: https://github.com/Yastrah
2023-04-12 00:10:57 [INFO] aiogram: Bot: Notify [@NotifyMeHelperBot]
2023-04-12 00:10:57 [WARNING] aiogram: Updates were skipped successfully.
2023-04-12 00:10:57 [INFO] __main__: Bot commands have been set.
2023-04-12 00:10:57 [ERROR] bot.db.protection: Unable to read and check database!
2023-04-12 00:10:57 [INFO] __main__: Start schedule process.
2023-04-12 00:10:57 [INFO] aiogram.dispatcher.dispatcher: Start polling.
2023-04-12 00:13:36 [INFO] __main__: Product:
~~~Telegram-bot for quick reminders~~~
VERSION: 1.3.9
LAST_UPDATE: 2023-04-12 00:13:36
The product is not commercial
Developed by Yastrah
GitHub: https://github.com/Yastrah
2023-04-12 00:13:36 [INFO] aiogram: Bot: Notify [@NotifyMeHelperBot]
2023-04-12 00:13:36 [WARNING] aiogram: Updates were skipped successfully.
2023-04-12 00:13:36 [INFO] __main__: Bot commands have been set.
2023-04-12 00:13:36 [ERROR] bot.db.protection: Unable to read and check database!
2023-04-12 00:13:36 [INFO] __main__: Start schedule process.
2023-04-12 00:13:36 [INFO] aiogram.dispatcher.dispatcher: Start polling.
2023-04-12 00:14:01 [WARNING] __main__: Shutdown dispatcher...
2023-04-12 00:14:05 [INFO] __main__: Product:
~~~Telegram-bot for quick reminders~~~
VERSION: 1.3.9
LAST_UPDATE: 2023-04-12 00:14:05
The product is not commercial
Developed by Yastrah
GitHub: https://github.com/Yastrah
2023-04-12 00:14:06 [INFO] aiogram: Bot: Notify [@NotifyMeHelperBot]
2023-04-12 00:14:06 [WARNING] aiogram: Updates were skipped successfully.
2023-04-12 00:14:06 [INFO] __main__: Bot commands have been set.
2023-04-12 00:14:06 [ERROR] bot.db.protection: Unable to read and check database!
2023-04-12 00:14:06 [INFO] __main__: Start schedule process.
2023-04-12 00:14:06 [INFO] aiogram.dispatcher.dispatcher: Start polling.
2023-04-12 00:14:30 [WARNING] __main__: Shutdown dispatcher...
2023-04-12 00:16:39 [INFO] __main__: Product:
~~~Telegram-bot for quick reminders~~~
VERSION: 1.3.9
LAST_UPDATE: 2023-04-12 00:16:39
The product is not commercial
Developed by Yastrah
GitHub: https://github.com/Yastrah
2023-04-12 00:16:39 [INFO] aiogram: Bot: Notify [@NotifyMeHelperBot]
2023-04-12 00:16:39 [WARNING] aiogram: Updates were skipped successfully.
2023-04-12 00:16:39 [INFO] __main__: Bot commands have been set.
2023-04-12 00:16:39 [ERROR] bot.db.protection: Unable to read and check database!
2023-04-12 00:16:39 [INFO] __main__: Start schedule process.
2023-04-12 00:16:39 [INFO] aiogram.dispatcher.dispatcher: Start polling.
2023-04-12 00:19:06 [WARNING] __main__: Shutdown dispatcher...
2023-04-12 00:19:10 [INFO] __main__: Product:
~~~Telegram-bot for quick reminders~~~
VERSION: 1.3.9
LAST_UPDATE: 2023-04-12 00:19:10
The product is not commercial
Developed by Yastrah
GitHub: https://github.com/Yastrah
2023-04-12 00:19:11 [INFO] aiogram: Bot: Notify [@NotifyMeHelperBot]
2023-04-12 00:19:11 [WARNING] aiogram: Updates were skipped successfully.
2023-04-12 00:19:11 [INFO] __main__: Bot commands have been set.
2023-04-12 00:19:11 [DEBUG] bot.db.protection: Checking old reminders completed successfully. There is no any reminders.
2023-04-12 00:19:11 [INFO] __main__: Start schedule process.
2023-04-12 00:19:11 [INFO] aiogram.dispatcher.dispatcher: Start polling.
2023-04-12 00:19:42 [DEBUG] bot.handlers.messages: Created reminder for message: через 1 мин проверка
	 chat_id: 1990672413, reminder_id: 1, time: 11/04/2023 21:20, uts: +03:00,
	text: проверка
2023-04-12 00:21:27 [WARNING] __main__: Shutdown dispatcher...
2023-04-12 00:24:00 [INFO] __main__: Product:
~~~Telegram-bot for quick reminders~~~
VERSION: 1.3.9
LAST_UPDATE: 2023-04-12 00:24:00
The product is not commercial
Developed by Yastrah
GitHub: https://github.com/Yastrah
2023-04-12 00:24:00 [INFO] aiogram: Bot: Notify [@NotifyMeHelperBot]
2023-04-12 00:24:00 [WARNING] aiogram: Updates were skipped successfully.
2023-04-12 00:24:01 [INFO] __main__: Bot commands have been set.
2023-04-12 00:24:01 [DEBUG] bot.db.protection: Checking old reminders completed successfully. Found 1 old reminders.
2023-04-12 00:24:01 [INFO] __main__: Start schedule process.
2023-04-12 00:24:01 [INFO] aiogram.dispatcher.dispatcher: Start polling.
2023-04-12 00:24:35 [WARNING] __main__: Shutdown dispatcher...
2023-04-12 00:24:39 [INFO] __main__: Product:
~~~Telegram-bot for quick reminders~~~
VERSION: 1.3.9
LAST_UPDATE: 2023-04-12 00:24:39
The product is not commercial
Developed by Yastrah
GitHub: https://github.com/Yastrah
2023-04-12 00:24:39 [INFO] aiogram: Bot: Notify [@NotifyMeHelperBot]
2023-04-12 00:24:39 [WARNING] aiogram: Updates were skipped successfully.
2023-04-12 00:24:39 [INFO] __main__: Bot commands have been set.
2023-04-12 00:24:39 [DEBUG] bot.db.protection: Checking old reminders completed successfully. There is no any reminders.
2023-04-12 00:24:39 [INFO] __main__: Start schedule process.
2023-04-12 00:24:39 [INFO] aiogram.dispatcher.dispatcher: Start polling.
2023-04-12 00:24:42 [WARNING] __main__: Shutdown dispatcher...
2023-04-12 00:29:39 [INFO] __main__: Product:
~~~Telegram-bot for quick reminders~~~
VERSION: 1.3.9
LAST_UPDATE: 2023-04-12 00:29:39
The product is not commercial
Developed by Yastrah
GitHub: https://github.com/Yastrah
2023-04-12 00:29:39 [INFO] aiogram: Bot: Notify [@NotifyMeHelperBot]
2023-04-12 00:29:39 [WARNING] aiogram: Updates were skipped successfully.
2023-04-12 00:29:39 [INFO] __main__: Bot commands have been set.
2023-04-12 00:29:39 [DEBUG] bot.db.protection: Checking old reminders completed successfully. There is no any reminders.
2023-04-12 00:29:39 [INFO] __main__: Start schedule process...
2023-04-12 00:29:39 [INFO] aiogram.dispatcher.dispatcher: Start polling.
2023-04-12 00:29:41 [WARNING] __main__: Shutdown dispatcher...
2023-04-12 00:29:41 [WARNING] __main__: Shutdown schedule process...
2023-04-12 00:29:41 [INFO] aiogram.dispatcher.dispatcher: Stop polling...
2023-04-12 00:29:41 [WARNING] aiogram: Goodbye!
2023-04-12 00:30:16 [INFO] __main__: Product:
~~~Telegram-bot for quick reminders~~~
VERSION: 1.3.9
LAST_UPDATE: 2023-04-12 00:30:16
The product is not commercial
Developed by Yastrah
GitHub: https://github.com/Yastrah
2023-04-12 00:30:16 [INFO] aiogram: Bot: Notify [@NotifyMeHelperBot]
2023-04-12 00:30:16 [WARNING] aiogram: Updates were skipped successfully.
2023-04-12 00:30:16 [INFO] __main__: Bot commands have been set.
2023-04-12 00:30:16 [DEBUG] bot.db.protection: Checking old reminders completed successfully. There is no any reminders.
2023-04-12 00:30:16 [INFO] __main__: Start schedule process...
2023-04-12 00:30:16 [INFO] aiogram.dispatcher.dispatcher: Start polling.
2023-04-12 00:30:27 [WARNING] __main__: Shutdown dispatcher...
2023-04-12 00:30:27 [WARNING] __main__: Shutdown schedule process...
2023-04-12 00:30:27 [INFO] aiogram.dispatcher.dispatcher: Stop polling...
2023-04-12 00:30:27 [WARNING] aiogram: Goodbye!
2023-04-12 00:31:17 [INFO] __main__: Product:
~~~Telegram-bot for quick reminders~~~
VERSION: 1.3.9
LAST_UPDATE: 2023-04-12 00:31:17
The product is not commercial
Developed by Yastrah
GitHub: https://github.com/Yastrah
2023-04-12 00:31:17 [INFO] aiogram: Bot: Notify [@NotifyMeHelperBot]
2023-04-12 00:31:17 [WARNING] aiogram: Updates were skipped successfully.
2023-04-12 00:31:17 [INFO] __main__: Bot commands have been set.
2023-04-12 00:31:17 [DEBUG] bot.db.protection: Checking old reminders completed successfully. There is no any reminders.
2023-04-12 00:31:17 [INFO] __main__: Start schedule process.
2023-04-12 00:31:17 [INFO] aiogram.dispatcher.dispatcher: Start polling.
2023-04-12 00:31:22 [WARNING] __main__: Shutdown dispatcher...
2023-04-12 00:31:22 [INFO] aiogram.dispatcher.dispatcher: Stop polling...
2023-04-12 00:31:22 [WARNING] aiogram: Goodbye!
2023-04-12 00:31:27 [WARNING] bot.send_reminders: Shutdown schedule process...
2023-04-12 00:32:02 [INFO] __main__: Product:
~~~Telegram-bot for quick reminders~~~
VERSION: 1.3.9
LAST_UPDATE: 2023-04-12 00:32:02
The product is not commercial
Developed by Yastrah
GitHub: https://github.com/Yastrah
2023-04-12 00:32:02 [INFO] aiogram: Bot: Notify [@NotifyMeHelperBot]
2023-04-12 00:32:02 [WARNING] aiogram: Updates were skipped successfully.
2023-04-12 00:32:02 [INFO] __main__: Bot commands have been set.
2023-04-12 00:32:02 [DEBUG] bot.db.protection: Checking old reminders completed successfully. There is no any reminders.
2023-04-12 00:32:02 [INFO] __main__: Start schedule process.
2023-04-12 00:32:02 [INFO] aiogram.dispatcher.dispatcher: Start polling.
2023-04-12 00:32:15 [DEBUG] bot.handlers.messages: Created reminder for message: через 1 мин проверка
	 chat_id: 1990672413, reminder_id: 1, time: 11/04/2023 21:33, uts: +03:00,
	text: проверка
2023-04-12 00:33:11 [INFO] bot.send_reminders: Reminder sent successfully to user 1990672413.
	Text: проверка
2023-04-12 00:33:36 [WARNING] __main__: Shutdown dispatcher...
2023-04-12 00:33:36 [INFO] aiogram.dispatcher.dispatcher: Stop polling...
2023-04-12 00:33:36 [WARNING] aiogram: Goodbye!
2023-04-12 00:33:37 [WARNING] bot.send_reminders: Shutdown schedule process...
2023-04-12 00:39:21 [INFO] __main__: Product:
~~~Telegram-bot for quick reminders~~~
VERSION: 1.4.0
LAST_UPDATE: 2023-04-12 00:39:21
The product is not commercial
Developed by Yastrah
GitHub: https://github.com/Yastrah
2023-04-12 00:39:21 [INFO] aiogram: Bot: Notify [@NotifyMeHelperBot]
2023-04-12 00:39:21 [WARNING] aiogram: Updates were skipped successfully.
2023-04-12 00:39:22 [INFO] __main__: Bot commands have been set.
2023-04-12 00:39:22 [DEBUG] bot.db.protection: Checking old reminders completed successfully. There is no any reminders.
2023-04-12 00:39:22 [INFO] __main__: Start schedule process.
2023-04-12 00:39:22 [INFO] aiogram.dispatcher.dispatcher: Start polling.
2023-04-12 00:39:27 [WARNING] __main__: Shutdown dispatcher...
2023-04-12 00:39:27 [INFO] aiogram.dispatcher.dispatcher: Stop polling...
2023-04-12 00:39:27 [WARNING] aiogram: Goodbye!
2023-04-12 00:39:32 [WARNING] bot.send_reminders: Shutdown schedule process...
