2023-02-25 18:43:18 [INFO] __main__: Product:
~~~Telegram-bot for quick reminders~~~
VERSION: 1.1.9
LAST_UPDATE: 2023-02-25 18:43:18
The product is not commercial
Developed by Yastrah
GitHub: https://github.com/Yastrah
2023-02-25 18:43:18 [INFO] aiogram: Bot: Euclid Assistant [@EuclidAssistantBot]
2023-02-25 18:43:18 [WARNING] aiogram: Updates were skipped successfully.
2023-02-25 18:43:18 [INFO] __main__: Bot commands have been set.
2023-02-25 18:43:18 [INFO] __main__: Start schedule process.
2023-02-25 18:43:18 [INFO] aiogram.dispatcher.dispatcher: Start polling.
2023-02-25 18:43:20 [WARNING] __main__: Shutdown dispatcher!!!
2023-02-25 18:43:20 [INFO] aiogram.dispatcher.dispatcher: Stop polling...
2023-02-25 18:43:20 [WARNING] aiogram: Goodbye!
2023-02-25 18:44:24 [INFO] __main__: Product:
~~~Telegram-bot for quick reminders~~~
VERSION: 1.2.0
LAST_UPDATE: 2023-02-25 18:44:24
The product is not commercial
Developed by Yastrah
GitHub: https://github.com/Yastrah
2023-02-25 18:44:25 [INFO] aiogram: Bot: Euclid Assistant [@EuclidAssistantBot]
2023-02-25 18:44:25 [WARNING] aiogram: Updates were skipped successfully.
2023-02-25 18:44:25 [INFO] __main__: Bot commands have been set.
2023-02-25 18:44:25 [INFO] __main__: Start schedule process.
2023-02-25 18:44:25 [INFO] aiogram.dispatcher.dispatcher: Start polling.
2023-02-25 18:44:39 [DEBUG] bot.handlers.messages: Reminder handling: can not find date in message: /report
2023-02-25 18:46:36 [WARNING] __main__: Shutdown dispatcher!!!
2023-02-25 18:46:36 [INFO] aiogram.dispatcher.dispatcher: Stop polling...
2023-02-25 18:46:36 [WARNING] aiogram: Goodbye!
2023-02-25 18:46:38 [INFO] __main__: Product:
~~~Telegram-bot for quick reminders~~~
VERSION: 1.2.0
LAST_UPDATE: 2023-02-25 18:46:38
The product is not commercial
Developed by Yastrah
GitHub: https://github.com/Yastrah
2023-02-25 18:46:39 [INFO] aiogram: Bot: Euclid Assistant [@EuclidAssistantBot]
2023-02-25 18:46:39 [WARNING] aiogram: Updates were skipped successfully.
2023-02-25 18:46:40 [INFO] __main__: Bot commands have been set.
2023-02-25 18:46:40 [INFO] __main__: Start schedule process.
2023-02-25 18:46:40 [INFO] aiogram.dispatcher.dispatcher: Start polling.
2023-02-25 18:47:46 [WARNING] __main__: Shutdown dispatcher!!!
2023-02-25 18:47:46 [INFO] aiogram.dispatcher.dispatcher: Stop polling...
2023-02-25 18:47:46 [WARNING] aiogram: Goodbye!
2023-02-25 18:47:48 [INFO] __main__: Product:
~~~Telegram-bot for quick reminders~~~
VERSION: 1.2.0
LAST_UPDATE: 2023-02-25 18:47:48
The product is not commercial
Developed by Yastrah
GitHub: https://github.com/Yastrah
2023-02-25 18:47:49 [INFO] aiogram: Bot: Euclid Assistant [@EuclidAssistantBot]
2023-02-25 18:47:49 [WARNING] aiogram: Updates were skipped successfully.
2023-02-25 18:47:50 [INFO] __main__: Bot commands have been set.
2023-02-25 18:47:50 [INFO] __main__: Start schedule process.
2023-02-25 18:47:50 [INFO] aiogram.dispatcher.dispatcher: Start polling.
2023-02-25 18:49:27 [WARNING] __main__: Shutdown dispatcher!!!
2023-02-25 18:49:27 [INFO] aiogram.dispatcher.dispatcher: Stop polling...
2023-02-25 18:49:27 [WARNING] aiogram: Goodbye!
2023-02-25 18:49:30 [INFO] __main__: Product:
~~~Telegram-bot for quick reminders~~~
VERSION: 1.2.0
LAST_UPDATE: 2023-02-25 18:49:30
The product is not commercial
Developed by Yastrah
GitHub: https://github.com/Yastrah
2023-02-25 18:49:30 [INFO] aiogram: Bot: Euclid Assistant [@EuclidAssistantBot]
2023-02-25 18:49:31 [WARNING] aiogram: Updates were skipped successfully.
2023-02-25 18:49:31 [INFO] __main__: Bot commands have been set.
2023-02-25 18:49:31 [INFO] __main__: Start schedule process.
2023-02-25 18:49:31 [INFO] aiogram.dispatcher.dispatcher: Start polling.
2023-02-25 18:52:26 [WARNING] __main__: Shutdown dispatcher!!!
2023-02-25 18:52:26 [INFO] aiogram.dispatcher.dispatcher: Stop polling...
2023-02-25 18:52:26 [WARNING] aiogram: Goodbye!
2023-02-25 18:52:30 [INFO] __main__: Product:
~~~Telegram-bot for quick reminders~~~
VERSION: 1.2.0
LAST_UPDATE: 2023-02-25 18:52:30
The product is not commercial
Developed by Yastrah
GitHub: https://github.com/Yastrah
2023-02-25 18:52:31 [INFO] aiogram: Bot: Euclid Assistant [@EuclidAssistantBot]
2023-02-25 18:52:31 [WARNING] aiogram: Updates were skipped successfully.
2023-02-25 18:52:31 [INFO] __main__: Bot commands have been set.
2023-02-25 18:52:31 [INFO] __main__: Start schedule process.
2023-02-25 18:52:31 [INFO] aiogram.dispatcher.dispatcher: Start polling.
2023-02-25 18:54:11 [WARNING] __main__: Shutdown dispatcher!!!
2023-02-25 18:54:11 [INFO] aiogram.dispatcher.dispatcher: Stop polling...
2023-02-25 18:54:11 [WARNING] aiogram: Goodbye!
2023-02-25 18:54:18 [INFO] __main__: Product:
~~~Telegram-bot for quick reminders~~~
VERSION: 1.2.0
LAST_UPDATE: 2023-02-25 18:54:18
The product is not commercial
Developed by Yastrah
GitHub: https://github.com/Yastrah
2023-02-25 18:54:18 [INFO] aiogram: Bot: Euclid Assistant [@EuclidAssistantBot]
2023-02-25 18:54:18 [WARNING] aiogram: Updates were skipped successfully.
2023-02-25 18:54:18 [INFO] __main__: Bot commands have been set.
2023-02-25 18:54:18 [INFO] __main__: Start schedule process.
2023-02-25 18:54:18 [INFO] aiogram.dispatcher.dispatcher: Start polling.
2023-02-25 18:54:20 [WARNING] __main__: Shutdown dispatcher!!!
2023-02-25 18:54:20 [INFO] aiogram.dispatcher.dispatcher: Stop polling...
2023-02-25 18:54:20 [WARNING] aiogram: Goodbye!
2023-02-25 18:56:23 [INFO] __main__: Product:
~~~Telegram-bot for quick reminders~~~
VERSION: 1.2.0
LAST_UPDATE: 2023-02-25 18:56:23
The product is not commercial
Developed by Yastrah
GitHub: https://github.com/Yastrah
2023-02-25 18:56:23 [INFO] aiogram: Bot: Euclid Assistant [@EuclidAssistantBot]
2023-02-25 18:56:23 [WARNING] aiogram: Updates were skipped successfully.
2023-02-25 18:56:23 [INFO] __main__: Bot commands have been set.
2023-02-25 18:56:23 [INFO] __main__: Start schedule process.
2023-02-25 18:56:23 [INFO] aiogram.dispatcher.dispatcher: Start polling.
2023-02-25 18:58:09 [WARNING] __main__: Shutdown dispatcher!!!
2023-02-25 18:58:09 [INFO] aiogram.dispatcher.dispatcher: Stop polling...
2023-02-25 18:58:09 [WARNING] aiogram: Goodbye!
2023-02-25 18:58:11 [INFO] __main__: Product:
~~~Telegram-bot for quick reminders~~~
VERSION: 1.2.0
LAST_UPDATE: 2023-02-25 18:58:11
The product is not commercial
Developed by Yastrah
GitHub: https://github.com/Yastrah
2023-02-25 18:58:11 [INFO] aiogram: Bot: Euclid Assistant [@EuclidAssistantBot]
2023-02-25 18:58:12 [WARNING] aiogram: Updates were skipped successfully.
2023-02-25 18:58:12 [INFO] __main__: Bot commands have been set.
2023-02-25 18:58:12 [INFO] __main__: Start schedule process.
2023-02-25 18:58:12 [INFO] aiogram.dispatcher.dispatcher: Start polling.
2023-02-25 18:58:55 [WARNING] __main__: Shutdown dispatcher!!!
2023-02-25 18:58:55 [INFO] aiogram.dispatcher.dispatcher: Stop polling...
2023-02-25 18:58:55 [WARNING] aiogram: Goodbye!
2023-02-25 18:58:58 [INFO] __main__: Product:
~~~Telegram-bot for quick reminders~~~
VERSION: 1.2.0
LAST_UPDATE: 2023-02-25 18:58:58
The product is not commercial
Developed by Yastrah
GitHub: https://github.com/Yastrah
2023-02-25 18:58:58 [INFO] aiogram: Bot: Euclid Assistant [@EuclidAssistantBot]
2023-02-25 18:58:58 [WARNING] aiogram: Updates were skipped successfully.
2023-02-25 18:58:59 [INFO] __main__: Bot commands have been set.
2023-02-25 18:58:59 [INFO] __main__: Start schedule process.
2023-02-25 18:58:59 [INFO] aiogram.dispatcher.dispatcher: Start polling.
2023-02-25 19:01:08 [WARNING] __main__: Shutdown dispatcher!!!
2023-02-25 19:01:08 [INFO] aiogram.dispatcher.dispatcher: Stop polling...
2023-02-25 19:01:08 [WARNING] aiogram: Goodbye!
2023-02-25 19:01:20 [INFO] __main__: Product:
~~~Telegram-bot for quick reminders~~~
VERSION: 1.2.0
LAST_UPDATE: 2023-02-25 19:01:20
The product is not commercial
Developed by Yastrah
GitHub: https://github.com/Yastrah
2023-02-25 19:01:21 [INFO] aiogram: Bot: Euclid Assistant [@EuclidAssistantBot]
2023-02-25 19:01:21 [WARNING] aiogram: Updates were skipped successfully.
2023-02-25 19:01:21 [INFO] __main__: Bot commands have been set.
2023-02-25 19:01:21 [INFO] __main__: Start schedule process.
2023-02-25 19:01:21 [INFO] aiogram.dispatcher.dispatcher: Start polling.
2023-02-25 19:01:39 [WARNING] __main__: Shutdown dispatcher!!!
2023-02-25 19:01:39 [INFO] aiogram.dispatcher.dispatcher: Stop polling...
2023-02-25 19:01:39 [WARNING] aiogram: Goodbye!
2023-02-25 19:01:42 [INFO] __main__: Product:
~~~Telegram-bot for quick reminders~~~
VERSION: 1.2.0
LAST_UPDATE: 2023-02-25 19:01:42
The product is not commercial
Developed by Yastrah
GitHub: https://github.com/Yastrah
2023-02-25 19:01:42 [INFO] aiogram: Bot: Euclid Assistant [@EuclidAssistantBot]
2023-02-25 19:01:42 [WARNING] aiogram: Updates were skipped successfully.
2023-02-25 19:01:42 [INFO] __main__: Bot commands have been set.
2023-02-25 19:01:42 [INFO] __main__: Start schedule process.
2023-02-25 19:01:42 [INFO] aiogram.dispatcher.dispatcher: Start polling.
2023-02-25 19:02:25 [WARNING] __main__: Shutdown dispatcher!!!
2023-02-25 19:02:25 [INFO] aiogram.dispatcher.dispatcher: Stop polling...
2023-02-25 19:02:25 [WARNING] aiogram: Goodbye!
2023-02-25 19:02:28 [INFO] __main__: Product:
~~~Telegram-bot for quick reminders~~~
VERSION: 1.2.0
LAST_UPDATE: 2023-02-25 19:02:28
The product is not commercial
Developed by Yastrah
GitHub: https://github.com/Yastrah
2023-02-25 19:02:28 [INFO] aiogram: Bot: Euclid Assistant [@EuclidAssistantBot]
2023-02-25 19:02:28 [WARNING] aiogram: Updates were skipped successfully.
2023-02-25 19:02:28 [INFO] __main__: Bot commands have been set.
2023-02-25 19:02:28 [INFO] __main__: Start schedule process.
2023-02-25 19:02:28 [INFO] aiogram.dispatcher.dispatcher: Start polling.
2023-02-25 19:03:34 [WARNING] __main__: Shutdown dispatcher!!!
2023-02-25 19:03:34 [INFO] aiogram.dispatcher.dispatcher: Stop polling...
2023-02-25 19:03:34 [WARNING] aiogram: Goodbye!
2023-02-25 19:03:45 [INFO] __main__: Product:
~~~Telegram-bot for quick reminders~~~
VERSION: 1.2.0
LAST_UPDATE: 2023-02-25 19:03:45
The product is not commercial
Developed by Yastrah
GitHub: https://github.com/Yastrah
2023-02-25 19:03:46 [INFO] aiogram: Bot: Euclid Assistant [@EuclidAssistantBot]
2023-02-25 19:03:46 [WARNING] aiogram: Updates were skipped successfully.
2023-02-25 19:03:46 [INFO] __main__: Bot commands have been set.
2023-02-25 19:03:46 [INFO] __main__: Start schedule process.
2023-02-25 19:03:46 [INFO] aiogram.dispatcher.dispatcher: Start polling.
2023-02-25 19:04:22 [WARNING] __main__: Shutdown dispatcher!!!
2023-02-25 19:04:22 [INFO] aiogram.dispatcher.dispatcher: Stop polling...
2023-02-25 19:04:22 [WARNING] aiogram: Goodbye!
2023-02-25 19:04:25 [INFO] __main__: Product:
~~~Telegram-bot for quick reminders~~~
VERSION: 1.2.0
LAST_UPDATE: 2023-02-25 19:04:25
The product is not commercial
Developed by Yastrah
GitHub: https://github.com/Yastrah
2023-02-25 19:04:25 [INFO] aiogram: Bot: Euclid Assistant [@EuclidAssistantBot]
2023-02-25 19:04:25 [WARNING] aiogram: Updates were skipped successfully.
2023-02-25 19:04:26 [INFO] __main__: Bot commands have been set.
2023-02-25 19:04:26 [INFO] __main__: Start schedule process.
2023-02-25 19:04:26 [INFO] aiogram.dispatcher.dispatcher: Start polling.
2023-02-25 19:04:59 [WARNING] __main__: Shutdown dispatcher!!!
2023-02-25 19:04:59 [INFO] aiogram.dispatcher.dispatcher: Stop polling...
2023-02-25 19:04:59 [WARNING] aiogram: Goodbye!
2023-02-25 19:05:02 [INFO] __main__: Product:
~~~Telegram-bot for quick reminders~~~
VERSION: 1.2.0
LAST_UPDATE: 2023-02-25 19:05:02
The product is not commercial
Developed by Yastrah
GitHub: https://github.com/Yastrah
2023-02-25 19:05:02 [INFO] aiogram: Bot: Euclid Assistant [@EuclidAssistantBot]
2023-02-25 19:05:02 [WARNING] aiogram: Updates were skipped successfully.
2023-02-25 19:05:02 [INFO] __main__: Bot commands have been set.
2023-02-25 19:05:02 [INFO] __main__: Start schedule process.
2023-02-25 19:05:02 [INFO] aiogram.dispatcher.dispatcher: Start polling.
2023-02-25 19:06:10 [WARNING] __main__: Shutdown dispatcher!!!
2023-02-25 19:06:10 [INFO] aiogram.dispatcher.dispatcher: Stop polling...
2023-02-25 19:06:10 [WARNING] aiogram: Goodbye!
2023-02-25 19:06:24 [INFO] __main__: Product:
~~~Telegram-bot for quick reminders~~~
VERSION: 1.2.0
LAST_UPDATE: 2023-02-25 19:06:24
The product is not commercial
Developed by Yastrah
GitHub: https://github.com/Yastrah
2023-02-25 19:06:24 [INFO] aiogram: Bot: Euclid Assistant [@EuclidAssistantBot]
2023-02-25 19:06:25 [WARNING] aiogram: Updates were skipped successfully.
2023-02-25 19:06:25 [INFO] __main__: Bot commands have been set.
2023-02-25 19:06:25 [INFO] __main__: Start schedule process.
2023-02-25 19:06:25 [INFO] aiogram.dispatcher.dispatcher: Start polling.
2023-02-25 19:21:12 [WARNING] __main__: Shutdown dispatcher!!!
2023-02-25 19:21:12 [INFO] aiogram.dispatcher.dispatcher: Stop polling...
2023-02-25 19:21:12 [WARNING] aiogram: Goodbye!
2023-02-25 19:21:16 [INFO] __main__: Product:
~~~Telegram-bot for quick reminders~~~
VERSION: 1.2.0
LAST_UPDATE: 2023-02-25 19:21:16
The product is not commercial
Developed by Yastrah
GitHub: https://github.com/Yastrah
2023-02-25 19:21:16 [INFO] aiogram: Bot: Euclid Assistant [@EuclidAssistantBot]
2023-02-25 19:21:17 [WARNING] aiogram: Updates were skipped successfully.
2023-02-25 19:21:17 [INFO] __main__: Bot commands have been set.
2023-02-25 19:21:17 [INFO] __main__: Start schedule process.
2023-02-25 19:21:17 [INFO] aiogram.dispatcher.dispatcher: Start polling.
2023-02-25 19:22:23 [WARNING] __main__: Shutdown dispatcher!!!
2023-02-25 19:22:23 [INFO] aiogram.dispatcher.dispatcher: Stop polling...
2023-02-25 19:22:23 [WARNING] aiogram: Goodbye!
2023-02-25 19:22:27 [INFO] __main__: Product:
~~~Telegram-bot for quick reminders~~~
VERSION: 1.2.0
LAST_UPDATE: 2023-02-25 19:22:27
The product is not commercial
Developed by Yastrah
GitHub: https://github.com/Yastrah
2023-02-25 19:22:28 [INFO] aiogram: Bot: Euclid Assistant [@EuclidAssistantBot]
2023-02-25 19:22:28 [WARNING] aiogram: Updates were skipped successfully.
2023-02-25 19:22:28 [INFO] __main__: Bot commands have been set.
2023-02-25 19:22:28 [INFO] __main__: Start schedule process.
2023-02-25 19:22:28 [INFO] aiogram.dispatcher.dispatcher: Start polling.
2023-02-25 19:22:31 [WARNING] __main__: Shutdown dispatcher!!!
2023-02-25 19:22:31 [INFO] aiogram.dispatcher.dispatcher: Stop polling...
2023-02-25 19:22:31 [WARNING] aiogram: Goodbye!
2023-02-25 19:22:35 [INFO] __main__: Product:
~~~Telegram-bot for quick reminders~~~
VERSION: 1.2.0
LAST_UPDATE: 2023-02-25 19:22:35
The product is not commercial
Developed by Yastrah
GitHub: https://github.com/Yastrah
2023-02-25 19:22:36 [INFO] aiogram: Bot: Euclid Assistant [@EuclidAssistantBot]
2023-02-25 19:22:36 [WARNING] aiogram: Updates were skipped successfully.
2023-02-25 19:22:36 [INFO] __main__: Bot commands have been set.
2023-02-25 19:22:36 [INFO] __main__: Start schedule process.
2023-02-25 19:22:36 [INFO] aiogram.dispatcher.dispatcher: Start polling.
2023-02-25 19:25:22 [WARNING] __main__: Shutdown dispatcher!!!
2023-02-25 19:25:22 [INFO] aiogram.dispatcher.dispatcher: Stop polling...
2023-02-25 19:25:22 [WARNING] aiogram: Goodbye!
2023-02-25 19:25:25 [INFO] __main__: Product:
~~~Telegram-bot for quick reminders~~~
VERSION: 1.2.0
LAST_UPDATE: 2023-02-25 19:25:25
The product is not commercial
Developed by Yastrah
GitHub: https://github.com/Yastrah
2023-02-25 19:25:25 [INFO] aiogram: Bot: Euclid Assistant [@EuclidAssistantBot]
2023-02-25 19:25:25 [WARNING] aiogram: Updates were skipped successfully.
2023-02-25 19:25:25 [INFO] __main__: Bot commands have been set.
2023-02-25 19:25:25 [INFO] __main__: Start schedule process.
2023-02-25 19:25:25 [INFO] aiogram.dispatcher.dispatcher: Start polling.
2023-02-25 19:25:48 [WARNING] __main__: Shutdown dispatcher!!!
2023-02-25 19:25:48 [INFO] aiogram.dispatcher.dispatcher: Stop polling...
2023-02-25 19:25:48 [WARNING] aiogram: Goodbye!
2023-02-25 19:25:50 [INFO] __main__: Product:
~~~Telegram-bot for quick reminders~~~
VERSION: 1.2.0
LAST_UPDATE: 2023-02-25 19:25:50
The product is not commercial
Developed by Yastrah
GitHub: https://github.com/Yastrah
2023-02-25 19:25:51 [INFO] aiogram: Bot: Euclid Assistant [@EuclidAssistantBot]
2023-02-25 19:25:51 [WARNING] aiogram: Updates were skipped successfully.
2023-02-25 19:25:51 [INFO] __main__: Bot commands have been set.
2023-02-25 19:25:51 [INFO] __main__: Start schedule process.
2023-02-25 19:25:51 [INFO] aiogram.dispatcher.dispatcher: Start polling.
2023-02-25 19:30:05 [WARNING] __main__: Shutdown dispatcher!!!
2023-02-25 19:30:05 [INFO] aiogram.dispatcher.dispatcher: Stop polling...
2023-02-25 19:30:05 [WARNING] aiogram: Goodbye!
2023-02-25 19:30:08 [INFO] __main__: Product:
~~~Telegram-bot for quick reminders~~~
VERSION: 1.2.0
LAST_UPDATE: 2023-02-25 19:30:08
The product is not commercial
Developed by Yastrah
GitHub: https://github.com/Yastrah
2023-02-25 19:30:08 [INFO] aiogram: Bot: Euclid Assistant [@EuclidAssistantBot]
2023-02-25 19:30:09 [WARNING] aiogram: Updates were skipped successfully.
2023-02-25 19:30:09 [INFO] __main__: Bot commands have been set.
2023-02-25 19:30:09 [INFO] __main__: Start schedule process.
2023-02-25 19:30:09 [INFO] aiogram.dispatcher.dispatcher: Start polling.
2023-02-25 19:31:46 [WARNING] __main__: Shutdown dispatcher!!!
2023-02-25 19:31:46 [INFO] aiogram.dispatcher.dispatcher: Stop polling...
2023-02-25 19:31:46 [WARNING] aiogram: Goodbye!
2023-02-25 19:31:49 [INFO] __main__: Product:
~~~Telegram-bot for quick reminders~~~
VERSION: 1.2.0
LAST_UPDATE: 2023-02-25 19:31:49
The product is not commercial
Developed by Yastrah
GitHub: https://github.com/Yastrah
2023-02-25 19:31:50 [INFO] aiogram: Bot: Euclid Assistant [@EuclidAssistantBot]
2023-02-25 19:31:50 [WARNING] aiogram: Updates were skipped successfully.
2023-02-25 19:31:50 [INFO] __main__: Bot commands have been set.
2023-02-25 19:31:50 [INFO] __main__: Start schedule process.
2023-02-25 19:31:50 [INFO] aiogram.dispatcher.dispatcher: Start polling.
2023-02-25 19:32:48 [WARNING] __main__: Shutdown dispatcher!!!
2023-02-25 19:32:48 [INFO] aiogram.dispatcher.dispatcher: Stop polling...
2023-02-25 19:32:48 [WARNING] aiogram: Goodbye!
2023-02-25 19:32:51 [INFO] __main__: Product:
~~~Telegram-bot for quick reminders~~~
VERSION: 1.2.0
LAST_UPDATE: 2023-02-25 19:32:51
The product is not commercial
Developed by Yastrah
GitHub: https://github.com/Yastrah
2023-02-25 19:32:51 [INFO] aiogram: Bot: Euclid Assistant [@EuclidAssistantBot]
2023-02-25 19:32:51 [WARNING] aiogram: Updates were skipped successfully.
2023-02-25 19:32:52 [INFO] __main__: Bot commands have been set.
2023-02-25 19:32:52 [INFO] __main__: Start schedule process.
2023-02-25 19:32:52 [INFO] aiogram.dispatcher.dispatcher: Start polling.
2023-02-25 19:36:07 [WARNING] __main__: Shutdown dispatcher!!!
2023-02-25 19:36:07 [INFO] aiogram.dispatcher.dispatcher: Stop polling...
2023-02-25 19:36:07 [WARNING] aiogram: Goodbye!
2023-02-25 19:36:10 [INFO] __main__: Product:
~~~Telegram-bot for quick reminders~~~
VERSION: 1.2.0
LAST_UPDATE: 2023-02-25 19:36:10
The product is not commercial
Developed by Yastrah
GitHub: https://github.com/Yastrah
2023-02-25 19:36:10 [INFO] aiogram: Bot: Euclid Assistant [@EuclidAssistantBot]
2023-02-25 19:36:11 [WARNING] aiogram: Updates were skipped successfully.
2023-02-25 19:36:11 [INFO] __main__: Bot commands have been set.
2023-02-25 19:36:11 [INFO] __main__: Start schedule process.
2023-02-25 19:36:11 [INFO] aiogram.dispatcher.dispatcher: Start polling.
2023-02-25 19:38:03 [WARNING] __main__: Shutdown dispatcher!!!
2023-02-25 19:38:03 [INFO] aiogram.dispatcher.dispatcher: Stop polling...
2023-02-25 19:38:03 [WARNING] aiogram: Goodbye!
2023-02-25 19:38:05 [INFO] __main__: Product:
~~~Telegram-bot for quick reminders~~~
VERSION: 1.2.0
LAST_UPDATE: 2023-02-25 19:38:05
The product is not commercial
Developed by Yastrah
GitHub: https://github.com/Yastrah
2023-02-25 19:38:06 [INFO] aiogram: Bot: Euclid Assistant [@EuclidAssistantBot]
2023-02-25 19:38:06 [WARNING] aiogram: Updates were skipped successfully.
2023-02-25 19:38:06 [INFO] __main__: Bot commands have been set.
2023-02-25 19:38:06 [INFO] __main__: Start schedule process.
2023-02-25 19:38:06 [INFO] aiogram.dispatcher.dispatcher: Start polling.
2023-02-25 19:38:14 [ERROR] asyncio: Task exception was never retrieved
future: <Task finished name='Task-10' coro=<Dispatcher._process_polling_updates() done, defined at C:\GitHub\Telegram-bot-Euclid\venv\lib\site-packages\aiogram\dispatcher\dispatcher.py:407> exception=NameError("name 'count' is not defined")>
Traceback (most recent call last):
  File "C:\GitHub\Telegram-bot-Euclid\venv\lib\site-packages\aiogram\dispatcher\dispatcher.py", line 415, in _process_polling_updates
    for responses in itertools.chain.from_iterable(await self.process_updates(updates, fast)):
  File "C:\GitHub\Telegram-bot-Euclid\venv\lib\site-packages\aiogram\dispatcher\dispatcher.py", line 235, in process_updates
    return await asyncio.gather(*tasks)
  File "C:\GitHub\Telegram-bot-Euclid\venv\lib\site-packages\aiogram\dispatcher\handler.py", line 116, in notify
    response = await handler_obj.handler(*args, **partial_data)
  File "C:\GitHub\Telegram-bot-Euclid\venv\lib\site-packages\aiogram\dispatcher\dispatcher.py", line 256, in process_update
    return await self.message_handlers.notify(update.message)
  File "C:\GitHub\Telegram-bot-Euclid\venv\lib\site-packages\aiogram\dispatcher\handler.py", line 116, in notify
    response = await handler_obj.handler(*args, **partial_data)
  File "C:\GitHub\Telegram-bot-Euclid\bot\handlers\report.py", line 45, in cmd_report_with_foto
    await message.photo[-1].download(destination_file=f"data/reports_photos/{message.from_user.id}_{reports_count+1}_{count}.png")
NameError: name 'count' is not defined
2023-02-25 19:38:30 [WARNING] __main__: Shutdown dispatcher!!!
2023-02-25 19:38:30 [INFO] aiogram.dispatcher.dispatcher: Stop polling...
2023-02-25 19:38:30 [WARNING] aiogram: Goodbye!
2023-02-25 19:38:32 [INFO] __main__: Product:
~~~Telegram-bot for quick reminders~~~
VERSION: 1.2.0
LAST_UPDATE: 2023-02-25 19:38:32
The product is not commercial
Developed by Yastrah
GitHub: https://github.com/Yastrah
2023-02-25 19:38:32 [INFO] aiogram: Bot: Euclid Assistant [@EuclidAssistantBot]
2023-02-25 19:38:33 [WARNING] aiogram: Updates were skipped successfully.
2023-02-25 19:38:33 [INFO] __main__: Bot commands have been set.
2023-02-25 19:38:33 [INFO] __main__: Start schedule process.
2023-02-25 19:38:33 [INFO] aiogram.dispatcher.dispatcher: Start polling.
2023-02-25 19:39:32 [WARNING] __main__: Shutdown dispatcher!!!
2023-02-25 19:39:32 [INFO] aiogram.dispatcher.dispatcher: Stop polling...
2023-02-25 19:39:32 [WARNING] aiogram: Goodbye!
2023-02-25 19:39:35 [INFO] __main__: Product:
~~~Telegram-bot for quick reminders~~~
VERSION: 1.2.0
LAST_UPDATE: 2023-02-25 19:39:35
The product is not commercial
Developed by Yastrah
GitHub: https://github.com/Yastrah
2023-02-25 19:39:35 [INFO] aiogram: Bot: Euclid Assistant [@EuclidAssistantBot]
2023-02-25 19:39:35 [WARNING] aiogram: Updates were skipped successfully.
2023-02-25 19:39:35 [INFO] __main__: Bot commands have been set.
2023-02-25 19:39:35 [INFO] __main__: Start schedule process.
2023-02-25 19:39:35 [INFO] aiogram.dispatcher.dispatcher: Start polling.
2023-02-25 19:40:16 [WARNING] __main__: Shutdown dispatcher!!!
2023-02-25 19:40:16 [INFO] aiogram.dispatcher.dispatcher: Stop polling...
2023-02-25 19:40:16 [WARNING] aiogram: Goodbye!
2023-02-25 19:40:19 [INFO] __main__: Product:
~~~Telegram-bot for quick reminders~~~
VERSION: 1.2.0
LAST_UPDATE: 2023-02-25 19:40:19
The product is not commercial
Developed by Yastrah
GitHub: https://github.com/Yastrah
2023-02-25 19:40:20 [INFO] aiogram: Bot: Euclid Assistant [@EuclidAssistantBot]
2023-02-25 19:40:20 [WARNING] aiogram: Updates were skipped successfully.
2023-02-25 19:40:20 [INFO] __main__: Bot commands have been set.
2023-02-25 19:40:20 [INFO] __main__: Start schedule process.
2023-02-25 19:40:20 [INFO] aiogram.dispatcher.dispatcher: Start polling.
2023-02-25 20:02:06 [WARNING] __main__: Shutdown dispatcher!!!
2023-02-25 20:02:06 [INFO] aiogram.dispatcher.dispatcher: Stop polling...
2023-02-25 20:02:06 [WARNING] aiogram: Goodbye!
2023-02-25 20:02:11 [INFO] __main__: Product:
~~~Telegram-bot for quick reminders~~~
VERSION: 1.2.0
LAST_UPDATE: 2023-02-25 20:02:11
The product is not commercial
Developed by Yastrah
GitHub: https://github.com/Yastrah
2023-02-25 20:02:11 [INFO] aiogram: Bot: Euclid Assistant [@EuclidAssistantBot]
2023-02-25 20:02:11 [WARNING] aiogram: Updates were skipped successfully.
2023-02-25 20:02:11 [INFO] __main__: Bot commands have been set.
2023-02-25 20:02:11 [INFO] __main__: Start schedule process.
2023-02-25 20:02:11 [INFO] aiogram.dispatcher.dispatcher: Start polling.
2023-02-25 20:03:06 [ERROR] asyncio: Task exception was never retrieved
future: <Task finished name='Task-21' coro=<Dispatcher._process_polling_updates() done, defined at C:\GitHub\Telegram-bot-Euclid\venv\lib\site-packages\aiogram\dispatcher\dispatcher.py:407> exception=KeyError('report_if')>
Traceback (most recent call last):
  File "C:\GitHub\Telegram-bot-Euclid\venv\lib\site-packages\aiogram\dispatcher\dispatcher.py", line 415, in _process_polling_updates
    for responses in itertools.chain.from_iterable(await self.process_updates(updates, fast)):
  File "C:\GitHub\Telegram-bot-Euclid\venv\lib\site-packages\aiogram\dispatcher\dispatcher.py", line 235, in process_updates
    return await asyncio.gather(*tasks)
  File "C:\GitHub\Telegram-bot-Euclid\venv\lib\site-packages\aiogram\dispatcher\handler.py", line 116, in notify
    response = await handler_obj.handler(*args, **partial_data)
  File "C:\GitHub\Telegram-bot-Euclid\venv\lib\site-packages\aiogram\dispatcher\dispatcher.py", line 256, in process_update
    return await self.message_handlers.notify(update.message)
  File "C:\GitHub\Telegram-bot-Euclid\venv\lib\site-packages\aiogram\dispatcher\handler.py", line 116, in notify
    response = await handler_obj.handler(*args, **partial_data)
  File "C:\GitHub\Telegram-bot-Euclid\bot\handlers\report.py", line 57, in photos_received
    f"report {message.from_user.id}_{data['report_if']}.png")
KeyError: 'report_if'
2023-02-25 20:03:28 [WARNING] __main__: Shutdown dispatcher!!!
2023-02-25 20:03:28 [INFO] aiogram.dispatcher.dispatcher: Stop polling...
2023-02-25 20:03:28 [WARNING] aiogram: Goodbye!
2023-02-25 20:03:31 [INFO] __main__: Product:
~~~Telegram-bot for quick reminders~~~
VERSION: 1.2.0
LAST_UPDATE: 2023-02-25 20:03:31
The product is not commercial
Developed by Yastrah
GitHub: https://github.com/Yastrah
2023-02-25 20:03:31 [INFO] aiogram: Bot: Euclid Assistant [@EuclidAssistantBot]
2023-02-25 20:03:31 [WARNING] aiogram: Updates were skipped successfully.
2023-02-25 20:03:31 [INFO] __main__: Bot commands have been set.
2023-02-25 20:03:31 [INFO] __main__: Start schedule process.
2023-02-25 20:03:31 [INFO] aiogram.dispatcher.dispatcher: Start polling.
2023-02-25 20:04:30 [WARNING] __main__: Shutdown dispatcher!!!
2023-02-25 20:04:30 [INFO] aiogram.dispatcher.dispatcher: Stop polling...
2023-02-25 20:04:30 [WARNING] aiogram: Goodbye!
2023-02-25 20:04:33 [INFO] __main__: Product:
~~~Telegram-bot for quick reminders~~~
VERSION: 1.2.0
LAST_UPDATE: 2023-02-25 20:04:33
The product is not commercial
Developed by Yastrah
GitHub: https://github.com/Yastrah
2023-02-25 20:04:33 [INFO] aiogram: Bot: Euclid Assistant [@EuclidAssistantBot]
2023-02-25 20:04:33 [WARNING] aiogram: Updates were skipped successfully.
2023-02-25 20:04:34 [INFO] __main__: Bot commands have been set.
2023-02-25 20:04:34 [INFO] __main__: Start schedule process.
2023-02-25 20:04:34 [INFO] aiogram.dispatcher.dispatcher: Start polling.
2023-02-25 20:06:48 [WARNING] __main__: Shutdown dispatcher!!!
2023-02-25 20:06:48 [INFO] aiogram.dispatcher.dispatcher: Stop polling...
2023-02-25 20:06:48 [WARNING] aiogram: Goodbye!
2023-02-25 20:06:51 [INFO] __main__: Product:
~~~Telegram-bot for quick reminders~~~
VERSION: 1.2.0
LAST_UPDATE: 2023-02-25 20:06:51
The product is not commercial
Developed by Yastrah
GitHub: https://github.com/Yastrah
2023-02-25 20:06:51 [INFO] aiogram: Bot: Euclid Assistant [@EuclidAssistantBot]
2023-02-25 20:06:51 [WARNING] aiogram: Updates were skipped successfully.
2023-02-25 20:06:51 [INFO] __main__: Bot commands have been set.
2023-02-25 20:06:51 [INFO] __main__: Start schedule process.
2023-02-25 20:06:51 [INFO] aiogram.dispatcher.dispatcher: Start polling.
2023-02-25 20:07:17 [WARNING] __main__: Shutdown dispatcher!!!
2023-02-25 20:07:17 [INFO] aiogram.dispatcher.dispatcher: Stop polling...
2023-02-25 20:07:17 [WARNING] aiogram: Goodbye!
2023-02-25 20:12:17 [INFO] __main__: Product:
~~~Telegram-bot for quick reminders~~~
VERSION: 1.2.0
LAST_UPDATE: 2023-02-25 20:12:17
The product is not commercial
Developed by Yastrah
GitHub: https://github.com/Yastrah
2023-02-25 20:12:17 [INFO] aiogram: Bot: Euclid Assistant [@EuclidAssistantBot]
2023-02-25 20:12:17 [WARNING] aiogram: Updates were skipped successfully.
2023-02-25 20:12:18 [INFO] __main__: Bot commands have been set.
2023-02-25 20:12:18 [INFO] __main__: Start schedule process.
2023-02-25 20:12:18 [INFO] aiogram.dispatcher.dispatcher: Start polling.
2023-02-25 20:12:31 [WARNING] bot.handlers.report: Appeal received from report_id: 1990672413_1
2023-02-25 20:12:38 [WARNING] __main__: Shutdown dispatcher!!!
2023-02-25 20:12:38 [INFO] aiogram.dispatcher.dispatcher: Stop polling...
2023-02-25 20:12:38 [WARNING] aiogram: Goodbye!
