2023-03-21 19:11:56 [INFO] __main__: Product:
~~~Telegram-bot for quick reminders~~~
VERSION: 1.3.5
LAST_UPDATE: 2023-03-21 19:11:56
The product is not commercial
Developed by Yastrah
GitHub: https://github.com/Yastrah
2023-03-21 19:11:56 [INFO] aiogram: Bot: Notify [@EuclidAssistantBot]
2023-03-21 19:11:56 [WARNING] aiogram: Updates were skipped successfully.
2023-03-21 19:11:56 [INFO] __main__: Bot commands have been set.
2023-03-21 19:11:56 [INFO] __main__: Start schedule process.
2023-03-21 19:11:56 [INFO] aiogram.dispatcher.dispatcher: Start polling.
2023-03-21 19:12:14 [WARNING] bot.handlers.admin: Table users was reset!
2023-03-21 19:12:14 [WARNING] bot.handlers.admin: Admin 1990672413 RESET table users!.
2023-03-21 19:12:42 [WARNING] bot.handlers.settings: Registered new user. user_id: 1990672413, chat_id: 1990672413, user_name: yastrah_it
2023-03-21 19:12:48 [DEBUG] bot.handlers.settings: User 1990672413 set time_zone +03:00.
2023-03-21 19:47:58 [WARNING] __main__: Shutdown dispatcher!
2023-03-21 19:47:58 [INFO] aiogram.dispatcher.dispatcher: Stop polling...
2023-03-21 19:47:58 [WARNING] aiogram: Goodbye!
2023-03-21 19:49:35 [INFO] __main__: Product:
~~~Telegram-bot for quick reminders~~~
VERSION: 1.3.5
LAST_UPDATE: 2023-03-21 19:49:35
The product is not commercial
Developed by Yastrah
GitHub: https://github.com/Yastrah
2023-03-21 19:49:35 [INFO] aiogram: Bot: Notify [@EuclidAssistantBot]
2023-03-21 19:49:35 [WARNING] aiogram: Updates were skipped successfully.
2023-03-21 19:49:36 [INFO] __main__: Bot commands have been set.
2023-03-21 19:49:36 [INFO] __main__: Start schedule process.
2023-03-21 19:49:36 [INFO] aiogram.dispatcher.dispatcher: Start polling.
2023-03-21 19:50:08 [WARNING] bot.handlers.admin: Table users was reset!
2023-03-21 19:50:08 [WARNING] bot.handlers.admin: Admin 1990672413 RESET table users!.
2023-03-21 19:50:14 [WARNING] bot.handlers.settings: Registered new user. user_id: 1990672413, chat_id: 1990672413, user_name: yastrah_it
2023-03-21 19:50:23 [DEBUG] bot.handlers.settings: User 1990672413 set time_zone +03:00.
2023-03-21 20:09:32 [WARNING] __main__: Shutdown dispatcher!
2023-03-21 20:09:32 [INFO] aiogram.dispatcher.dispatcher: Stop polling...
2023-03-21 20:09:32 [WARNING] aiogram: Goodbye!
2023-03-21 20:09:40 [INFO] __main__: Product:
~~~Telegram-bot for quick reminders~~~
VERSION: 1.3.5
LAST_UPDATE: 2023-03-21 20:09:40
The product is not commercial
Developed by Yastrah
GitHub: https://github.com/Yastrah
2023-03-21 20:09:40 [INFO] aiogram: Bot: Notify [@EuclidAssistantBot]
2023-03-21 20:09:40 [WARNING] aiogram: Updates were skipped successfully.
2023-03-21 20:09:40 [INFO] __main__: Bot commands have been set.
2023-03-21 20:09:40 [INFO] __main__: Start schedule process.
2023-03-21 20:09:40 [INFO] aiogram.dispatcher.dispatcher: Start polling.
2023-03-21 20:12:51 [WARNING] __main__: Shutdown dispatcher!
2023-03-21 20:12:51 [INFO] aiogram.dispatcher.dispatcher: Stop polling...
2023-03-21 20:12:51 [WARNING] aiogram: Goodbye!
2023-03-21 20:12:53 [INFO] __main__: Product:
~~~Telegram-bot for quick reminders~~~
VERSION: 1.3.5
LAST_UPDATE: 2023-03-21 20:12:53
The product is not commercial
Developed by Yastrah
GitHub: https://github.com/Yastrah
2023-03-21 20:12:54 [INFO] aiogram: Bot: Notify [@EuclidAssistantBot]
2023-03-21 20:12:54 [WARNING] aiogram: Updates were skipped successfully.
2023-03-21 20:12:54 [INFO] __main__: Bot commands have been set.
2023-03-21 20:12:54 [INFO] __main__: Start schedule process.
2023-03-21 20:12:54 [INFO] aiogram.dispatcher.dispatcher: Start polling.
2023-03-21 20:12:57 [WARNING] __main__: Shutdown dispatcher!
2023-03-21 20:12:57 [INFO] aiogram.dispatcher.dispatcher: Stop polling...
2023-03-21 20:12:57 [WARNING] aiogram: Goodbye!
2023-03-21 20:22:27 [INFO] __main__: Product:
~~~Telegram-bot for quick reminders~~~
VERSION: 1.3.5
LAST_UPDATE: 2023-03-21 20:22:27
The product is not commercial
Developed by Yastrah
GitHub: https://github.com/Yastrah
2023-03-21 20:22:27 [INFO] aiogram: Bot: Notify [@EuclidAssistantBot]
2023-03-21 20:22:28 [WARNING] aiogram: Updates were skipped successfully.
2023-03-21 20:22:28 [INFO] __main__: Bot commands have been set.
2023-03-21 20:22:28 [INFO] __main__: Start schedule process.
2023-03-21 20:22:28 [INFO] aiogram.dispatcher.dispatcher: Start polling.
2023-03-21 20:22:37 [WARNING] __main__: Shutdown dispatcher!
2023-03-21 20:22:37 [INFO] aiogram.dispatcher.dispatcher: Stop polling...
2023-03-21 20:22:37 [WARNING] aiogram: Goodbye!
