2023-04-01 15:03:13 [INFO] __main__: Product:
~~~Telegram-bot for quick reminders~~~
VERSION: 1.3.9
LAST_UPDATE: 2023-04-01 15:03:13
The product is not commercial
Developed by Yastrah
GitHub: https://github.com/Yastrah
2023-04-01 15:03:13 [INFO] aiogram: Bot: Notify [@NotifyMeHelperBot]
2023-04-01 15:03:13 [WARNING] aiogram: Updates were skipped successfully.
2023-04-01 15:03:13 [INFO] __main__: Bot commands have been set.
2023-04-01 15:03:14 [DEBUG] bot.db.protection: Checking old reminders completed successfully. Found 4 old reminders.
2023-04-01 15:03:14 [INFO] __main__: Start schedule process.
2023-04-01 15:03:14 [INFO] aiogram.dispatcher.dispatcher: Start polling.
2023-04-01 15:03:34 [DEBUG] bot.handlers.messages: Created reminder for message: послезавтра в 17 проверка
	 chat_id: 1990672413, reminder_id: 1, time: 02/04/2023 14:00, uts: +03:00,
	text: проверка
2023-04-01 15:04:10 [ERROR] bot.handlers.errors: Found exception with user 1990672413!
	Exception: Object expected as reply markup
2023-04-01 15:17:45 [WARNING] __main__: Shutdown dispatcher...
2023-04-01 15:17:45 [INFO] aiogram.dispatcher.dispatcher: Stop polling...
2023-04-01 15:17:45 [WARNING] aiogram: Goodbye!
2023-04-01 15:17:49 [INFO] __main__: Product:
~~~Telegram-bot for quick reminders~~~
VERSION: 1.3.9
LAST_UPDATE: 2023-04-01 15:17:49
The product is not commercial
Developed by Yastrah
GitHub: https://github.com/Yastrah
2023-04-01 15:17:49 [INFO] aiogram: Bot: Notify [@NotifyMeHelperBot]
2023-04-01 15:17:49 [WARNING] aiogram: Updates were skipped successfully.
2023-04-01 15:17:49 [INFO] __main__: Bot commands have been set.
2023-04-01 15:17:49 [DEBUG] bot.db.protection: Checking old reminders completed successfully. Found 0 old reminders.
2023-04-01 15:17:49 [INFO] __main__: Start schedule process.
2023-04-01 15:17:49 [INFO] aiogram.dispatcher.dispatcher: Start polling.
2023-04-01 15:17:55 [ERROR] bot.handlers.errors: Found exception with user 1990672413!
	Exception: Message can't be edited
2023-04-01 15:18:11 [WARNING] __main__: Shutdown dispatcher...
2023-04-01 15:18:11 [INFO] aiogram.dispatcher.dispatcher: Stop polling...
2023-04-01 15:18:11 [WARNING] aiogram: Goodbye!
2023-04-01 15:22:41 [INFO] __main__: Product:
~~~Telegram-bot for quick reminders~~~
VERSION: 1.3.9
LAST_UPDATE: 2023-04-01 15:22:41
The product is not commercial
Developed by Yastrah
GitHub: https://github.com/Yastrah
2023-04-01 15:22:41 [INFO] aiogram: Bot: Notify [@NotifyMeHelperBot]
2023-04-01 15:22:41 [WARNING] aiogram: Updates were skipped successfully.
2023-04-01 15:22:41 [INFO] __main__: Bot commands have been set.
2023-04-01 15:22:41 [DEBUG] bot.db.protection: Checking old reminders completed successfully. Found 0 old reminders.
2023-04-01 15:22:41 [INFO] __main__: Start schedule process.
2023-04-01 15:22:41 [INFO] aiogram.dispatcher.dispatcher: Start polling.
2023-04-01 15:22:42 [ERROR] bot.handlers.errors: Found exception with user 1990672413!
	Exception: Message can't be edited
2023-04-01 15:23:06 [WARNING] __main__: Shutdown dispatcher...
2023-04-01 15:23:06 [INFO] aiogram.dispatcher.dispatcher: Stop polling...
2023-04-01 15:23:06 [WARNING] aiogram: Goodbye!
2023-04-01 15:23:10 [INFO] __main__: Product:
~~~Telegram-bot for quick reminders~~~
VERSION: 1.3.9
LAST_UPDATE: 2023-04-01 15:23:10
The product is not commercial
Developed by Yastrah
GitHub: https://github.com/Yastrah
2023-04-01 15:23:11 [INFO] aiogram: Bot: Notify [@NotifyMeHelperBot]
2023-04-01 15:23:11 [WARNING] aiogram: Updates were skipped successfully.
2023-04-01 15:23:11 [INFO] __main__: Bot commands have been set.
2023-04-01 15:23:11 [DEBUG] bot.db.protection: Checking old reminders completed successfully. Found 0 old reminders.
2023-04-01 15:23:11 [INFO] __main__: Start schedule process.
2023-04-01 15:23:11 [INFO] aiogram.dispatcher.dispatcher: Start polling.
2023-04-01 15:23:13 [ERROR] bot.handlers.errors: Found exception with user 1990672413!
	Exception: Object of type InlineKeyboardButton is not JSON serializable
2023-04-01 15:23:40 [WARNING] __main__: Shutdown dispatcher...
2023-04-01 15:23:40 [INFO] aiogram.dispatcher.dispatcher: Stop polling...
2023-04-01 15:23:40 [WARNING] aiogram: Goodbye!
2023-04-01 15:23:42 [INFO] __main__: Product:
~~~Telegram-bot for quick reminders~~~
VERSION: 1.3.9
LAST_UPDATE: 2023-04-01 15:23:42
The product is not commercial
Developed by Yastrah
GitHub: https://github.com/Yastrah
2023-04-01 15:23:43 [INFO] aiogram: Bot: Notify [@NotifyMeHelperBot]
2023-04-01 15:23:43 [WARNING] aiogram: Updates were skipped successfully.
2023-04-01 15:23:43 [INFO] __main__: Bot commands have been set.
2023-04-01 15:23:43 [DEBUG] bot.db.protection: Checking old reminders completed successfully. Found 0 old reminders.
2023-04-01 15:23:43 [INFO] __main__: Start schedule process.
2023-04-01 15:23:43 [INFO] aiogram.dispatcher.dispatcher: Start polling.
2023-04-01 15:23:46 [ERROR] asyncio: Task exception was never retrieved
future: <Task finished name='Task-10' coro=<Dispatcher._process_polling_updates() done, defined at C:\GitHub\Telegram-bot-Notify\venv\lib\site-packages\aiogram\dispatcher\dispatcher.py:407> exception=TypeError('Object of type InlineKeyboardButton is not JSON serializable')>
Traceback (most recent call last):
  File "C:\GitHub\Telegram-bot-Notify\venv\lib\site-packages\aiogram\dispatcher\dispatcher.py", line 415, in _process_polling_updates
    for responses in itertools.chain.from_iterable(await self.process_updates(updates, fast)):
  File "C:\GitHub\Telegram-bot-Notify\venv\lib\site-packages\aiogram\dispatcher\dispatcher.py", line 235, in process_updates
    return await asyncio.gather(*tasks)
  File "C:\GitHub\Telegram-bot-Notify\venv\lib\site-packages\aiogram\dispatcher\handler.py", line 116, in notify
    response = await handler_obj.handler(*args, **partial_data)
  File "C:\GitHub\Telegram-bot-Notify\venv\lib\site-packages\aiogram\dispatcher\dispatcher.py", line 256, in process_update
    return await self.message_handlers.notify(update.message)
  File "C:\GitHub\Telegram-bot-Notify\venv\lib\site-packages\aiogram\dispatcher\handler.py", line 116, in notify
    response = await handler_obj.handler(*args, **partial_data)
  File "C:\GitHub\Telegram-bot-Notify\bot\handlers\delete_reminder.py", line 36, in cmd_delete
    await message.answer("Введите id напоминания:", reply_markup=keyboards.inline_kb_id_list(id_list))
  File "C:\GitHub\Telegram-bot-Notify\venv\lib\site-packages\aiogram\types\message.py", line 397, in answer
    return await self.bot.send_message(
  File "C:\GitHub\Telegram-bot-Notify\venv\lib\site-packages\aiogram\bot\bot.py", line 331, in send_message
    reply_markup = prepare_arg(reply_markup)
  File "C:\GitHub\Telegram-bot-Notify\venv\lib\site-packages\aiogram\utils\payload.py", line 56, in prepare_arg
    return json.dumps(_normalize(value))
  File "C:\GitHub\Telegram-bot-Notify\venv\lib\site-packages\aiogram\utils\json.py", line 62, in dumps
    return json.dumps(data, ensure_ascii=False)
  File "C:\Users\sirfo\AppData\Local\Programs\Python\Python39\lib\json\__init__.py", line 234, in dumps
    return cls(
  File "C:\Users\sirfo\AppData\Local\Programs\Python\Python39\lib\json\encoder.py", line 199, in encode
    chunks = self.iterencode(o, _one_shot=True)
  File "C:\Users\sirfo\AppData\Local\Programs\Python\Python39\lib\json\encoder.py", line 257, in iterencode
    return _iterencode(o, 0)
  File "C:\Users\sirfo\AppData\Local\Programs\Python\Python39\lib\json\encoder.py", line 179, in default
    raise TypeError(f'Object of type {o.__class__.__name__} '
TypeError: Object of type InlineKeyboardButton is not JSON serializable
2023-04-01 15:25:57 [WARNING] __main__: Shutdown dispatcher...
2023-04-01 15:25:57 [INFO] aiogram.dispatcher.dispatcher: Stop polling...
2023-04-01 15:25:57 [WARNING] aiogram: Goodbye!
2023-04-01 15:26:00 [INFO] __main__: Product:
~~~Telegram-bot for quick reminders~~~
VERSION: 1.3.9
LAST_UPDATE: 2023-04-01 15:26:00
The product is not commercial
Developed by Yastrah
GitHub: https://github.com/Yastrah
2023-04-01 15:26:01 [INFO] aiogram: Bot: Notify [@NotifyMeHelperBot]
2023-04-01 15:26:02 [WARNING] aiogram: Updates were skipped successfully.
2023-04-01 15:26:02 [INFO] __main__: Bot commands have been set.
2023-04-01 15:26:02 [DEBUG] bot.db.protection: Checking old reminders completed successfully. Found 0 old reminders.
2023-04-01 15:26:02 [INFO] __main__: Start schedule process.
2023-04-01 15:26:02 [INFO] aiogram.dispatcher.dispatcher: Start polling.
2023-04-01 15:26:05 [ERROR] asyncio: Task exception was never retrieved
future: <Task finished name='Task-10' coro=<Dispatcher._process_polling_updates() done, defined at C:\GitHub\Telegram-bot-Notify\venv\lib\site-packages\aiogram\dispatcher\dispatcher.py:407> exception=TypeError('Object of type InlineKeyboardButton is not JSON serializable')>
Traceback (most recent call last):
  File "C:\GitHub\Telegram-bot-Notify\venv\lib\site-packages\aiogram\dispatcher\dispatcher.py", line 415, in _process_polling_updates
    for responses in itertools.chain.from_iterable(await self.process_updates(updates, fast)):
  File "C:\GitHub\Telegram-bot-Notify\venv\lib\site-packages\aiogram\dispatcher\dispatcher.py", line 235, in process_updates
    return await asyncio.gather(*tasks)
  File "C:\GitHub\Telegram-bot-Notify\venv\lib\site-packages\aiogram\dispatcher\handler.py", line 116, in notify
    response = await handler_obj.handler(*args, **partial_data)
  File "C:\GitHub\Telegram-bot-Notify\venv\lib\site-packages\aiogram\dispatcher\dispatcher.py", line 256, in process_update
    return await self.message_handlers.notify(update.message)
  File "C:\GitHub\Telegram-bot-Notify\venv\lib\site-packages\aiogram\dispatcher\handler.py", line 116, in notify
    response = await handler_obj.handler(*args, **partial_data)
  File "C:\GitHub\Telegram-bot-Notify\bot\handlers\delete_reminder.py", line 41, in cmd_delete
    await message.answer("Введите id напоминания:", reply_markup=inline_kb)
  File "C:\GitHub\Telegram-bot-Notify\venv\lib\site-packages\aiogram\types\message.py", line 397, in answer
    return await self.bot.send_message(
  File "C:\GitHub\Telegram-bot-Notify\venv\lib\site-packages\aiogram\bot\bot.py", line 331, in send_message
    reply_markup = prepare_arg(reply_markup)
  File "C:\GitHub\Telegram-bot-Notify\venv\lib\site-packages\aiogram\utils\payload.py", line 56, in prepare_arg
    return json.dumps(_normalize(value))
  File "C:\GitHub\Telegram-bot-Notify\venv\lib\site-packages\aiogram\utils\json.py", line 62, in dumps
    return json.dumps(data, ensure_ascii=False)
  File "C:\Users\sirfo\AppData\Local\Programs\Python\Python39\lib\json\__init__.py", line 234, in dumps
    return cls(
  File "C:\Users\sirfo\AppData\Local\Programs\Python\Python39\lib\json\encoder.py", line 199, in encode
    chunks = self.iterencode(o, _one_shot=True)
  File "C:\Users\sirfo\AppData\Local\Programs\Python\Python39\lib\json\encoder.py", line 257, in iterencode
    return _iterencode(o, 0)
  File "C:\Users\sirfo\AppData\Local\Programs\Python\Python39\lib\json\encoder.py", line 179, in default
    raise TypeError(f'Object of type {o.__class__.__name__} '
TypeError: Object of type InlineKeyboardButton is not JSON serializable
2023-04-01 15:30:20 [WARNING] __main__: Shutdown dispatcher...
2023-04-01 15:30:20 [INFO] aiogram.dispatcher.dispatcher: Stop polling...
2023-04-01 15:30:20 [WARNING] aiogram: Goodbye!
2023-04-01 15:30:23 [INFO] __main__: Product:
~~~Telegram-bot for quick reminders~~~
VERSION: 1.3.9
LAST_UPDATE: 2023-04-01 15:30:23
The product is not commercial
Developed by Yastrah
GitHub: https://github.com/Yastrah
2023-04-01 15:30:23 [INFO] aiogram: Bot: Notify [@NotifyMeHelperBot]
2023-04-01 15:30:24 [WARNING] aiogram: Updates were skipped successfully.
2023-04-01 15:30:24 [INFO] __main__: Bot commands have been set.
2023-04-01 15:30:24 [DEBUG] bot.db.protection: Checking old reminders completed successfully. Found 0 old reminders.
2023-04-01 15:30:24 [INFO] __main__: Start schedule process.
2023-04-01 15:30:24 [INFO] aiogram.dispatcher.dispatcher: Start polling.
2023-04-01 15:30:24 [ERROR] asyncio: Task exception was never retrieved
future: <Task finished name='Task-10' coro=<Dispatcher._process_polling_updates() done, defined at C:\GitHub\Telegram-bot-Notify\venv\lib\site-packages\aiogram\dispatcher\dispatcher.py:407> exception=TypeError('Object of type InlineKeyboardButton is not JSON serializable')>
Traceback (most recent call last):
  File "C:\GitHub\Telegram-bot-Notify\venv\lib\site-packages\aiogram\dispatcher\dispatcher.py", line 415, in _process_polling_updates
    for responses in itertools.chain.from_iterable(await self.process_updates(updates, fast)):
  File "C:\GitHub\Telegram-bot-Notify\venv\lib\site-packages\aiogram\dispatcher\dispatcher.py", line 235, in process_updates
    return await asyncio.gather(*tasks)
  File "C:\GitHub\Telegram-bot-Notify\venv\lib\site-packages\aiogram\dispatcher\handler.py", line 116, in notify
    response = await handler_obj.handler(*args, **partial_data)
  File "C:\GitHub\Telegram-bot-Notify\venv\lib\site-packages\aiogram\dispatcher\dispatcher.py", line 256, in process_update
    return await self.message_handlers.notify(update.message)
  File "C:\GitHub\Telegram-bot-Notify\venv\lib\site-packages\aiogram\dispatcher\handler.py", line 116, in notify
    response = await handler_obj.handler(*args, **partial_data)
  File "C:\GitHub\Telegram-bot-Notify\bot\handlers\delete_reminder.py", line 36, in cmd_delete
    await message.answer("Введите id напоминания:", reply_markup=keyboards.inline_kb_id_list(id_list))
  File "C:\GitHub\Telegram-bot-Notify\venv\lib\site-packages\aiogram\types\message.py", line 397, in answer
    return await self.bot.send_message(
  File "C:\GitHub\Telegram-bot-Notify\venv\lib\site-packages\aiogram\bot\bot.py", line 331, in send_message
    reply_markup = prepare_arg(reply_markup)
  File "C:\GitHub\Telegram-bot-Notify\venv\lib\site-packages\aiogram\utils\payload.py", line 56, in prepare_arg
    return json.dumps(_normalize(value))
  File "C:\GitHub\Telegram-bot-Notify\venv\lib\site-packages\aiogram\utils\json.py", line 62, in dumps
    return json.dumps(data, ensure_ascii=False)
  File "C:\Users\sirfo\AppData\Local\Programs\Python\Python39\lib\json\__init__.py", line 234, in dumps
    return cls(
  File "C:\Users\sirfo\AppData\Local\Programs\Python\Python39\lib\json\encoder.py", line 199, in encode
    chunks = self.iterencode(o, _one_shot=True)
  File "C:\Users\sirfo\AppData\Local\Programs\Python\Python39\lib\json\encoder.py", line 257, in iterencode
    return _iterencode(o, 0)
  File "C:\Users\sirfo\AppData\Local\Programs\Python\Python39\lib\json\encoder.py", line 179, in default
    raise TypeError(f'Object of type {o.__class__.__name__} '
TypeError: Object of type InlineKeyboardButton is not JSON serializable
2023-04-01 15:30:53 [WARNING] __main__: Shutdown dispatcher...
2023-04-01 15:30:53 [INFO] aiogram.dispatcher.dispatcher: Stop polling...
2023-04-01 15:30:53 [WARNING] aiogram: Goodbye!
2023-04-01 15:30:56 [INFO] __main__: Product:
~~~Telegram-bot for quick reminders~~~
VERSION: 1.3.9
LAST_UPDATE: 2023-04-01 15:30:56
The product is not commercial
Developed by Yastrah
GitHub: https://github.com/Yastrah
2023-04-01 15:30:56 [INFO] aiogram: Bot: Notify [@NotifyMeHelperBot]
2023-04-01 15:30:57 [WARNING] aiogram: Updates were skipped successfully.
2023-04-01 15:30:57 [INFO] __main__: Bot commands have been set.
2023-04-01 15:30:57 [DEBUG] bot.db.protection: Checking old reminders completed successfully. Found 0 old reminders.
2023-04-01 15:30:57 [INFO] __main__: Start schedule process.
2023-04-01 15:30:57 [INFO] aiogram.dispatcher.dispatcher: Start polling.
2023-04-01 15:31:36 [WARNING] __main__: Shutdown dispatcher...
2023-04-01 15:31:36 [INFO] aiogram.dispatcher.dispatcher: Stop polling...
2023-04-01 15:31:36 [WARNING] aiogram: Goodbye!
2023-04-01 15:37:18 [INFO] __main__: Product:
~~~Telegram-bot for quick reminders~~~
VERSION: 1.3.9
LAST_UPDATE: 2023-04-01 15:37:18
The product is not commercial
Developed by Yastrah
GitHub: https://github.com/Yastrah
2023-04-01 15:37:18 [INFO] aiogram: Bot: Notify [@NotifyMeHelperBot]
2023-04-01 15:37:18 [WARNING] aiogram: Updates were skipped successfully.
2023-04-01 15:37:18 [INFO] __main__: Bot commands have been set.
2023-04-01 15:37:18 [DEBUG] bot.db.protection: Checking old reminders completed successfully. Found 0 old reminders.
2023-04-01 15:37:18 [INFO] __main__: Start schedule process.
2023-04-01 15:37:18 [INFO] aiogram.dispatcher.dispatcher: Start polling.
2023-04-01 15:37:32 [ERROR] asyncio: Task exception was never retrieved
future: <Task finished name='Task-23' coro=<Dispatcher._process_polling_updates() done, defined at C:\GitHub\Telegram-bot-Notify\venv\lib\site-packages\aiogram\dispatcher\dispatcher.py:407> exception=TypeError("id_received() missing 1 required positional argument: 'call'")>
Traceback (most recent call last):
  File "C:\GitHub\Telegram-bot-Notify\venv\lib\site-packages\aiogram\dispatcher\dispatcher.py", line 415, in _process_polling_updates
    for responses in itertools.chain.from_iterable(await self.process_updates(updates, fast)):
  File "C:\GitHub\Telegram-bot-Notify\venv\lib\site-packages\aiogram\dispatcher\dispatcher.py", line 235, in process_updates
    return await asyncio.gather(*tasks)
  File "C:\GitHub\Telegram-bot-Notify\venv\lib\site-packages\aiogram\dispatcher\handler.py", line 116, in notify
    response = await handler_obj.handler(*args, **partial_data)
  File "C:\GitHub\Telegram-bot-Notify\venv\lib\site-packages\aiogram\dispatcher\dispatcher.py", line 256, in process_update
    return await self.message_handlers.notify(update.message)
  File "C:\GitHub\Telegram-bot-Notify\venv\lib\site-packages\aiogram\dispatcher\handler.py", line 116, in notify
    response = await handler_obj.handler(*args, **partial_data)
TypeError: id_received() missing 1 required positional argument: 'call'
2023-04-01 15:38:08 [WARNING] __main__: Shutdown dispatcher...
2023-04-01 15:38:08 [INFO] aiogram.dispatcher.dispatcher: Stop polling...
2023-04-01 15:38:08 [WARNING] aiogram: Goodbye!
2023-04-01 15:38:12 [INFO] __main__: Product:
~~~Telegram-bot for quick reminders~~~
VERSION: 1.3.9
LAST_UPDATE: 2023-04-01 15:38:12
The product is not commercial
Developed by Yastrah
GitHub: https://github.com/Yastrah
2023-04-01 15:38:15 [INFO] aiogram: Bot: Notify [@NotifyMeHelperBot]
2023-04-01 15:38:15 [WARNING] aiogram: Updates were skipped successfully.
2023-04-01 15:38:15 [INFO] __main__: Bot commands have been set.
2023-04-01 15:38:15 [DEBUG] bot.db.protection: Checking old reminders completed successfully. Found 0 old reminders.
2023-04-01 15:38:15 [INFO] __main__: Start schedule process.
2023-04-01 15:38:15 [INFO] aiogram.dispatcher.dispatcher: Start polling.
2023-04-01 15:38:20 [ERROR] asyncio: Task exception was never retrieved
future: <Task finished name='Task-15' coro=<Dispatcher._process_polling_updates() done, defined at C:\GitHub\Telegram-bot-Notify\venv\lib\site-packages\aiogram\dispatcher\dispatcher.py:407> exception=TypeError("id_received() got multiple values for argument 'state'")>
Traceback (most recent call last):
  File "C:\GitHub\Telegram-bot-Notify\venv\lib\site-packages\aiogram\dispatcher\dispatcher.py", line 415, in _process_polling_updates
    for responses in itertools.chain.from_iterable(await self.process_updates(updates, fast)):
  File "C:\GitHub\Telegram-bot-Notify\venv\lib\site-packages\aiogram\dispatcher\dispatcher.py", line 235, in process_updates
    return await asyncio.gather(*tasks)
  File "C:\GitHub\Telegram-bot-Notify\venv\lib\site-packages\aiogram\dispatcher\handler.py", line 116, in notify
    response = await handler_obj.handler(*args, **partial_data)
  File "C:\GitHub\Telegram-bot-Notify\venv\lib\site-packages\aiogram\dispatcher\dispatcher.py", line 256, in process_update
    return await self.message_handlers.notify(update.message)
  File "C:\GitHub\Telegram-bot-Notify\venv\lib\site-packages\aiogram\dispatcher\handler.py", line 116, in notify
    response = await handler_obj.handler(*args, **partial_data)
TypeError: id_received() got multiple values for argument 'state'
2023-04-01 15:45:46 [WARNING] __main__: Shutdown dispatcher...
2023-04-01 15:45:46 [INFO] aiogram.dispatcher.dispatcher: Stop polling...
2023-04-01 15:45:46 [WARNING] aiogram: Goodbye!
2023-04-01 15:45:50 [INFO] __main__: Product:
~~~Telegram-bot for quick reminders~~~
VERSION: 1.3.9
LAST_UPDATE: 2023-04-01 15:45:50
The product is not commercial
Developed by Yastrah
GitHub: https://github.com/Yastrah
2023-04-01 15:45:50 [INFO] aiogram: Bot: Notify [@NotifyMeHelperBot]
2023-04-01 15:45:50 [WARNING] aiogram: Updates were skipped successfully.
2023-04-01 15:45:51 [INFO] __main__: Bot commands have been set.
2023-04-01 15:45:51 [DEBUG] bot.db.protection: Checking old reminders completed successfully. Found 0 old reminders.
2023-04-01 15:45:51 [INFO] __main__: Start schedule process.
2023-04-01 15:45:51 [INFO] aiogram.dispatcher.dispatcher: Start polling.
2023-04-01 15:47:15 [WARNING] __main__: Shutdown dispatcher...
2023-04-01 15:47:15 [INFO] aiogram.dispatcher.dispatcher: Stop polling...
2023-04-01 15:47:15 [WARNING] aiogram: Goodbye!
2023-04-01 15:47:18 [INFO] __main__: Product:
~~~Telegram-bot for quick reminders~~~
VERSION: 1.3.9
LAST_UPDATE: 2023-04-01 15:47:18
The product is not commercial
Developed by Yastrah
GitHub: https://github.com/Yastrah
2023-04-01 15:47:18 [INFO] aiogram: Bot: Notify [@NotifyMeHelperBot]
2023-04-01 15:47:19 [WARNING] aiogram: Updates were skipped successfully.
2023-04-01 15:47:19 [INFO] __main__: Bot commands have been set.
2023-04-01 15:47:19 [DEBUG] bot.db.protection: Checking old reminders completed successfully. Found 0 old reminders.
2023-04-01 15:47:19 [INFO] __main__: Start schedule process.
2023-04-01 15:47:19 [INFO] aiogram.dispatcher.dispatcher: Start polling.
2023-04-01 15:48:11 [DEBUG] bot.handlers.messages: Created reminder for message: послезавтра в 18 проверка
	 chat_id: 1990672413, reminder_id: 2, time: 03/04/2023 15:00, uts: +03:00,
	text: проверка
2023-04-01 15:48:27 [DEBUG] bot.handlers.messages: Created reminder for message: завтра в 13 проверка
	 chat_id: 1990672413, reminder_id: 3, time: 02/04/2023 10:00, uts: +03:00,
	text: проверка
2023-04-01 15:48:40 [DEBUG] bot.handlers.messages: Created reminder for message: звтра в 10 проверка
	 chat_id: 1990672413, reminder_id: 4, time: 02/04/2023 07:00, uts: +03:00,
	text: проверка
2023-04-01 15:49:02 [ERROR] asyncio: Task exception was never retrieved
future: <Task finished name='Task-28' coro=<Dispatcher._process_polling_updates() done, defined at C:\GitHub\Telegram-bot-Notify\venv\lib\site-packages\aiogram\dispatcher\dispatcher.py:407> exception=ValueError("['вторник'] is not in list")>
Traceback (most recent call last):
  File "C:\GitHub\Telegram-bot-Notify\venv\lib\site-packages\aiogram\dispatcher\dispatcher.py", line 415, in _process_polling_updates
    for responses in itertools.chain.from_iterable(await self.process_updates(updates, fast)):
  File "C:\GitHub\Telegram-bot-Notify\venv\lib\site-packages\aiogram\dispatcher\dispatcher.py", line 235, in process_updates
    return await asyncio.gather(*tasks)
  File "C:\GitHub\Telegram-bot-Notify\venv\lib\site-packages\aiogram\dispatcher\handler.py", line 116, in notify
    response = await handler_obj.handler(*args, **partial_data)
  File "C:\GitHub\Telegram-bot-Notify\venv\lib\site-packages\aiogram\dispatcher\dispatcher.py", line 256, in process_update
    return await self.message_handlers.notify(update.message)
  File "C:\GitHub\Telegram-bot-Notify\venv\lib\site-packages\aiogram\dispatcher\handler.py", line 116, in notify
    response = await handler_obj.handler(*args, **partial_data)
  File "C:\GitHub\Telegram-bot-Notify\bot\handlers\messages.py", line 36, in create_reminder
    date, time, text = search_engine.date_and_time_handling(text, time_zone)
  File "C:\GitHub\Telegram-bot-Notify\bot\logic\search_engine.py", line 280, in date_and_time_handling
    date = date_converter.nearest_day_of_the_week(day, time_zone)
  File "C:\GitHub\Telegram-bot-Notify\bot\logic\date_converter.py", line 155, in nearest_day_of_the_week
    if datetime.datetime(int(date[2]), int(date[1]), int(date[0])).weekday() == days_list.index(day):
ValueError: ['вторник'] is not in list
2023-04-01 15:51:14 [WARNING] __main__: Shutdown dispatcher...
2023-04-01 15:51:14 [INFO] aiogram.dispatcher.dispatcher: Stop polling...
2023-04-01 15:51:14 [WARNING] aiogram: Goodbye!
2023-04-01 15:51:17 [INFO] __main__: Product:
~~~Telegram-bot for quick reminders~~~
VERSION: 1.3.9
LAST_UPDATE: 2023-04-01 15:51:17
The product is not commercial
Developed by Yastrah
GitHub: https://github.com/Yastrah
2023-04-01 15:51:17 [INFO] aiogram: Bot: Notify [@NotifyMeHelperBot]
2023-04-01 15:51:17 [WARNING] aiogram: Updates were skipped successfully.
2023-04-01 15:51:18 [INFO] __main__: Bot commands have been set.
2023-04-01 15:51:18 [DEBUG] bot.db.protection: Checking old reminders completed successfully. Found 0 old reminders.
2023-04-01 15:51:18 [INFO] __main__: Start schedule process.
2023-04-01 15:51:18 [INFO] aiogram.dispatcher.dispatcher: Start polling.
2023-04-01 15:51:20 [ERROR] asyncio: Task exception was never retrieved
future: <Task finished name='Task-10' coro=<Dispatcher._process_polling_updates() done, defined at C:\GitHub\Telegram-bot-Notify\venv\lib\site-packages\aiogram\dispatcher\dispatcher.py:407> exception=TypeError('expected string or bytes-like object')>
Traceback (most recent call last):
  File "C:\GitHub\Telegram-bot-Notify\venv\lib\site-packages\aiogram\dispatcher\dispatcher.py", line 415, in _process_polling_updates
    for responses in itertools.chain.from_iterable(await self.process_updates(updates, fast)):
  File "C:\GitHub\Telegram-bot-Notify\venv\lib\site-packages\aiogram\dispatcher\dispatcher.py", line 235, in process_updates
    return await asyncio.gather(*tasks)
  File "C:\GitHub\Telegram-bot-Notify\venv\lib\site-packages\aiogram\dispatcher\handler.py", line 116, in notify
    response = await handler_obj.handler(*args, **partial_data)
  File "C:\GitHub\Telegram-bot-Notify\venv\lib\site-packages\aiogram\dispatcher\dispatcher.py", line 256, in process_update
    return await self.message_handlers.notify(update.message)
  File "C:\GitHub\Telegram-bot-Notify\venv\lib\site-packages\aiogram\dispatcher\handler.py", line 116, in notify
    response = await handler_obj.handler(*args, **partial_data)
  File "C:\GitHub\Telegram-bot-Notify\bot\handlers\messages.py", line 36, in create_reminder
    date, time, text = search_engine.date_and_time_handling(text, time_zone)
  File "C:\GitHub\Telegram-bot-Notify\bot\logic\search_engine.py", line 322, in date_and_time_handling
    if not 1 <= len(re.split(r"[:./-]", found)) <= 2:
  File "C:\Users\sirfo\AppData\Local\Programs\Python\Python39\lib\re.py", line 231, in split
    return _compile(pattern, flags).split(string, maxsplit)
TypeError: expected string or bytes-like object
2023-04-01 15:52:15 [WARNING] __main__: Shutdown dispatcher...
2023-04-01 15:52:15 [INFO] aiogram.dispatcher.dispatcher: Stop polling...
2023-04-01 15:52:15 [WARNING] aiogram: Goodbye!
2023-04-01 15:52:18 [INFO] __main__: Product:
~~~Telegram-bot for quick reminders~~~
VERSION: 1.3.9
LAST_UPDATE: 2023-04-01 15:52:18
The product is not commercial
Developed by Yastrah
GitHub: https://github.com/Yastrah
2023-04-01 15:52:18 [INFO] aiogram: Bot: Notify [@NotifyMeHelperBot]
2023-04-01 15:52:18 [WARNING] aiogram: Updates were skipped successfully.
2023-04-01 15:52:18 [INFO] __main__: Bot commands have been set.
2023-04-01 15:52:18 [DEBUG] bot.db.protection: Checking old reminders completed successfully. Found 0 old reminders.
2023-04-01 15:52:18 [INFO] __main__: Start schedule process.
2023-04-01 15:52:18 [INFO] aiogram.dispatcher.dispatcher: Start polling.
2023-04-01 15:52:24 [ERROR] asyncio: Task exception was never retrieved
future: <Task finished name='Task-10' coro=<Dispatcher._process_polling_updates() done, defined at C:\GitHub\Telegram-bot-Notify\venv\lib\site-packages\aiogram\dispatcher\dispatcher.py:407> exception=TypeError('expected string or bytes-like object')>
Traceback (most recent call last):
  File "C:\GitHub\Telegram-bot-Notify\venv\lib\site-packages\aiogram\dispatcher\dispatcher.py", line 415, in _process_polling_updates
    for responses in itertools.chain.from_iterable(await self.process_updates(updates, fast)):
  File "C:\GitHub\Telegram-bot-Notify\venv\lib\site-packages\aiogram\dispatcher\dispatcher.py", line 235, in process_updates
    return await asyncio.gather(*tasks)
  File "C:\GitHub\Telegram-bot-Notify\venv\lib\site-packages\aiogram\dispatcher\handler.py", line 116, in notify
    response = await handler_obj.handler(*args, **partial_data)
  File "C:\GitHub\Telegram-bot-Notify\venv\lib\site-packages\aiogram\dispatcher\dispatcher.py", line 256, in process_update
    return await self.message_handlers.notify(update.message)
  File "C:\GitHub\Telegram-bot-Notify\venv\lib\site-packages\aiogram\dispatcher\handler.py", line 116, in notify
    response = await handler_obj.handler(*args, **partial_data)
  File "C:\GitHub\Telegram-bot-Notify\bot\handlers\messages.py", line 36, in create_reminder
    date, time, text = search_engine.date_and_time_handling(text, time_zone)
  File "C:\GitHub\Telegram-bot-Notify\bot\logic\search_engine.py", line 322, in date_and_time_handling
    if not 1 <= len(re.split(r"[:./-]", found)) <= 2:
  File "C:\Users\sirfo\AppData\Local\Programs\Python\Python39\lib\re.py", line 231, in split
    return _compile(pattern, flags).split(string, maxsplit)
TypeError: expected string or bytes-like object
2023-04-01 15:52:57 [WARNING] __main__: Shutdown dispatcher...
2023-04-01 15:52:57 [INFO] aiogram.dispatcher.dispatcher: Stop polling...
2023-04-01 15:52:57 [WARNING] aiogram: Goodbye!
2023-04-01 15:53:01 [INFO] __main__: Product:
~~~Telegram-bot for quick reminders~~~
VERSION: 1.3.9
LAST_UPDATE: 2023-04-01 15:53:01
The product is not commercial
Developed by Yastrah
GitHub: https://github.com/Yastrah
2023-04-01 15:53:01 [INFO] aiogram: Bot: Notify [@NotifyMeHelperBot]
2023-04-01 15:53:01 [WARNING] aiogram: Updates were skipped successfully.
2023-04-01 15:53:01 [INFO] __main__: Bot commands have been set.
2023-04-01 15:53:01 [DEBUG] bot.db.protection: Checking old reminders completed successfully. Found 0 old reminders.
2023-04-01 15:53:01 [INFO] __main__: Start schedule process.
2023-04-01 15:53:01 [INFO] aiogram.dispatcher.dispatcher: Start polling.
2023-04-01 15:53:02 [ERROR] asyncio: Task exception was never retrieved
future: <Task finished name='Task-10' coro=<Dispatcher._process_polling_updates() done, defined at C:\GitHub\Telegram-bot-Notify\venv\lib\site-packages\aiogram\dispatcher\dispatcher.py:407> exception=TypeError('expected string or bytes-like object')>
Traceback (most recent call last):
  File "C:\GitHub\Telegram-bot-Notify\venv\lib\site-packages\aiogram\dispatcher\dispatcher.py", line 415, in _process_polling_updates
    for responses in itertools.chain.from_iterable(await self.process_updates(updates, fast)):
  File "C:\GitHub\Telegram-bot-Notify\venv\lib\site-packages\aiogram\dispatcher\dispatcher.py", line 235, in process_updates
    return await asyncio.gather(*tasks)
  File "C:\GitHub\Telegram-bot-Notify\venv\lib\site-packages\aiogram\dispatcher\handler.py", line 116, in notify
    response = await handler_obj.handler(*args, **partial_data)
  File "C:\GitHub\Telegram-bot-Notify\venv\lib\site-packages\aiogram\dispatcher\dispatcher.py", line 256, in process_update
    return await self.message_handlers.notify(update.message)
  File "C:\GitHub\Telegram-bot-Notify\venv\lib\site-packages\aiogram\dispatcher\handler.py", line 116, in notify
    response = await handler_obj.handler(*args, **partial_data)
  File "C:\GitHub\Telegram-bot-Notify\bot\handlers\messages.py", line 36, in create_reminder
    date, time, text = search_engine.date_and_time_handling(text, time_zone)
  File "C:\GitHub\Telegram-bot-Notify\bot\logic\search_engine.py", line 325, in date_and_time_handling
    if not 1 <= len(re.split(r"[:./-]", found)) <= 2:
  File "C:\Users\sirfo\AppData\Local\Programs\Python\Python39\lib\re.py", line 231, in split
    return _compile(pattern, flags).split(string, maxsplit)
TypeError: expected string or bytes-like object
2023-04-01 15:57:20 [WARNING] __main__: Shutdown dispatcher...
2023-04-01 15:57:20 [INFO] aiogram.dispatcher.dispatcher: Stop polling...
2023-04-01 15:57:20 [WARNING] aiogram: Goodbye!
2023-04-01 15:57:23 [INFO] __main__: Product:
~~~Telegram-bot for quick reminders~~~
VERSION: 1.3.9
LAST_UPDATE: 2023-04-01 15:57:23
The product is not commercial
Developed by Yastrah
GitHub: https://github.com/Yastrah
2023-04-01 15:57:23 [INFO] aiogram: Bot: Notify [@NotifyMeHelperBot]
2023-04-01 15:57:23 [WARNING] aiogram: Updates were skipped successfully.
2023-04-01 15:57:24 [INFO] __main__: Bot commands have been set.
2023-04-01 15:57:24 [DEBUG] bot.db.protection: Checking old reminders completed successfully. Found 0 old reminders.
2023-04-01 15:57:24 [INFO] __main__: Start schedule process.
2023-04-01 15:57:24 [INFO] aiogram.dispatcher.dispatcher: Start polling.
2023-04-01 15:57:28 [ERROR] asyncio: Task exception was never retrieved
future: <Task finished name='Task-10' coro=<Dispatcher._process_polling_updates() done, defined at C:\GitHub\Telegram-bot-Notify\venv\lib\site-packages\aiogram\dispatcher\dispatcher.py:407> exception=SearchError('Could not find time in message: проверка', 'Не удалось обработать дату и время!')>
Traceback (most recent call last):
  File "C:\GitHub\Telegram-bot-Notify\venv\lib\site-packages\aiogram\dispatcher\dispatcher.py", line 415, in _process_polling_updates
    for responses in itertools.chain.from_iterable(await self.process_updates(updates, fast)):
  File "C:\GitHub\Telegram-bot-Notify\venv\lib\site-packages\aiogram\dispatcher\dispatcher.py", line 235, in process_updates
    return await asyncio.gather(*tasks)
  File "C:\GitHub\Telegram-bot-Notify\venv\lib\site-packages\aiogram\dispatcher\handler.py", line 116, in notify
    response = await handler_obj.handler(*args, **partial_data)
  File "C:\GitHub\Telegram-bot-Notify\venv\lib\site-packages\aiogram\dispatcher\dispatcher.py", line 256, in process_update
    return await self.message_handlers.notify(update.message)
  File "C:\GitHub\Telegram-bot-Notify\venv\lib\site-packages\aiogram\dispatcher\handler.py", line 116, in notify
    response = await handler_obj.handler(*args, **partial_data)
  File "C:\GitHub\Telegram-bot-Notify\bot\handlers\messages.py", line 36, in create_reminder
    date, time, text = search_engine.date_and_time_handling(text, time_zone)
  File "C:\GitHub\Telegram-bot-Notify\bot\logic\search_engine.py", line 324, in date_and_time_handling
    raise SearchError(f"Could not find time in message: {text}",
bot.handlers.errors.SearchError: ('Could not find time in message: проверка', 'Не удалось обработать дату и время!')
2023-04-01 15:57:43 [WARNING] __main__: Shutdown dispatcher...
2023-04-01 15:57:43 [INFO] aiogram.dispatcher.dispatcher: Stop polling...
2023-04-01 15:57:43 [WARNING] aiogram: Goodbye!
2023-04-01 15:57:46 [INFO] __main__: Product:
~~~Telegram-bot for quick reminders~~~
VERSION: 1.3.9
LAST_UPDATE: 2023-04-01 15:57:46
The product is not commercial
Developed by Yastrah
GitHub: https://github.com/Yastrah
2023-04-01 15:57:46 [INFO] aiogram: Bot: Notify [@NotifyMeHelperBot]
2023-04-01 15:57:47 [WARNING] aiogram: Updates were skipped successfully.
2023-04-01 15:57:47 [INFO] __main__: Bot commands have been set.
2023-04-01 15:57:47 [DEBUG] bot.db.protection: Checking old reminders completed successfully. Found 0 old reminders.
2023-04-01 15:57:47 [INFO] __main__: Start schedule process.
2023-04-01 15:57:47 [INFO] aiogram.dispatcher.dispatcher: Start polling.
2023-04-01 15:57:49 [ERROR] asyncio: Task exception was never retrieved
future: <Task finished name='Task-10' coro=<Dispatcher._process_polling_updates() done, defined at C:\GitHub\Telegram-bot-Notify\venv\lib\site-packages\aiogram\dispatcher\dispatcher.py:407> exception=SearchError('Could not find time in message: вторник в 15 проверка', 'Не удалось обработать дату и время!')>
Traceback (most recent call last):
  File "C:\GitHub\Telegram-bot-Notify\venv\lib\site-packages\aiogram\dispatcher\dispatcher.py", line 415, in _process_polling_updates
    for responses in itertools.chain.from_iterable(await self.process_updates(updates, fast)):
  File "C:\GitHub\Telegram-bot-Notify\venv\lib\site-packages\aiogram\dispatcher\dispatcher.py", line 235, in process_updates
    return await asyncio.gather(*tasks)
  File "C:\GitHub\Telegram-bot-Notify\venv\lib\site-packages\aiogram\dispatcher\handler.py", line 116, in notify
    response = await handler_obj.handler(*args, **partial_data)
  File "C:\GitHub\Telegram-bot-Notify\venv\lib\site-packages\aiogram\dispatcher\dispatcher.py", line 256, in process_update
    return await self.message_handlers.notify(update.message)
  File "C:\GitHub\Telegram-bot-Notify\venv\lib\site-packages\aiogram\dispatcher\handler.py", line 116, in notify
    response = await handler_obj.handler(*args, **partial_data)
  File "C:\GitHub\Telegram-bot-Notify\bot\handlers\messages.py", line 36, in create_reminder
    date, time, text = search_engine.date_and_time_handling(text, time_zone)
  File "C:\GitHub\Telegram-bot-Notify\bot\logic\search_engine.py", line 324, in date_and_time_handling
    raise SearchError(f"Could not find time in message: {text}",
bot.handlers.errors.SearchError: ('Could not find time in message: вторник в 15 проверка', 'Не удалось обработать дату и время!')
2023-04-01 15:58:02 [WARNING] __main__: Shutdown dispatcher...
2023-04-01 15:58:02 [INFO] aiogram.dispatcher.dispatcher: Stop polling...
2023-04-01 15:58:02 [WARNING] aiogram: Goodbye!
2023-04-01 15:58:05 [INFO] __main__: Product:
~~~Telegram-bot for quick reminders~~~
VERSION: 1.3.9
LAST_UPDATE: 2023-04-01 15:58:05
The product is not commercial
Developed by Yastrah
GitHub: https://github.com/Yastrah
2023-04-01 15:58:05 [INFO] aiogram: Bot: Notify [@NotifyMeHelperBot]
2023-04-01 15:58:05 [WARNING] aiogram: Updates were skipped successfully.
2023-04-01 15:58:06 [INFO] __main__: Bot commands have been set.
2023-04-01 15:58:06 [DEBUG] bot.db.protection: Checking old reminders completed successfully. Found 0 old reminders.
2023-04-01 15:58:06 [INFO] __main__: Start schedule process.
2023-04-01 15:58:06 [INFO] aiogram.dispatcher.dispatcher: Start polling.
2023-04-01 15:58:07 [ERROR] asyncio: Task exception was never retrieved
future: <Task finished name='Task-10' coro=<Dispatcher._process_polling_updates() done, defined at C:\GitHub\Telegram-bot-Notify\venv\lib\site-packages\aiogram\dispatcher\dispatcher.py:407> exception=SearchError('Could not find time in message: проверка', 'Не удалось обработать дату и время!')>
Traceback (most recent call last):
  File "C:\GitHub\Telegram-bot-Notify\venv\lib\site-packages\aiogram\dispatcher\dispatcher.py", line 415, in _process_polling_updates
    for responses in itertools.chain.from_iterable(await self.process_updates(updates, fast)):
  File "C:\GitHub\Telegram-bot-Notify\venv\lib\site-packages\aiogram\dispatcher\dispatcher.py", line 235, in process_updates
    return await asyncio.gather(*tasks)
  File "C:\GitHub\Telegram-bot-Notify\venv\lib\site-packages\aiogram\dispatcher\handler.py", line 116, in notify
    response = await handler_obj.handler(*args, **partial_data)
  File "C:\GitHub\Telegram-bot-Notify\venv\lib\site-packages\aiogram\dispatcher\dispatcher.py", line 256, in process_update
    return await self.message_handlers.notify(update.message)
  File "C:\GitHub\Telegram-bot-Notify\venv\lib\site-packages\aiogram\dispatcher\handler.py", line 116, in notify
    response = await handler_obj.handler(*args, **partial_data)
  File "C:\GitHub\Telegram-bot-Notify\bot\handlers\messages.py", line 36, in create_reminder
    date, time, text = search_engine.date_and_time_handling(text, time_zone)
  File "C:\GitHub\Telegram-bot-Notify\bot\logic\search_engine.py", line 324, in date_and_time_handling
    raise SearchError(f"Could not find time in message: {text}",
bot.handlers.errors.SearchError: ('Could not find time in message: проверка', 'Не удалось обработать дату и время!')
2023-04-01 15:58:37 [WARNING] __main__: Shutdown dispatcher...
2023-04-01 15:58:37 [INFO] aiogram.dispatcher.dispatcher: Stop polling...
2023-04-01 15:58:37 [WARNING] aiogram: Goodbye!
2023-04-01 15:58:40 [INFO] __main__: Product:
~~~Telegram-bot for quick reminders~~~
VERSION: 1.3.9
LAST_UPDATE: 2023-04-01 15:58:40
The product is not commercial
Developed by Yastrah
GitHub: https://github.com/Yastrah
2023-04-01 15:58:40 [INFO] aiogram: Bot: Notify [@NotifyMeHelperBot]
2023-04-01 15:58:41 [WARNING] aiogram: Updates were skipped successfully.
2023-04-01 15:58:41 [INFO] __main__: Bot commands have been set.
2023-04-01 15:58:41 [DEBUG] bot.db.protection: Checking old reminders completed successfully. Found 0 old reminders.
2023-04-01 15:58:41 [INFO] __main__: Start schedule process.
2023-04-01 15:58:41 [INFO] aiogram.dispatcher.dispatcher: Start polling.
2023-04-01 15:58:41 [DEBUG] bot.handlers.messages: Created reminder for message: во вторник в 15 проверка
	 chat_id: 1990672413, reminder_id: 5, time: 04/04/2023 12:00, uts: +03:00,
	text: проверка
2023-04-01 16:01:53 [WARNING] __main__: Shutdown dispatcher...
2023-04-01 16:01:53 [INFO] aiogram.dispatcher.dispatcher: Stop polling...
2023-04-01 16:01:53 [WARNING] aiogram: Goodbye!
2023-04-01 16:01:56 [INFO] __main__: Product:
~~~Telegram-bot for quick reminders~~~
VERSION: 1.3.9
LAST_UPDATE: 2023-04-01 16:01:56
The product is not commercial
Developed by Yastrah
GitHub: https://github.com/Yastrah
2023-04-01 16:01:57 [INFO] aiogram: Bot: Notify [@NotifyMeHelperBot]
2023-04-01 16:01:57 [WARNING] aiogram: Updates were skipped successfully.
2023-04-01 16:01:57 [INFO] __main__: Bot commands have been set.
2023-04-01 16:01:57 [DEBUG] bot.db.protection: Checking old reminders completed successfully. Found 0 old reminders.
2023-04-01 16:01:57 [INFO] __main__: Start schedule process.
2023-04-01 16:01:57 [INFO] aiogram.dispatcher.dispatcher: Start polling.
2023-04-01 16:02:58 [DEBUG] bot.handlers.messages: Created reminder for message: черещ 1 мин проверка
	 chat_id: 1990672413, reminder_id: 6, time: 01/04/2023 13:03, uts: +03:00,
	text: проверка
2023-04-01 16:03:11 [INFO] bot.send_reminders: Reminder sent successfully to user 1990672413.
	Text: проверка
2023-04-01 16:03:35 [DEBUG] bot.handlers.messages: Created reminder for message: в понедельник в 19 проверка
	 chat_id: 1990672413, reminder_id: 6, time: 03/04/2023 16:00, uts: +03:00,
	text: проверка
2023-04-01 16:04:02 [DEBUG] bot.handlers.messages: Created reminder for message: в среду 14 проверка
	 chat_id: 1990672413, reminder_id: 7, time: 05/04/2023 11:00, uts: +03:00,
	text: проверка
2023-04-01 16:07:29 [WARNING] __main__: Shutdown dispatcher...
2023-04-01 16:07:29 [INFO] aiogram.dispatcher.dispatcher: Stop polling...
2023-04-01 16:07:29 [WARNING] aiogram: Goodbye!
2023-04-01 16:09:42 [INFO] __main__: Product:
~~~Telegram-bot for quick reminders~~~
VERSION: 1.3.9
LAST_UPDATE: 2023-04-01 16:09:42
The product is not commercial
Developed by Yastrah
GitHub: https://github.com/Yastrah
2023-04-01 16:09:42 [INFO] aiogram: Bot: Notify [@NotifyMeHelperBot]
2023-04-01 16:09:42 [WARNING] aiogram: Updates were skipped successfully.
2023-04-01 16:09:42 [INFO] __main__: Bot commands have been set.
2023-04-01 16:09:42 [DEBUG] bot.db.protection: Checking old reminders completed successfully. Found 0 old reminders.
2023-04-01 16:09:42 [INFO] __main__: Start schedule process.
2023-04-01 16:09:42 [INFO] aiogram.dispatcher.dispatcher: Start polling.
2023-04-01 16:11:13 [DEBUG] bot.handlers.edit_reminder: Successfully updated reminder text with chat_id: 1990672413, reminder_id: 2. New text: проверка2
2023-04-01 16:15:38 [WARNING] __main__: Shutdown dispatcher...
2023-04-01 16:15:38 [INFO] aiogram.dispatcher.dispatcher: Stop polling...
2023-04-01 16:15:38 [WARNING] aiogram: Goodbye!
2023-04-01 16:15:41 [INFO] __main__: Product:
~~~Telegram-bot for quick reminders~~~
VERSION: 1.3.9
LAST_UPDATE: 2023-04-01 16:15:41
The product is not commercial
Developed by Yastrah
GitHub: https://github.com/Yastrah
2023-04-01 16:15:42 [INFO] aiogram: Bot: Notify [@NotifyMeHelperBot]
2023-04-01 16:15:42 [WARNING] aiogram: Updates were skipped successfully.
2023-04-01 16:15:42 [INFO] __main__: Bot commands have been set.
2023-04-01 16:15:42 [DEBUG] bot.db.protection: Checking old reminders completed successfully. Found 0 old reminders.
2023-04-01 16:15:42 [INFO] __main__: Start schedule process.
2023-04-01 16:15:42 [INFO] aiogram.dispatcher.dispatcher: Start polling.
2023-04-01 16:15:55 [DEBUG] bot.handlers.edit_reminder: Successfully updated reminder text with chat_id: 1990672413, reminder_id: 4. New text: проверка1
2023-04-01 16:19:02 [WARNING] __main__: Shutdown dispatcher...
2023-04-01 16:19:02 [INFO] aiogram.dispatcher.dispatcher: Stop polling...
2023-04-01 16:19:02 [WARNING] aiogram: Goodbye!
