2023-03-18 03:43:25 [INFO] __main__: Product:
~~~Telegram-bot for quick reminders~~~
VERSION: 1.3.2
LAST_UPDATE: 2023-03-18 03:43:25
The product is not commercial
Developed by Yastrah
GitHub: https://github.com/Yastrah
2023-03-18 03:43:25 [INFO] aiogram: Bot: Notify [@EuclidAssistantBot]
2023-03-18 03:43:26 [WARNING] aiogram: Updates were skipped successfully.
2023-03-18 03:43:26 [INFO] __main__: Bot commands have been set.
2023-03-18 03:43:26 [INFO] __main__: Start schedule process.
2023-03-18 03:43:26 [INFO] aiogram.dispatcher.dispatcher: Start polling.
2023-03-18 03:43:46 [DEBUG] bot.handlers.messages: Created reminder for message: 17 апреля в 1.10 проверка
	 chat_id: 1990672413, reminder_id: 2, time: 17/04/2023 01:10, text: проверка
2023-03-18 03:43:59 [DEBUG] bot.handlers.messages: Trying to create reminder on the past date, chat_id: 1990672413. Date: 16/03/2023 Time: 10:40
2023-03-18 03:44:04 [DEBUG] bot.handlers.messages: Created reminder for message: 19 10.40 проверка
	 chat_id: 1990672413, reminder_id: 3, time: 19/03/2023 10:40, text: проверка
2023-03-18 03:44:16 [DEBUG] bot.handlers.messages: Created reminder for message: 13.05 в 12 проверка
	 chat_id: 1990672413, reminder_id: 4, time: 13/05/2023 12:00, text: проверка
2023-03-18 03:44:30 [DEBUG] bot.handlers.messages: Created reminder for message: в 10.15 проверка
	 chat_id: 1990672413, reminder_id: 5, time: 18/03/2023 10:15, text: проверка
2023-03-18 03:44:44 [DEBUG] bot.handlers.messages: Created reminder for message: завтра в 15 часов 35 минут проверка
	 chat_id: 1990672413, reminder_id: 6, time: 19/03/2023 15:35, text: проверка
2023-03-18 03:45:28 [WARNING] __main__: Shutdown dispatcher!!!
2023-03-18 03:45:28 [INFO] aiogram.dispatcher.dispatcher: Stop polling...
2023-03-18 03:45:28 [WARNING] aiogram: Goodbye!
2023-03-18 04:06:59 [INFO] __main__: Product:
~~~Telegram-bot for quick reminders~~~
VERSION: 1.3.2
LAST_UPDATE: 2023-03-18 04:06:59
The product is not commercial
Developed by Yastrah
GitHub: https://github.com/Yastrah
2023-03-18 04:06:59 [INFO] aiogram: Bot: Notify [@EuclidAssistantBot]
2023-03-18 04:06:59 [WARNING] aiogram: Updates were skipped successfully.
2023-03-18 04:06:59 [INFO] __main__: Bot commands have been set.
2023-03-18 04:06:59 [INFO] __main__: Start schedule process.
2023-03-18 04:06:59 [INFO] aiogram.dispatcher.dispatcher: Start polling.
2023-03-18 04:07:13 [DEBUG] bot.handlers.messages: Created reminder for message: в 10 часов проверка
	 chat_id: 1990672413, reminder_id: 7, time: 18/03/2023 10:00, text: проверка
2023-03-18 04:07:25 [DEBUG] bot.handlers.messages: Created reminder for message: в 10 часов 30 vbyen проверка
	 chat_id: 1990672413, reminder_id: 8, time: 18/03/2023 10:00, text: 30 vbyen проверка
2023-03-18 04:07:34 [DEBUG] bot.handlers.delete_reminder: Deleted chat id 1990672413 reminder with id: 8
2023-03-18 04:07:44 [DEBUG] bot.handlers.messages: Created reminder for message: в 10 часов 30 минут проверка
	 chat_id: 1990672413, reminder_id: 8, time: 18/03/2023 10:30, text: проверка
2023-03-18 04:07:57 [WARNING] __main__: Shutdown dispatcher!!!
2023-03-18 04:07:57 [INFO] aiogram.dispatcher.dispatcher: Stop polling...
2023-03-18 04:07:57 [WARNING] aiogram: Goodbye!
2023-03-18 04:08:14 [INFO] __main__: Product:
~~~Telegram-bot for quick reminders~~~
VERSION: 1.3.2
LAST_UPDATE: 2023-03-18 04:08:14
The product is not commercial
Developed by Yastrah
GitHub: https://github.com/Yastrah
2023-03-18 04:08:14 [INFO] aiogram: Bot: Notify [@EuclidAssistantBot]
2023-03-18 04:08:14 [WARNING] aiogram: Updates were skipped successfully.
2023-03-18 04:08:14 [INFO] __main__: Bot commands have been set.
2023-03-18 04:08:14 [INFO] __main__: Start schedule process.
2023-03-18 04:08:14 [INFO] aiogram.dispatcher.dispatcher: Start polling.
2023-03-18 04:08:37 [DEBUG] bot.handlers.messages: Created reminder for message: в 12 часов 20 мин проверка
	 chat_id: 1990672413, reminder_id: 9, time: 18/03/2023 12:20, text: проверка
2023-03-18 04:08:58 [DEBUG] bot.handlers.messages: Created reminder for message: в 13 часов и 25 мин проверка
	 chat_id: 1990672413, reminder_id: 10, time: 18/03/2023 13:25, text: проверка
2023-03-18 04:11:48 [WARNING] __main__: Shutdown dispatcher!!!
2023-03-18 04:11:48 [INFO] aiogram.dispatcher.dispatcher: Stop polling...
2023-03-18 04:11:48 [WARNING] aiogram: Goodbye!
2023-03-18 23:31:48 [INFO] __main__: Product:
~~~Telegram-bot for quick reminders~~~
VERSION: 1.3.3
LAST_UPDATE: 2023-03-18 23:31:48
The product is not commercial
Developed by Yastrah
GitHub: https://github.com/Yastrah
2023-03-18 23:31:49 [INFO] aiogram: Bot: Notify [@EuclidAssistantBot]
2023-03-18 23:31:49 [WARNING] aiogram: Updates were skipped successfully.
2023-03-18 23:31:49 [INFO] __main__: Bot commands have been set.
2023-03-18 23:31:49 [INFO] __main__: Start schedule process.
2023-03-18 23:31:49 [INFO] aiogram.dispatcher.dispatcher: Start polling.
2023-03-18 23:32:08 [ERROR] bot.db.users: Failed to add user_id 1990672413 to database!
	Exception: table users has 7 columns but 6 values were supplied
2023-03-18 23:32:08 [WARNING] bot.handlers.common: Registered new user. user_id: 1990672413, chat_id: 1990672413, user_name: yastrah_it
2023-03-18 23:36:03 [WARNING] __main__: Shutdown dispatcher!!!
2023-03-18 23:36:03 [INFO] aiogram.dispatcher.dispatcher: Stop polling...
2023-03-18 23:36:03 [WARNING] aiogram: Goodbye!
2023-03-18 23:36:07 [INFO] __main__: Product:
~~~Telegram-bot for quick reminders~~~
VERSION: 1.3.3
LAST_UPDATE: 2023-03-18 23:36:07
The product is not commercial
Developed by Yastrah
GitHub: https://github.com/Yastrah
2023-03-18 23:36:07 [INFO] aiogram: Bot: Notify [@EuclidAssistantBot]
2023-03-18 23:36:07 [WARNING] aiogram: Updates were skipped successfully.
2023-03-18 23:36:08 [INFO] __main__: Bot commands have been set.
2023-03-18 23:36:08 [INFO] __main__: Start schedule process.
2023-03-18 23:36:08 [INFO] aiogram.dispatcher.dispatcher: Start polling.
2023-03-18 23:36:10 [ERROR] bot.db.users: Failed to add user_id 1990672413 to database!
	Exception: table users has 7 columns but 6 values were supplied
2023-03-18 23:36:10 [WARNING] bot.handlers.common: Registered new user. user_id: 1990672413, chat_id: 1990672413, user_name: yastrah_it
2023-03-18 23:36:33 [WARNING] __main__: Shutdown dispatcher!!!
2023-03-18 23:36:33 [INFO] aiogram.dispatcher.dispatcher: Stop polling...
2023-03-18 23:36:33 [WARNING] aiogram: Goodbye!
2023-03-18 23:45:03 [INFO] __main__: Product:
~~~Telegram-bot for quick reminders~~~
VERSION: 1.3.3
LAST_UPDATE: 2023-03-18 23:45:03
The product is not commercial
Developed by Yastrah
GitHub: https://github.com/Yastrah
2023-03-18 23:45:03 [INFO] aiogram: Bot: Notify [@EuclidAssistantBot]
2023-03-18 23:45:03 [WARNING] aiogram: Updates were skipped successfully.
2023-03-18 23:45:03 [INFO] __main__: Bot commands have been set.
2023-03-18 23:45:03 [INFO] __main__: Start schedule process.
2023-03-18 23:45:03 [INFO] aiogram.dispatcher.dispatcher: Start polling.
2023-03-18 23:46:53 [WARNING] __main__: Shutdown dispatcher!!!
2023-03-18 23:46:53 [INFO] aiogram.dispatcher.dispatcher: Stop polling...
2023-03-18 23:46:53 [WARNING] aiogram: Goodbye!
2023-03-18 23:47:01 [INFO] __main__: Product:
~~~Telegram-bot for quick reminders~~~
VERSION: 1.3.3
LAST_UPDATE: 2023-03-18 23:47:01
The product is not commercial
Developed by Yastrah
GitHub: https://github.com/Yastrah
2023-03-18 23:47:01 [INFO] aiogram: Bot: Notify [@EuclidAssistantBot]
2023-03-18 23:47:01 [WARNING] aiogram: Updates were skipped successfully.
2023-03-18 23:47:01 [INFO] __main__: Bot commands have been set.
2023-03-18 23:47:01 [INFO] __main__: Start schedule process.
2023-03-18 23:47:01 [INFO] aiogram.dispatcher.dispatcher: Start polling.
2023-03-18 23:47:36 [WARNING] __main__: Shutdown dispatcher!!!
2023-03-18 23:47:36 [INFO] aiogram.dispatcher.dispatcher: Stop polling...
2023-03-18 23:47:36 [WARNING] aiogram: Goodbye!
2023-03-18 23:47:39 [INFO] __main__: Product:
~~~Telegram-bot for quick reminders~~~
VERSION: 1.3.3
LAST_UPDATE: 2023-03-18 23:47:39
The product is not commercial
Developed by Yastrah
GitHub: https://github.com/Yastrah
2023-03-18 23:47:39 [INFO] aiogram: Bot: Notify [@EuclidAssistantBot]
2023-03-18 23:47:39 [WARNING] aiogram: Updates were skipped successfully.
2023-03-18 23:47:39 [INFO] __main__: Bot commands have been set.
2023-03-18 23:47:39 [INFO] __main__: Start schedule process.
2023-03-18 23:47:39 [INFO] aiogram.dispatcher.dispatcher: Start polling.
2023-03-18 23:47:51 [WARNING] __main__: Shutdown dispatcher!!!
2023-03-18 23:47:51 [INFO] aiogram.dispatcher.dispatcher: Stop polling...
2023-03-18 23:47:51 [WARNING] aiogram: Goodbye!
2023-03-18 23:58:11 [INFO] __main__: Product:
~~~Telegram-bot for quick reminders~~~
VERSION: 1.3.3
LAST_UPDATE: 2023-03-18 23:58:11
The product is not commercial
Developed by Yastrah
GitHub: https://github.com/Yastrah
2023-03-18 23:58:12 [INFO] aiogram: Bot: Notify [@EuclidAssistantBot]
2023-03-18 23:58:12 [WARNING] aiogram: Updates were skipped successfully.
2023-03-18 23:58:12 [INFO] __main__: Bot commands have been set.
2023-03-18 23:58:12 [INFO] __main__: Start schedule process.
2023-03-18 23:58:12 [INFO] aiogram.dispatcher.dispatcher: Start polling.
2023-03-18 23:58:14 [WARNING] bot.handlers.common: Registered new user. user_id: 1990672413, chat_id: 1990672413, user_name: yastrah_it
2023-03-18 23:58:19 [DEBUG] bot.handlers.settings: User 1990672413 set time_zone +03:00.
2023-03-18 23:59:02 [WARNING] __main__: Shutdown dispatcher!!!
2023-03-18 23:59:02 [INFO] aiogram.dispatcher.dispatcher: Stop polling...
2023-03-18 23:59:02 [WARNING] aiogram: Goodbye!
2023-03-18 23:59:05 [INFO] __main__: Product:
~~~Telegram-bot for quick reminders~~~
VERSION: 1.3.3
LAST_UPDATE: 2023-03-18 23:59:05
The product is not commercial
Developed by Yastrah
GitHub: https://github.com/Yastrah
2023-03-18 23:59:05 [INFO] aiogram: Bot: Notify [@EuclidAssistantBot]
2023-03-18 23:59:05 [WARNING] aiogram: Updates were skipped successfully.
2023-03-18 23:59:05 [INFO] __main__: Bot commands have been set.
2023-03-18 23:59:05 [INFO] __main__: Start schedule process.
2023-03-18 23:59:05 [INFO] aiogram.dispatcher.dispatcher: Start polling.
2023-03-18 23:59:10 [WARNING] bot.handlers.common: Registered new user. user_id: 1990672413, chat_id: 1990672413, user_name: yastrah_it
2023-03-18 23:59:21 [DEBUG] bot.handlers.settings: User 1990672413 set time_zone +03:00.
2023-03-19 00:00:01 [DEBUG] bot.db.protection: Checking old reminders completed successfully. Found 9 old reminders.
2023-03-19 00:04:28 [WARNING] __main__: Shutdown dispatcher!!!
2023-03-19 00:04:28 [INFO] aiogram.dispatcher.dispatcher: Stop polling...
2023-03-19 00:04:28 [WARNING] aiogram: Goodbye!
