2023-03-26 17:26:48 [INFO] __main__: Product:
~~~Telegram-bot for quick reminders~~~
VERSION: 1.3.8
LAST_UPDATE: 2023-03-26 17:26:48
The product is not commercial
Developed by Yastrah
GitHub: https://github.com/Yastrah
2023-03-26 17:26:48 [INFO] aiogram: Bot: Notify [@NotifyMeHelperBot]
2023-03-26 17:26:48 [WARNING] aiogram: Updates were skipped successfully.
2023-03-26 17:26:49 [INFO] __main__: Bot commands have been set.
2023-03-26 17:26:49 [DEBUG] bot.db.protection: Checking old reminders completed successfully. Found 0 old reminders.
2023-03-26 17:26:49 [INFO] __main__: Start schedule process.
2023-03-26 17:26:49 [INFO] aiogram.dispatcher.dispatcher: Start polling.
2023-03-26 17:26:51 [WARNING] bot.handlers.admin: Table users was reset!
2023-03-26 17:26:51 [WARNING] bot.handlers.admin: Admin 1990672413 RESET table users!
2023-03-26 17:26:57 [WARNING] bot.handlers.settings: Registered new user. user_id: 1990672413, chat_id: 1990672413, user_name: yastrah_it
2023-03-26 17:27:20 [WARNING] __main__: Shutdown dispatcher...
2023-03-26 17:27:20 [INFO] aiogram.dispatcher.dispatcher: Stop polling...
2023-03-26 17:27:20 [WARNING] aiogram: Goodbye!
2023-03-26 17:30:24 [INFO] __main__: Product:
~~~Telegram-bot for quick reminders~~~
VERSION: 1.3.8
LAST_UPDATE: 2023-03-26 17:30:24
The product is not commercial
Developed by Yastrah
GitHub: https://github.com/Yastrah
2023-03-26 17:30:25 [INFO] aiogram: Bot: Notify [@NotifyMeHelperBot]
2023-03-26 17:30:25 [WARNING] aiogram: Updates were skipped successfully.
2023-03-26 17:30:25 [INFO] __main__: Bot commands have been set.
2023-03-26 17:30:25 [DEBUG] bot.db.protection: Checking old reminders completed successfully. Found 0 old reminders.
2023-03-26 17:30:25 [INFO] __main__: Start schedule process.
2023-03-26 17:30:25 [INFO] aiogram.dispatcher.dispatcher: Start polling.
2023-03-26 17:30:31 [WARNING] bot.handlers.admin: Table users was reset!
2023-03-26 17:30:31 [WARNING] bot.handlers.admin: Admin 1990672413 RESET table users!
2023-03-26 17:30:39 [WARNING] bot.handlers.settings: Registered new user. user_id: 1990672413, chat_id: 1990672413, user_name: yastrah_it
2023-03-26 17:30:39 [ERROR] asyncio: Task exception was never retrieved
future: <Task finished name='Task-15' coro=<Dispatcher._process_polling_updates() done, defined at C:\GitHub\Telegram-bot-Notify\venv\lib\site-packages\aiogram\dispatcher\dispatcher.py:407> exception=CantParseEntities("Can't parse entities: can't find end tag corresponding to start tag u")>
Traceback (most recent call last):
  File "C:\GitHub\Telegram-bot-Notify\venv\lib\site-packages\aiogram\dispatcher\dispatcher.py", line 415, in _process_polling_updates
    for responses in itertools.chain.from_iterable(await self.process_updates(updates, fast)):
  File "C:\GitHub\Telegram-bot-Notify\venv\lib\site-packages\aiogram\dispatcher\dispatcher.py", line 235, in process_updates
    return await asyncio.gather(*tasks)
  File "C:\GitHub\Telegram-bot-Notify\venv\lib\site-packages\aiogram\dispatcher\handler.py", line 116, in notify
    response = await handler_obj.handler(*args, **partial_data)
  File "C:\GitHub\Telegram-bot-Notify\venv\lib\site-packages\aiogram\dispatcher\dispatcher.py", line 256, in process_update
    return await self.message_handlers.notify(update.message)
  File "C:\GitHub\Telegram-bot-Notify\venv\lib\site-packages\aiogram\dispatcher\handler.py", line 116, in notify
    response = await handler_obj.handler(*args, **partial_data)
  File "C:\GitHub\Telegram-bot-Notify\bot\handlers\common.py", line 23, in cmd_start
    return await register_user(message, state)
  File "C:\GitHub\Telegram-bot-Notify\bot\handlers\settings.py", line 40, in register_user
    await message.answer(Constants.settings_text["check_examples"]["ru"], parse_mode="HTML")
  File "C:\GitHub\Telegram-bot-Notify\venv\lib\site-packages\aiogram\types\message.py", line 397, in answer
    return await self.bot.send_message(
  File "C:\GitHub\Telegram-bot-Notify\venv\lib\site-packages\aiogram\bot\bot.py", line 341, in send_message
    result = await self.request(api.Methods.SEND_MESSAGE, payload)
  File "C:\GitHub\Telegram-bot-Notify\venv\lib\site-packages\aiogram\bot\base.py", line 236, in request
    return await api.make_request(await self.get_session(), self.server, self.__token, method, data, files,
  File "C:\GitHub\Telegram-bot-Notify\venv\lib\site-packages\aiogram\bot\api.py", line 140, in make_request
    return check_result(method, response.content_type, response.status, await response.text())
  File "C:\GitHub\Telegram-bot-Notify\venv\lib\site-packages\aiogram\bot\api.py", line 115, in check_result
    exceptions.BadRequest.detect(description)
  File "C:\GitHub\Telegram-bot-Notify\venv\lib\site-packages\aiogram\utils\exceptions.py", line 140, in detect
    raise err(cls.text or description)
aiogram.utils.exceptions.CantParseEntities: Can't parse entities: can't find end tag corresponding to start tag u
2023-03-26 17:31:18 [WARNING] __main__: Shutdown dispatcher...
2023-03-26 17:31:18 [INFO] aiogram.dispatcher.dispatcher: Stop polling...
2023-03-26 17:31:18 [WARNING] aiogram: Goodbye!
2023-03-26 17:31:42 [INFO] __main__: Product:
~~~Telegram-bot for quick reminders~~~
VERSION: 1.3.8
LAST_UPDATE: 2023-03-26 17:31:42
The product is not commercial
Developed by Yastrah
GitHub: https://github.com/Yastrah
2023-03-26 17:31:42 [INFO] aiogram: Bot: Notify [@NotifyMeHelperBot]
2023-03-26 17:31:43 [WARNING] aiogram: Updates were skipped successfully.
2023-03-26 17:31:43 [INFO] __main__: Bot commands have been set.
2023-03-26 17:31:43 [DEBUG] bot.db.protection: Checking old reminders completed successfully. Found 0 old reminders.
2023-03-26 17:31:43 [INFO] __main__: Start schedule process.
2023-03-26 17:31:43 [INFO] aiogram.dispatcher.dispatcher: Start polling.
2023-03-26 17:31:50 [WARNING] bot.handlers.admin: Table users was reset!
2023-03-26 17:31:50 [WARNING] bot.handlers.admin: Admin 1990672413 RESET table users!
2023-03-26 17:31:53 [WARNING] bot.handlers.settings: Registered new user. user_id: 1990672413, chat_id: 1990672413, user_name: yastrah_it
2023-03-26 17:32:02 [DEBUG] bot.handlers.settings: User 1990672413 set time_zone +03:00.
2023-03-26 17:40:20 [WARNING] __main__: Shutdown dispatcher...
2023-03-26 17:40:20 [INFO] aiogram.dispatcher.dispatcher: Stop polling...
2023-03-26 17:40:20 [WARNING] aiogram: Goodbye!
2023-03-26 17:40:23 [INFO] __main__: Product:
~~~Telegram-bot for quick reminders~~~
VERSION: 1.3.8
LAST_UPDATE: 2023-03-26 17:40:23
The product is not commercial
Developed by Yastrah
GitHub: https://github.com/Yastrah
2023-03-26 17:40:24 [INFO] aiogram: Bot: Notify [@NotifyMeHelperBot]
2023-03-26 17:40:24 [WARNING] aiogram: Updates were skipped successfully.
2023-03-26 17:40:24 [INFO] __main__: Bot commands have been set.
2023-03-26 17:40:24 [DEBUG] bot.db.protection: Checking old reminders completed successfully. Found 0 old reminders.
2023-03-26 17:40:24 [INFO] __main__: Start schedule process.
2023-03-26 17:40:24 [INFO] aiogram.dispatcher.dispatcher: Start polling.
2023-03-26 17:40:55 [WARNING] __main__: Shutdown dispatcher...
2023-03-26 17:40:55 [INFO] aiogram.dispatcher.dispatcher: Stop polling...
2023-03-26 17:40:55 [WARNING] aiogram: Goodbye!
2023-03-26 18:04:30 [INFO] __main__: Product:
~~~Telegram-bot for quick reminders~~~
VERSION: 1.3.8
LAST_UPDATE: 2023-03-26 18:04:30
The product is not commercial
Developed by Yastrah
GitHub: https://github.com/Yastrah
2023-03-26 18:04:30 [INFO] aiogram: Bot: Notify [@NotifyMeHelperBot]
2023-03-26 18:04:30 [WARNING] aiogram: Updates were skipped successfully.
2023-03-26 18:04:30 [INFO] __main__: Bot commands have been set.
2023-03-26 18:04:30 [DEBUG] bot.db.protection: Checking old reminders completed successfully. Found 0 old reminders.
2023-03-26 18:04:30 [INFO] __main__: Start schedule process.
2023-03-26 18:04:30 [INFO] aiogram.dispatcher.dispatcher: Start polling.
2023-03-26 18:05:36 [DEBUG] bot.handlers.messages: Created reminder for message: через 3 минуты проверка
	 chat_id: 1990672413, reminder_id: 3, time: 26/03/2023 15:08, uts: +03:00,
	text: проверка
2023-03-26 18:08:13 [INFO] bot.send_reminders: Reminder sent successfully to user 1990672413.
	Text: проверка
2023-03-26 18:08:38 [DEBUG] bot.handlers.messages: Created reminder for message: через 20 минут проверка
	 chat_id: 1990672413, reminder_id: 3, time: 26/03/2023 15:28, uts: +03:00,
	text: проверка
2023-03-26 18:09:08 [DEBUG] bot.handlers.messages: Created reminder for message: через 1 час 30 минут проверка
	 chat_id: 1990672413, reminder_id: 5, time: 26/03/2023 16:39, uts: +03:00,
	text: проверка
2023-03-26 18:09:27 [DEBUG] bot.handlers.messages: Created reminder for message: через 3.20 проверка
	 chat_id: 1990672413, reminder_id: 6, time: 26/03/2023 18:29, uts: +03:00,
	text: проверка
2023-03-26 18:10:01 [WARNING] bot.handlers.admin: Table reminders was reset!
2023-03-26 18:10:01 [WARNING] bot.handlers.admin: Admin 1990672413 RESET table reminders!
2023-03-26 18:15:12 [WARNING] __main__: Shutdown dispatcher...
2023-03-26 18:15:12 [INFO] aiogram.dispatcher.dispatcher: Stop polling...
2023-03-26 18:15:12 [WARNING] aiogram: Goodbye!
2023-03-26 18:15:16 [INFO] __main__: Product:
~~~Telegram-bot for quick reminders~~~
VERSION: 1.3.8
LAST_UPDATE: 2023-03-26 18:15:16
The product is not commercial
Developed by Yastrah
GitHub: https://github.com/Yastrah
2023-03-26 18:15:17 [INFO] aiogram: Bot: Notify [@NotifyMeHelperBot]
2023-03-26 18:15:17 [WARNING] aiogram: Updates were skipped successfully.
2023-03-26 18:15:17 [INFO] __main__: Bot commands have been set.
2023-03-26 18:15:17 [ERROR] bot.db.protection: Unable to read and check database!
2023-03-26 18:15:17 [INFO] __main__: Start schedule process.
2023-03-26 18:15:17 [INFO] aiogram.dispatcher.dispatcher: Start polling.
2023-03-26 18:15:29 [DEBUG] bot.handlers.messages: Created reminder for message: завтра в 14 проверка
	 chat_id: 1990672413, reminder_id: 1, time: 27/03/2023 11:00, uts: +03:00,
	text: проверка
2023-03-26 18:15:44 [DEBUG] bot.handlers.messages: Created reminder for message: завтра в 13.30 проверка
	 chat_id: 1990672413, reminder_id: 2, time: 27/03/2023 10:30, uts: +03:00,
	text: проверка
2023-03-26 18:16:03 [ERROR] bot.send_reminders: Start handling 2023-03-26 18:16:03.193336
2023-03-26 18:16:03 [DEBUG] bot.handlers.messages: Created reminder for message: завтра в 18:45 проверка
	 chat_id: 1990672413, reminder_id: 3, time: 27/03/2023 15:45, uts: +03:00,
	text: проверка
2023-03-26 18:16:22 [DEBUG] bot.handlers.messages: Created reminder for message: послезаавтра в 16 проверка
	 chat_id: 1990672413, reminder_id: 4, time: 28/03/2023 13:00, uts: +03:00,
	text: проверка
2023-03-26 18:16:51 [DEBUG] bot.handlers.messages: Created reminder for message: послезавтра в 20.10 проверка
	 chat_id: 1990672413, reminder_id: 5, time: 27/03/2023 17:10, uts: +03:00,
	text: проверка
2023-03-26 18:17:08 [ERROR] bot.send_reminders: Start handling 2023-03-26 18:17:08.789838
2023-03-26 18:17:08 [DEBUG] bot.handlers.messages: Created reminder for message: 30  в 10.30 провверка
	 chat_id: 1990672413, reminder_id: 6, time: 30/03/2023 07:30, uts: +03:00,
	text: провверка
2023-03-26 18:17:24 [DEBUG] bot.handlers.edit_reminder: Successfully updated reminder text with chat_id: 1990672413, reminder_id: 6. New text: проверка
2023-03-26 18:18:04 [ERROR] bot.send_reminders: Start handling 2023-03-26 18:18:04.305974
2023-03-26 18:19:04 [ERROR] bot.send_reminders: Start handling 2023-03-26 18:19:04.287658
2023-03-26 18:19:09 [WARNING] __main__: Shutdown dispatcher...
2023-03-26 18:19:09 [INFO] aiogram.dispatcher.dispatcher: Stop polling...
2023-03-26 18:19:09 [WARNING] aiogram: Goodbye!
2023-03-26 18:19:12 [INFO] __main__: Product:
~~~Telegram-bot for quick reminders~~~
VERSION: 1.3.8
LAST_UPDATE: 2023-03-26 18:19:12
The product is not commercial
Developed by Yastrah
GitHub: https://github.com/Yastrah
2023-03-26 18:19:13 [INFO] aiogram: Bot: Notify [@NotifyMeHelperBot]
2023-03-26 18:19:13 [WARNING] aiogram: Updates were skipped successfully.
2023-03-26 18:19:13 [INFO] __main__: Bot commands have been set.
2023-03-26 18:19:13 [DEBUG] bot.db.protection: Checking old reminders completed successfully. Found 0 old reminders.
2023-03-26 18:19:13 [INFO] __main__: Start schedule process.
2023-03-26 18:19:13 [INFO] aiogram.dispatcher.dispatcher: Start polling.
2023-03-26 18:20:09 [ERROR] bot.send_reminders: Start handling 2023-03-26 18:20:09.292729
2023-03-26 18:21:02 [WARNING] __main__: Shutdown dispatcher...
2023-03-26 18:21:02 [INFO] aiogram.dispatcher.dispatcher: Stop polling...
2023-03-26 18:21:02 [WARNING] aiogram: Goodbye!
2023-03-26 18:21:05 [INFO] __main__: Product:
~~~Telegram-bot for quick reminders~~~
VERSION: 1.3.8
LAST_UPDATE: 2023-03-26 18:21:05
The product is not commercial
Developed by Yastrah
GitHub: https://github.com/Yastrah
2023-03-26 18:21:05 [INFO] aiogram: Bot: Notify [@NotifyMeHelperBot]
2023-03-26 18:21:06 [WARNING] aiogram: Updates were skipped successfully.
2023-03-26 18:21:06 [INFO] __main__: Bot commands have been set.
2023-03-26 18:21:06 [DEBUG] bot.db.protection: Checking old reminders completed successfully. Found 0 old reminders.
2023-03-26 18:21:06 [INFO] __main__: Start schedule process.
2023-03-26 18:21:06 [INFO] aiogram.dispatcher.dispatcher: Start polling.
2023-03-26 18:21:27 [DEBUG] bot.handlers.messages: Created reminder for message: через 1 минуту проверка
	 chat_id: 1990672413, reminder_id: 7, time: 26/03/2023 15:22, uts: +03:00,
	text: проверка
2023-03-26 18:22:08 [ERROR] bot.send_reminders: Start handling 2023-03-26 18:22:08.048887
2023-03-26 18:22:08 [INFO] bot.send_reminders: Reminder sent successfully to user 1990672413.
	Text: проверка
2023-03-26 18:22:08 [ERROR] bot.send_reminders: Finish handling 2023-03-26 18:22:08.424060
2023-03-26 18:23:04 [ERROR] bot.send_reminders: Start handling 2023-03-26 18:23:04.291391
2023-03-26 18:23:04 [ERROR] bot.send_reminders: Finish handling 2023-03-26 18:23:04.309417
2023-03-26 18:24:04 [ERROR] bot.send_reminders: Start handling 2023-03-26 18:24:04.289060
2023-03-26 18:24:04 [ERROR] bot.send_reminders: Finish handling 2023-03-26 18:24:04.291726
2023-03-26 18:24:32 [WARNING] __main__: Shutdown dispatcher...
2023-03-26 18:24:32 [INFO] aiogram.dispatcher.dispatcher: Stop polling...
2023-03-26 18:24:32 [WARNING] aiogram: Goodbye!
2023-03-26 18:35:58 [INFO] __main__: Product:
~~~Telegram-bot for quick reminders~~~
VERSION: 1.3.8
LAST_UPDATE: 2023-03-26 18:35:58
The product is not commercial
Developed by Yastrah
GitHub: https://github.com/Yastrah
2023-03-26 18:35:58 [INFO] aiogram: Bot: Notify [@NotifyMeHelperBot]
2023-03-26 18:35:58 [WARNING] aiogram: Updates were skipped successfully.
2023-03-26 18:35:58 [INFO] __main__: Bot commands have been set.
2023-03-26 18:35:58 [DEBUG] bot.db.protection: Checking old reminders completed successfully. Found 0 old reminders.
2023-03-26 18:35:58 [INFO] __main__: Start schedule process.
2023-03-26 18:35:58 [INFO] aiogram.dispatcher.dispatcher: Start polling.
2023-03-26 18:36:16 [DEBUG] bot.handlers.messages: Created reminder for message: через 9 часов проверка
	 chat_id: 1990672413, reminder_id: 7, time: 27/03/2023 00:36, uts: +03:00,
	text: проверка
2023-03-26 18:36:44 [WARNING] __main__: Shutdown dispatcher...
2023-03-26 18:36:44 [INFO] aiogram.dispatcher.dispatcher: Stop polling...
2023-03-26 18:36:44 [WARNING] aiogram: Goodbye!
2023-03-26 19:01:33 [INFO] __main__: Product:
~~~Telegram-bot for quick reminders~~~
VERSION: 1.3.8
LAST_UPDATE: 2023-03-26 19:01:33
The product is not commercial
Developed by Yastrah
GitHub: https://github.com/Yastrah
2023-03-26 19:01:34 [INFO] aiogram: Bot: Notify [@NotifyMeHelperBot]
2023-03-26 19:01:34 [WARNING] aiogram: Updates were skipped successfully.
2023-03-26 19:01:34 [INFO] __main__: Bot commands have been set.
2023-03-26 19:01:34 [DEBUG] bot.db.protection: Checking old reminders completed successfully. Found 0 old reminders.
2023-03-26 19:01:34 [INFO] __main__: Start schedule process.
2023-03-26 19:01:34 [INFO] aiogram.dispatcher.dispatcher: Start polling.
2023-03-26 19:02:04 [WARNING] __main__: Shutdown dispatcher...
2023-03-26 19:02:04 [INFO] aiogram.dispatcher.dispatcher: Stop polling...
2023-03-26 19:02:04 [WARNING] aiogram: Goodbye!
2023-03-26 19:02:06 [INFO] __main__: Product:
~~~Telegram-bot for quick reminders~~~
VERSION: 1.3.8
LAST_UPDATE: 2023-03-26 19:02:06
The product is not commercial
Developed by Yastrah
GitHub: https://github.com/Yastrah
2023-03-26 19:02:06 [INFO] aiogram: Bot: Notify [@NotifyMeHelperBot]
2023-03-26 19:02:07 [WARNING] aiogram: Updates were skipped successfully.
2023-03-26 19:02:07 [INFO] __main__: Bot commands have been set.
2023-03-26 19:02:07 [DEBUG] bot.db.protection: Checking old reminders completed successfully. Found 0 old reminders.
2023-03-26 19:02:07 [INFO] __main__: Start schedule process.
2023-03-26 19:02:07 [INFO] aiogram.dispatcher.dispatcher: Start polling.
2023-03-26 19:03:53 [DEBUG] bot.handlers.messages: Created reminder for message: 28 в 14.50 проверка
	 chat_id: 1990672413, reminder_id: 8, time: 28/03/2023 11:50, uts: +03:00,
	text: проверка
2023-03-26 19:08:02 [WARNING] __main__: Shutdown dispatcher...
2023-03-26 19:08:02 [INFO] aiogram.dispatcher.dispatcher: Stop polling...
2023-03-26 19:08:02 [WARNING] aiogram: Goodbye!
2023-03-26 21:38:43 [INFO] __main__: Product:
~~~Telegram-bot for quick reminders~~~
VERSION: 1.3.8
LAST_UPDATE: 2023-03-26 21:38:43
The product is not commercial
Developed by Yastrah
GitHub: https://github.com/Yastrah
2023-03-26 21:38:43 [INFO] aiogram: Bot: Notify [@NotifyMeHelperBot]
2023-03-26 21:38:44 [WARNING] aiogram: Updates were skipped successfully.
2023-03-26 21:38:44 [INFO] __main__: Bot commands have been set.
2023-03-26 21:38:44 [DEBUG] bot.db.protection: Checking old reminders completed successfully. Found 0 old reminders.
2023-03-26 21:38:44 [INFO] __main__: Start schedule process.
2023-03-26 21:38:44 [INFO] aiogram.dispatcher.dispatcher: Start polling.
2023-03-26 21:38:48 [ERROR] asyncio: Task exception was never retrieved
future: <Task finished name='Task-10' coro=<Dispatcher._process_polling_updates() done, defined at C:\GitHub\Telegram-bot-Notify\venv\lib\site-packages\aiogram\dispatcher\dispatcher.py:407> exception=KeyError(4)>
Traceback (most recent call last):
  File "C:\GitHub\Telegram-bot-Notify\venv\lib\site-packages\aiogram\dispatcher\dispatcher.py", line 415, in _process_polling_updates
    for responses in itertools.chain.from_iterable(await self.process_updates(updates, fast)):
  File "C:\GitHub\Telegram-bot-Notify\venv\lib\site-packages\aiogram\dispatcher\dispatcher.py", line 235, in process_updates
    return await asyncio.gather(*tasks)
  File "C:\GitHub\Telegram-bot-Notify\venv\lib\site-packages\aiogram\dispatcher\handler.py", line 116, in notify
    response = await handler_obj.handler(*args, **partial_data)
  File "C:\GitHub\Telegram-bot-Notify\venv\lib\site-packages\aiogram\dispatcher\dispatcher.py", line 256, in process_update
    return await self.message_handlers.notify(update.message)
  File "C:\GitHub\Telegram-bot-Notify\venv\lib\site-packages\aiogram\dispatcher\handler.py", line 116, in notify
    response = await handler_obj.handler(*args, **partial_data)
  File "C:\GitHub\Telegram-bot-Notify\bot\handlers\list_of_reminders.py", line 46, in cmd_reminders_list
    previous = data[4]
KeyError: 4
2023-03-26 21:39:02 [WARNING] __main__: Shutdown dispatcher...
2023-03-26 21:39:02 [INFO] aiogram.dispatcher.dispatcher: Stop polling...
2023-03-26 21:39:02 [WARNING] aiogram: Goodbye!
2023-03-26 21:39:04 [INFO] __main__: Product:
~~~Telegram-bot for quick reminders~~~
VERSION: 1.3.8
LAST_UPDATE: 2023-03-26 21:39:04
The product is not commercial
Developed by Yastrah
GitHub: https://github.com/Yastrah
2023-03-26 21:39:05 [INFO] aiogram: Bot: Notify [@NotifyMeHelperBot]
2023-03-26 21:39:05 [WARNING] aiogram: Updates were skipped successfully.
2023-03-26 21:39:05 [INFO] __main__: Bot commands have been set.
2023-03-26 21:39:05 [DEBUG] bot.db.protection: Checking old reminders completed successfully. Found 0 old reminders.
2023-03-26 21:39:05 [INFO] __main__: Start schedule process.
2023-03-26 21:39:05 [INFO] aiogram.dispatcher.dispatcher: Start polling.
2023-03-26 21:48:26 [WARNING] __main__: Shutdown dispatcher...
2023-03-26 21:48:26 [INFO] aiogram.dispatcher.dispatcher: Stop polling...
2023-03-26 21:48:26 [WARNING] aiogram: Goodbye!
2023-03-26 21:54:46 [INFO] __main__: Product:
~~~Telegram-bot for quick reminders~~~
VERSION: 1.3.8
LAST_UPDATE: 2023-03-26 21:54:46
The product is not commercial
Developed by Yastrah
GitHub: https://github.com/Yastrah
2023-03-26 21:54:46 [INFO] aiogram: Bot: Notify [@NotifyMeHelperBot]
2023-03-26 21:54:46 [WARNING] aiogram: Updates were skipped successfully.
2023-03-26 21:54:46 [INFO] __main__: Bot commands have been set.
2023-03-26 21:54:46 [DEBUG] bot.db.protection: Checking old reminders completed successfully. Found 0 old reminders.
2023-03-26 21:54:46 [INFO] __main__: Start schedule process.
2023-03-26 21:54:46 [INFO] aiogram.dispatcher.dispatcher: Start polling.
2023-03-26 21:56:00 [WARNING] __main__: Shutdown dispatcher...
2023-03-26 21:56:00 [INFO] aiogram.dispatcher.dispatcher: Stop polling...
2023-03-26 21:56:00 [WARNING] aiogram: Goodbye!
2023-03-26 21:56:02 [INFO] __main__: Product:
~~~Telegram-bot for quick reminders~~~
VERSION: 1.3.8
LAST_UPDATE: 2023-03-26 21:56:02
The product is not commercial
Developed by Yastrah
GitHub: https://github.com/Yastrah
2023-03-26 21:56:02 [INFO] aiogram: Bot: Notify [@NotifyMeHelperBot]
2023-03-26 21:56:02 [WARNING] aiogram: Updates were skipped successfully.
2023-03-26 21:56:02 [INFO] __main__: Bot commands have been set.
2023-03-26 21:56:02 [DEBUG] bot.db.protection: Checking old reminders completed successfully. Found 0 old reminders.
2023-03-26 21:56:02 [INFO] __main__: Start schedule process.
2023-03-26 21:56:02 [INFO] aiogram.dispatcher.dispatcher: Start polling.
2023-03-26 22:00:50 [WARNING] __main__: Shutdown dispatcher...
2023-03-26 22:00:50 [INFO] aiogram.dispatcher.dispatcher: Stop polling...
2023-03-26 22:00:50 [WARNING] aiogram: Goodbye!
2023-03-26 22:00:52 [INFO] __main__: Product:
~~~Telegram-bot for quick reminders~~~
VERSION: 1.3.8
LAST_UPDATE: 2023-03-26 22:00:52
The product is not commercial
Developed by Yastrah
GitHub: https://github.com/Yastrah
2023-03-26 22:00:52 [INFO] aiogram: Bot: Notify [@NotifyMeHelperBot]
2023-03-26 22:00:52 [WARNING] aiogram: Updates were skipped successfully.
2023-03-26 22:00:52 [INFO] __main__: Bot commands have been set.
2023-03-26 22:00:52 [DEBUG] bot.db.protection: Checking old reminders completed successfully. Found 0 old reminders.
2023-03-26 22:00:52 [INFO] __main__: Start schedule process.
2023-03-26 22:00:52 [INFO] aiogram.dispatcher.dispatcher: Start polling.
2023-03-26 22:02:16 [WARNING] __main__: Shutdown dispatcher...
2023-03-26 22:02:16 [INFO] aiogram.dispatcher.dispatcher: Stop polling...
2023-03-26 22:02:16 [WARNING] aiogram: Goodbye!
2023-03-26 22:02:17 [INFO] __main__: Product:
~~~Telegram-bot for quick reminders~~~
VERSION: 1.3.8
LAST_UPDATE: 2023-03-26 22:02:17
The product is not commercial
Developed by Yastrah
GitHub: https://github.com/Yastrah
2023-03-26 22:02:17 [INFO] aiogram: Bot: Notify [@NotifyMeHelperBot]
2023-03-26 22:02:17 [WARNING] aiogram: Updates were skipped successfully.
2023-03-26 22:02:18 [INFO] __main__: Bot commands have been set.
2023-03-26 22:02:18 [DEBUG] bot.db.protection: Checking old reminders completed successfully. Found 0 old reminders.
2023-03-26 22:02:18 [INFO] __main__: Start schedule process.
2023-03-26 22:02:18 [INFO] aiogram.dispatcher.dispatcher: Start polling.
2023-03-26 22:08:08 [WARNING] __main__: Shutdown dispatcher...
2023-03-26 22:08:08 [INFO] aiogram.dispatcher.dispatcher: Stop polling...
2023-03-26 22:08:08 [WARNING] aiogram: Goodbye!
