2023-02-22 20:15:55 [INFO] __main__: Product:
~~~Telegram-bot for quick reminders~~~
VERSION: 1.1.7
LAST_UPDATE: 2023-02-22 20:15:55
The product is not commercial
Developed by Yastrah
GitHub: https://github.com/Yastrah
2023-02-22 20:15:55 [INFO] aiogram: Bot: Euclid Assistant [@EuclidAssistantBot]
2023-02-22 20:15:55 [WARNING] aiogram: Updates were skipped successfully.
2023-02-22 20:15:55 [INFO] __main__: Bot commands have been set.
2023-02-22 20:15:55 [INFO] __main__: Start schedule process.
2023-02-22 20:15:55 [INFO] aiogram.dispatcher.dispatcher: Start polling.
2023-02-22 20:15:57 [WARNING] __main__: Shutdown dispatcher!!!
2023-02-22 20:15:57 [INFO] aiogram.dispatcher.dispatcher: Stop polling...
2023-02-22 20:15:57 [WARNING] aiogram: Goodbye!
2023-02-22 20:21:57 [INFO] __main__: Product:
~~~Telegram-bot for quick reminders~~~
VERSION: 1.1.7
LAST_UPDATE: 2023-02-22 20:21:57
The product is not commercial
Developed by Yastrah
GitHub: https://github.com/Yastrah
2023-02-22 20:21:58 [INFO] aiogram: Bot: Euclid Assistant [@EuclidAssistantBot]
2023-02-22 20:21:58 [WARNING] aiogram: Updates were skipped successfully.
2023-02-22 20:21:58 [INFO] __main__: Bot commands have been set.
2023-02-22 20:21:58 [INFO] __main__: Start schedule process.
2023-02-22 20:21:58 [INFO] aiogram.dispatcher.dispatcher: Start polling.
2023-02-22 20:23:02 [WARNING] __main__: Shutdown dispatcher!!!
2023-02-22 20:23:02 [INFO] aiogram.dispatcher.dispatcher: Stop polling...
2023-02-22 20:23:02 [WARNING] aiogram: Goodbye!
2023-02-22 20:23:04 [INFO] __main__: Product:
~~~Telegram-bot for quick reminders~~~
VERSION: 1.1.7
LAST_UPDATE: 2023-02-22 20:23:04
The product is not commercial
Developed by Yastrah
GitHub: https://github.com/Yastrah
2023-02-22 20:23:04 [INFO] aiogram: Bot: Euclid Assistant [@EuclidAssistantBot]
2023-02-22 20:23:04 [WARNING] aiogram: Updates were skipped successfully.
2023-02-22 20:23:04 [INFO] __main__: Bot commands have been set.
2023-02-22 20:23:04 [INFO] __main__: Start schedule process.
2023-02-22 20:23:04 [INFO] aiogram.dispatcher.dispatcher: Start polling.
2023-02-22 20:29:43 [WARNING] __main__: Shutdown dispatcher!!!
2023-02-22 20:29:43 [INFO] aiogram.dispatcher.dispatcher: Stop polling...
2023-02-22 20:29:43 [WARNING] aiogram: Goodbye!
2023-02-22 20:29:45 [INFO] __main__: Product:
~~~Telegram-bot for quick reminders~~~
VERSION: 1.1.7
LAST_UPDATE: 2023-02-22 20:29:45
The product is not commercial
Developed by Yastrah
GitHub: https://github.com/Yastrah
2023-02-22 20:29:45 [INFO] aiogram: Bot: Euclid Assistant [@EuclidAssistantBot]
2023-02-22 20:29:45 [WARNING] aiogram: Updates were skipped successfully.
2023-02-22 20:29:45 [INFO] __main__: Bot commands have been set.
2023-02-22 20:29:45 [INFO] __main__: Start schedule process.
2023-02-22 20:29:45 [INFO] aiogram.dispatcher.dispatcher: Start polling.
2023-02-22 20:30:01 [WARNING] __main__: Shutdown dispatcher!!!
2023-02-22 20:30:01 [INFO] aiogram.dispatcher.dispatcher: Stop polling...
2023-02-22 20:30:01 [WARNING] aiogram: Goodbye!
2023-02-22 20:30:04 [INFO] __main__: Product:
~~~Telegram-bot for quick reminders~~~
VERSION: 1.1.7
LAST_UPDATE: 2023-02-22 20:30:04
The product is not commercial
Developed by Yastrah
GitHub: https://github.com/Yastrah
2023-02-22 20:30:04 [INFO] aiogram: Bot: Euclid Assistant [@EuclidAssistantBot]
2023-02-22 20:30:04 [WARNING] aiogram: Updates were skipped successfully.
2023-02-22 20:30:05 [INFO] __main__: Bot commands have been set.
2023-02-22 20:30:05 [INFO] __main__: Start schedule process.
2023-02-22 20:30:05 [INFO] aiogram.dispatcher.dispatcher: Start polling.
2023-02-22 20:30:07 [WARNING] __main__: Shutdown dispatcher!!!
2023-02-22 20:30:07 [INFO] aiogram.dispatcher.dispatcher: Stop polling...
2023-02-22 20:30:07 [WARNING] aiogram: Goodbye!
2023-02-22 20:30:09 [INFO] __main__: Product:
~~~Telegram-bot for quick reminders~~~
VERSION: 1.1.7
LAST_UPDATE: 2023-02-22 20:30:09
The product is not commercial
Developed by Yastrah
GitHub: https://github.com/Yastrah
2023-02-22 20:30:09 [INFO] aiogram: Bot: Euclid Assistant [@EuclidAssistantBot]
2023-02-22 20:30:09 [WARNING] aiogram: Updates were skipped successfully.
2023-02-22 20:30:10 [INFO] __main__: Bot commands have been set.
2023-02-22 20:30:10 [INFO] __main__: Start schedule process.
2023-02-22 20:30:10 [INFO] aiogram.dispatcher.dispatcher: Start polling.
2023-02-22 20:30:23 [WARNING] __main__: Shutdown dispatcher!!!
2023-02-22 20:30:23 [INFO] aiogram.dispatcher.dispatcher: Stop polling...
2023-02-22 20:30:23 [WARNING] aiogram: Goodbye!
2023-02-22 20:30:25 [INFO] __main__: Product:
~~~Telegram-bot for quick reminders~~~
VERSION: 1.1.7
LAST_UPDATE: 2023-02-22 20:30:25
The product is not commercial
Developed by Yastrah
GitHub: https://github.com/Yastrah
2023-02-22 20:30:25 [INFO] aiogram: Bot: Euclid Assistant [@EuclidAssistantBot]
2023-02-22 20:30:25 [WARNING] aiogram: Updates were skipped successfully.
2023-02-22 20:30:25 [INFO] __main__: Bot commands have been set.
2023-02-22 20:30:25 [INFO] __main__: Start schedule process.
2023-02-22 20:30:25 [INFO] aiogram.dispatcher.dispatcher: Start polling.
2023-02-22 20:30:29 [DEBUG] bot.handlers.messages: Reminder handling: can not find date in message: message.text
2023-02-22 20:30:44 [WARNING] __main__: Shutdown dispatcher!!!
2023-02-22 20:30:44 [INFO] aiogram.dispatcher.dispatcher: Stop polling...
2023-02-22 20:30:44 [WARNING] aiogram: Goodbye!
2023-02-22 20:30:45 [INFO] __main__: Product:
~~~Telegram-bot for quick reminders~~~
VERSION: 1.1.7
LAST_UPDATE: 2023-02-22 20:30:45
The product is not commercial
Developed by Yastrah
GitHub: https://github.com/Yastrah
2023-02-22 20:30:46 [INFO] aiogram: Bot: Euclid Assistant [@EuclidAssistantBot]
2023-02-22 20:30:46 [WARNING] aiogram: Updates were skipped successfully.
2023-02-22 20:30:46 [INFO] __main__: Bot commands have been set.
2023-02-22 20:30:46 [INFO] __main__: Start schedule process.
2023-02-22 20:30:46 [INFO] aiogram.dispatcher.dispatcher: Start polling.
2023-02-22 20:32:21 [DEBUG] bot.handlers.messages: Reminder handling: can not find date in message: fr
2023-02-22 20:32:24 [DEBUG] bot.handlers.messages: Reminder handling: can not find date in message: grsyfdsyht
2023-02-22 20:37:02 [WARNING] __main__: Shutdown dispatcher!!!
2023-02-22 20:37:02 [INFO] aiogram.dispatcher.dispatcher: Stop polling...
2023-02-22 20:37:02 [WARNING] aiogram: Goodbye!
2023-02-22 20:37:03 [INFO] __main__: Product:
~~~Telegram-bot for quick reminders~~~
VERSION: 1.1.7
LAST_UPDATE: 2023-02-22 20:37:03
The product is not commercial
Developed by Yastrah
GitHub: https://github.com/Yastrah
2023-02-22 20:37:03 [INFO] aiogram: Bot: Euclid Assistant [@EuclidAssistantBot]
2023-02-22 20:37:04 [WARNING] aiogram: Updates were skipped successfully.
2023-02-22 20:37:04 [INFO] __main__: Bot commands have been set.
2023-02-22 20:37:04 [INFO] __main__: Start schedule process.
2023-02-22 20:37:04 [INFO] aiogram.dispatcher.dispatcher: Start polling.
2023-02-22 20:37:19 [DEBUG] bot.handlers.messages: Reminder handling: can not find date in message: 
2023-02-22 20:40:09 [WARNING] __main__: Shutdown dispatcher!!!
2023-02-22 20:40:09 [INFO] aiogram.dispatcher.dispatcher: Stop polling...
2023-02-22 20:40:09 [WARNING] aiogram: Goodbye!
2023-02-22 20:40:31 [INFO] __main__: Product:
~~~Telegram-bot for quick reminders~~~
VERSION: 1.1.7
LAST_UPDATE: 2023-02-22 20:40:31
The product is not commercial
Developed by Yastrah
GitHub: https://github.com/Yastrah
2023-02-22 20:40:31 [INFO] aiogram: Bot: Euclid Assistant [@EuclidAssistantBot]
2023-02-22 20:40:31 [WARNING] aiogram: Updates were skipped successfully.
2023-02-22 20:40:31 [INFO] __main__: Bot commands have been set.
2023-02-22 20:40:31 [INFO] __main__: Start schedule process.
2023-02-22 20:40:31 [INFO] aiogram.dispatcher.dispatcher: Start polling.
2023-02-22 20:40:38 [DEBUG] bot.handlers.messages: Created reminder for message:   21.32 
	 chat_id: 1990672413, reminder_id: 3, time: 22/02/2023 21:32, text: 
2023-02-22 20:41:34 [WARNING] __main__: Shutdown dispatcher!!!
2023-02-22 20:41:34 [INFO] aiogram.dispatcher.dispatcher: Stop polling...
2023-02-22 20:41:34 [WARNING] aiogram: Goodbye!
2023-02-22 20:46:36 [INFO] __main__: Product:
~~~Telegram-bot for quick reminders~~~
VERSION: 1.1.7
LAST_UPDATE: 2023-02-22 20:46:36
The product is not commercial
Developed by Yastrah
GitHub: https://github.com/Yastrah
2023-02-22 20:46:36 [INFO] aiogram: Bot: Euclid Assistant [@EuclidAssistantBot]
2023-02-22 20:46:36 [WARNING] aiogram: Updates were skipped successfully.
2023-02-22 20:46:36 [INFO] __main__: Bot commands have been set.
2023-02-22 20:46:36 [INFO] __main__: Start schedule process.
2023-02-22 20:46:36 [INFO] aiogram.dispatcher.dispatcher: Start polling.
2023-02-22 20:48:38 [WARNING] __main__: Shutdown dispatcher!!!
2023-02-22 20:48:38 [INFO] aiogram.dispatcher.dispatcher: Stop polling...
2023-02-22 20:48:38 [WARNING] aiogram: Goodbye!
2023-02-22 20:48:43 [INFO] __main__: Product:
~~~Telegram-bot for quick reminders~~~
VERSION: 1.1.7
LAST_UPDATE: 2023-02-22 20:48:43
The product is not commercial
Developed by Yastrah
GitHub: https://github.com/Yastrah
2023-02-22 20:48:44 [INFO] aiogram: Bot: Euclid Assistant [@EuclidAssistantBot]
2023-02-22 20:48:44 [WARNING] aiogram: Updates were skipped successfully.
2023-02-22 20:48:44 [INFO] __main__: Bot commands have been set.
2023-02-22 20:48:44 [INFO] __main__: Start schedule process.
2023-02-22 20:48:44 [INFO] aiogram.dispatcher.dispatcher: Start polling.
2023-02-22 20:49:11 [WARNING] __main__: Shutdown dispatcher!!!
2023-02-22 20:49:11 [INFO] aiogram.dispatcher.dispatcher: Stop polling...
2023-02-22 20:49:11 [WARNING] aiogram: Goodbye!
2023-02-22 20:49:13 [INFO] __main__: Product:
~~~Telegram-bot for quick reminders~~~
VERSION: 1.1.7
LAST_UPDATE: 2023-02-22 20:49:13
The product is not commercial
Developed by Yastrah
GitHub: https://github.com/Yastrah
2023-02-22 20:49:13 [INFO] aiogram: Bot: Euclid Assistant [@EuclidAssistantBot]
2023-02-22 20:49:13 [WARNING] aiogram: Updates were skipped successfully.
2023-02-22 20:49:14 [INFO] __main__: Bot commands have been set.
2023-02-22 20:49:14 [INFO] __main__: Start schedule process.
2023-02-22 20:49:14 [INFO] aiogram.dispatcher.dispatcher: Start polling.
2023-02-22 20:49:27 [WARNING] __main__: Shutdown dispatcher!!!
2023-02-22 20:49:27 [INFO] aiogram.dispatcher.dispatcher: Stop polling...
2023-02-22 20:49:27 [WARNING] aiogram: Goodbye!
2023-02-22 20:49:29 [INFO] __main__: Product:
~~~Telegram-bot for quick reminders~~~
VERSION: 1.1.7
LAST_UPDATE: 2023-02-22 20:49:29
The product is not commercial
Developed by Yastrah
GitHub: https://github.com/Yastrah
2023-02-22 20:49:29 [INFO] aiogram: Bot: Euclid Assistant [@EuclidAssistantBot]
2023-02-22 20:49:29 [WARNING] aiogram: Updates were skipped successfully.
2023-02-22 20:49:29 [INFO] __main__: Bot commands have been set.
2023-02-22 20:49:29 [INFO] __main__: Start schedule process.
2023-02-22 20:49:29 [INFO] aiogram.dispatcher.dispatcher: Start polling.
2023-02-22 20:53:34 [WARNING] __main__: Shutdown dispatcher!!!
2023-02-22 20:53:34 [INFO] aiogram.dispatcher.dispatcher: Stop polling...
2023-02-22 20:53:34 [WARNING] aiogram: Goodbye!
2023-02-22 20:53:36 [INFO] __main__: Product:
~~~Telegram-bot for quick reminders~~~
VERSION: 1.1.7
LAST_UPDATE: 2023-02-22 20:53:36
The product is not commercial
Developed by Yastrah
GitHub: https://github.com/Yastrah
2023-02-22 20:53:36 [INFO] aiogram: Bot: Euclid Assistant [@EuclidAssistantBot]
2023-02-22 20:53:36 [WARNING] aiogram: Updates were skipped successfully.
2023-02-22 20:53:36 [INFO] __main__: Bot commands have been set.
2023-02-22 20:53:36 [INFO] __main__: Start schedule process.
2023-02-22 20:53:36 [INFO] aiogram.dispatcher.dispatcher: Start polling.
2023-02-22 20:58:54 [WARNING] __main__: Shutdown dispatcher!!!
2023-02-22 20:58:54 [INFO] aiogram.dispatcher.dispatcher: Stop polling...
2023-02-22 20:58:54 [WARNING] aiogram: Goodbye!
2023-02-22 20:58:56 [INFO] __main__: Product:
~~~Telegram-bot for quick reminders~~~
VERSION: 1.1.7
LAST_UPDATE: 2023-02-22 20:58:56
The product is not commercial
Developed by Yastrah
GitHub: https://github.com/Yastrah
2023-02-22 20:58:56 [INFO] aiogram: Bot: Euclid Assistant [@EuclidAssistantBot]
2023-02-22 20:58:56 [WARNING] aiogram: Updates were skipped successfully.
2023-02-22 20:58:56 [INFO] __main__: Bot commands have been set.
2023-02-22 20:58:56 [INFO] __main__: Start schedule process.
2023-02-22 20:58:56 [INFO] aiogram.dispatcher.dispatcher: Start polling.
2023-02-22 20:59:01 [DEBUG] bot.handlers.messages: Reminder handling: can not find date in message: ✏️изменить
2023-02-22 20:59:22 [WARNING] __main__: Shutdown dispatcher!!!
2023-02-22 20:59:22 [INFO] aiogram.dispatcher.dispatcher: Stop polling...
2023-02-22 20:59:22 [WARNING] aiogram: Goodbye!
2023-02-22 20:59:34 [INFO] __main__: Product:
~~~Telegram-bot for quick reminders~~~
VERSION: 1.1.7
LAST_UPDATE: 2023-02-22 20:59:34
The product is not commercial
Developed by Yastrah
GitHub: https://github.com/Yastrah
2023-02-22 20:59:34 [INFO] aiogram: Bot: Euclid Assistant [@EuclidAssistantBot]
2023-02-22 20:59:34 [WARNING] aiogram: Updates were skipped successfully.
2023-02-22 20:59:34 [INFO] __main__: Bot commands have been set.
2023-02-22 20:59:34 [INFO] __main__: Start schedule process.
2023-02-22 20:59:34 [INFO] aiogram.dispatcher.dispatcher: Start polling.
2023-02-22 20:59:48 [DEBUG] bot.handlers.messages: Created reminder for message: сегодня в 21.32 опывпткуцнпцукывпаывпаывпывпывпывпп😁
	 chat_id: 1990672413, reminder_id: 4, time: 22/02/2023 21:32, text: опывпткуцнпцукывпаывпаывпывпывпывпп😁
2023-02-22 21:00:06 [INFO] bot.send_reminders: Reminder sent successfully to user 1990672413.
	Text: 
2023-02-22 21:00:06 [INFO] bot.send_reminders: Reminder sent successfully to user 1990672413.
	Text: 
2023-02-22 21:03:44 [WARNING] __main__: Shutdown dispatcher!!!
2023-02-22 21:03:44 [INFO] aiogram.dispatcher.dispatcher: Stop polling...
2023-02-22 21:03:44 [WARNING] aiogram: Goodbye!
2023-02-22 21:03:50 [INFO] __main__: Product:
~~~Telegram-bot for quick reminders~~~
VERSION: 1.1.7
LAST_UPDATE: 2023-02-22 21:03:50
The product is not commercial
Developed by Yastrah
GitHub: https://github.com/Yastrah
2023-02-22 21:03:50 [INFO] aiogram: Bot: Euclid Assistant [@EuclidAssistantBot]
2023-02-22 21:03:50 [WARNING] aiogram: Updates were skipped successfully.
2023-02-22 21:03:50 [INFO] __main__: Bot commands have been set.
2023-02-22 21:03:50 [INFO] __main__: Start schedule process.
2023-02-22 21:03:50 [INFO] aiogram.dispatcher.dispatcher: Start polling.
2023-02-22 21:04:56 [WARNING] __main__: Shutdown dispatcher!!!
2023-02-22 21:04:56 [INFO] aiogram.dispatcher.dispatcher: Stop polling...
2023-02-22 21:04:56 [WARNING] aiogram: Goodbye!
2023-02-22 21:04:58 [INFO] __main__: Product:
~~~Telegram-bot for quick reminders~~~
VERSION: 1.1.7
LAST_UPDATE: 2023-02-22 21:04:58
The product is not commercial
Developed by Yastrah
GitHub: https://github.com/Yastrah
2023-02-22 21:04:59 [INFO] aiogram: Bot: Euclid Assistant [@EuclidAssistantBot]
2023-02-22 21:04:59 [WARNING] aiogram: Updates were skipped successfully.
2023-02-22 21:04:59 [INFO] __main__: Bot commands have been set.
2023-02-22 21:04:59 [INFO] __main__: Start schedule process.
2023-02-22 21:04:59 [INFO] aiogram.dispatcher.dispatcher: Start polling.
2023-02-22 21:05:03 [DEBUG] bot.handlers.messages: Created reminder for message: сегодня в 21.32 опывпткуцнпцукп😁
	 chat_id: 1990672413, reminder_id: 2, time: 22/02/2023 21:32, text: опывпткуцнпцукп😁
2023-02-22 21:05:19 [DEBUG] bot.handlers.messages: Created reminder for message: сегодня в 21.06 опывпткуцнпцукп😁
	 chat_id: 1990672413, reminder_id: 5, time: 22/02/2023 21:06, text: опывпткуцнпцукп😁
2023-02-22 21:06:15 [INFO] bot.send_reminders: Reminder sent successfully to user 1990672413.
	Text: 
2023-02-22 21:07:42 [DEBUG] bot.handlers.messages: Created reminder for message: сегодня в 21.36 проверка undo
	 chat_id: 1990672413, reminder_id: 5, time: 22/02/2023 21:36, text: проверка undo
2023-02-22 21:09:29 [WARNING] __main__: Shutdown dispatcher!!!
2023-02-22 21:09:29 [INFO] aiogram.dispatcher.dispatcher: Stop polling...
2023-02-22 21:09:29 [WARNING] aiogram: Goodbye!
2023-02-22 21:09:31 [INFO] __main__: Product:
~~~Telegram-bot for quick reminders~~~
VERSION: 1.1.7
LAST_UPDATE: 2023-02-22 21:09:31
The product is not commercial
Developed by Yastrah
GitHub: https://github.com/Yastrah
2023-02-22 21:09:33 [INFO] aiogram: Bot: Euclid Assistant [@EuclidAssistantBot]
2023-02-22 21:09:33 [WARNING] aiogram: Updates were skipped successfully.
2023-02-22 21:09:33 [INFO] __main__: Bot commands have been set.
2023-02-22 21:09:33 [INFO] __main__: Start schedule process.
2023-02-22 21:09:33 [INFO] aiogram.dispatcher.dispatcher: Start polling.
2023-02-22 21:13:56 [WARNING] __main__: Shutdown dispatcher!!!
2023-02-22 21:13:56 [INFO] aiogram.dispatcher.dispatcher: Stop polling...
2023-02-22 21:13:56 [WARNING] aiogram: Goodbye!
2023-02-22 21:13:58 [INFO] __main__: Product:
~~~Telegram-bot for quick reminders~~~
VERSION: 1.1.7
LAST_UPDATE: 2023-02-22 21:13:58
The product is not commercial
Developed by Yastrah
GitHub: https://github.com/Yastrah
2023-02-22 21:13:58 [INFO] aiogram: Bot: Euclid Assistant [@EuclidAssistantBot]
2023-02-22 21:13:59 [WARNING] aiogram: Updates were skipped successfully.
2023-02-22 21:13:59 [INFO] __main__: Bot commands have been set.
2023-02-22 21:13:59 [INFO] __main__: Start schedule process.
2023-02-22 21:13:59 [INFO] aiogram.dispatcher.dispatcher: Start polling.
2023-02-22 21:14:05 [DEBUG] bot.handlers.delete_reminder: Deleted chat id 1990672413 reminder with id: 5
2023-02-22 21:14:57 [DEBUG] bot.handlers.messages: Reminder handling: can not find date in message: ✏️изменить
2023-02-22 21:15:10 [WARNING] __main__: Shutdown dispatcher!!!
2023-02-22 21:15:10 [INFO] aiogram.dispatcher.dispatcher: Stop polling...
2023-02-22 21:15:10 [WARNING] aiogram: Goodbye!
